#
# There is insufficient memory for the Java Runtime Environment to continue.
# Native memory allocation (mmap) failed to map 65536 bytes for Failed to commit metaspace.
# Possible reasons:
#   The system is out of physical RAM or swap space
#   The process is running with CompressedOops enabled, and the Java Heap may be blocking the growth of the native heap
# Possible solutions:
#   Reduce memory load on the system
#   Increase physical memory or swap space
#   Check if swap backing store is full
#   Decrease Java heap size (-Xmx/-Xms)
#   Decrease number of Java threads
#   Decrease Java thread stack sizes (-Xss)
#   Set larger code cache with -XX:ReservedCodeCacheSize=
#   JVM is running with Zero Based Compressed Oops mode in which the Java heap is
#     placed in the first 32GB address space. The Java Heap base address is the
#     maximum limit for the native heap growth. Please use -XX:HeapBaseMinAddress
#     to set the Java Heap base and to place the Java Heap above 32GB virtual address.
# This output file may be truncated or incomplete.
#
#  Out of Memory Error (virtualSpaceNode.cpp:110), pid=2180, tid=15224
#
# JRE version: OpenJDK Runtime Environment Microsoft-8902769 (17.0.10+7) (build 17.0.10+7-LTS)
# Java VM: OpenJDK 64-Bit Server VM Microsoft-8902769 (17.0.10+7-LTS, mixed mode, sharing, tiered, compressed oops, compressed class ptrs, g1 gc, windows-amd64)
# No core dump will be written. Minidumps are not enabled by default on client versions of Windows
#

---------------  S U M M A R Y ------------

Command Line: -Dfile.encoding=utf8 c:\Users\user\.vscode\extensions\vscjava.vscode-gradle-3.13.5\lib\gradle-language-server.jar

Host: Intel(R) Core(TM) i3-8100 CPU @ 3.60GHz, 4 cores, 11G,  Windows 10 , 64 bit Build 19041 (10.0.19041.3636)
Time: Wed May  8 15:47:10 2024 India Standard Time elapsed time: 0.755739 seconds (0d 0h 0m 0s)

---------------  T H R E A D  ---------------

Current thread (0x000001d8c163d6d0):  JavaThread "main" [_thread_in_vm, id=15224, stack(0x000000335a700000,0x000000335a800000)]

Stack: [0x000000335a700000,0x000000335a800000]
Native frames: (J=compiled Java code, j=interpreted, Vv=VM code, C=native code)
V  [jvm.dll+0x67f829]
V  [jvm.dll+0x83750a]
V  [jvm.dll+0x838fce]
V  [jvm.dll+0x839633]
V  [jvm.dll+0x247cbf]
V  [jvm.dll+0x8331cb]
V  [jvm.dll+0x624286]
V  [jvm.dll+0x6242ea]
V  [jvm.dll+0x626b1a]
V  [jvm.dll+0x624c26]
V  [jvm.dll+0x23c20f]
V  [jvm.dll+0x62ead5]
V  [jvm.dll+0x1eba6b]
V  [jvm.dll+0x1ebfa5]
V  [jvm.dll+0x1eca60]
V  [jvm.dll+0x1e1e61]
V  [jvm.dll+0x544cee]
V  [jvm.dll+0x1f28a7]
V  [jvm.dll+0x7b098b]
V  [jvm.dll+0x7b1d5c]
V  [jvm.dll+0x7b25d3]
V  [jvm.dll+0x1ecd14]
V  [jvm.dll+0x1e1e7a]
V  [jvm.dll+0x544cee]
V  [jvm.dll+0x1f28a7]
V  [jvm.dll+0x7b098b]
V  [jvm.dll+0x7b1d5c]
V  [jvm.dll+0x7b25d3]
V  [jvm.dll+0x1ecd14]
V  [jvm.dll+0x1e1e7a]
V  [jvm.dll+0x544cee]
V  [jvm.dll+0x1f28a7]
V  [jvm.dll+0x7b098b]
V  [jvm.dll+0x7b1d5c]
V  [jvm.dll+0x7b20a8]
V  [jvm.dll+0x23ff8e]
V  [jvm.dll+0x2401df]
V  [jvm.dll+0x562fc8]
V  [jvm.dll+0x565ec7]
V  [jvm.dll+0x388b92]
V  [jvm.dll+0x3881ff]
C  0x000001d8d06aa519

The last pc belongs to invokestatic (printed below).
Java frames: (J=compiled Java code, j=interpreted, Vv=VM code)
j  jdk.internal.icu.impl.NormalizerImpl.load(Ljava/nio/ByteBuffer;)Ljdk/internal/icu/impl/NormalizerImpl;+214 java.base@17.0.10
j  jdk.internal.icu.impl.NormalizerImpl.load(Ljava/lang/String;)Ljdk/internal/icu/impl/NormalizerImpl;+5 java.base@17.0.10
j  jdk.internal.icu.impl.Norm2AllModes$Norm2AllModesSingleton.<init>(Ljava/lang/String;)V+37 java.base@17.0.10
j  jdk.internal.icu.impl.Norm2AllModes$NFKCSingleton.<clinit>()V+6 java.base@17.0.10
v  ~StubRoutines::call_stub
j  jdk.internal.icu.impl.Norm2AllModes.getNFKCInstance()Ljdk/internal/icu/impl/Norm2AllModes;+0 java.base@17.0.10
j  jdk.internal.icu.text.Normalizer2.getNFKDInstance()Ljdk/internal/icu/text/Normalizer2;+0 java.base@17.0.10
j  jdk.internal.icu.text.NormalizerBase$NFKDModeImpl.<clinit>()V+4 java.base@17.0.10
v  ~StubRoutines::call_stub
j  jdk.internal.icu.text.NormalizerBase$NFKDMode.getNormalizer2(I)Ljdk/internal/icu/text/Normalizer2;+16 java.base@17.0.10
j  jdk.internal.icu.text.NormalizerBase.normalize(Ljava/lang/String;Ljdk/internal/icu/text/NormalizerBase$Mode;I)Ljava/lang/String;+2 java.base@17.0.10
j  jdk.internal.icu.text.NormalizerBase.normalize(Ljava/lang/String;Ljava/text/Normalizer$Form;)Ljava/lang/String;+6 java.base@17.0.10
j  java.text.Normalizer.normalize(Ljava/lang/CharSequence;Ljava/text/Normalizer$Form;)Ljava/lang/String;+7 java.base@17.0.10
j  sun.security.x509.AVA.toRFC2253CanonicalString()Ljava/lang/String;+386 java.base@17.0.10
j  sun.security.x509.RDN.toRFC2253StringInternal(ZLjava/util/Map;)Ljava/lang/String;+19 java.base@17.0.10
j  sun.security.x509.RDN.toRFC2253String(Z)Ljava/lang/String;+27 java.base@17.0.10
j  sun.security.x509.X500Name.getRFC2253CanonicalName()Ljava/lang/String;+61 java.base@17.0.10
j  sun.security.x509.X500Name.equals(Ljava/lang/Object;)Z+115 java.base@17.0.10
j  sun.security.pkcs.PKCS7.getCertificate(Ljava/math/BigInteger;Lsun/security/x509/X500Name;)Ljava/security/cert/X509Certificate;+60 java.base@17.0.10
j  sun.security.pkcs.SignerInfo.getCertificate(Lsun/security/pkcs/PKCS7;)Ljava/security/cert/X509Certificate;+9 java.base@17.0.10
j  sun.security.pkcs.SignerInfo.verify(Lsun/security/pkcs/PKCS7;[B)Lsun/security/pkcs/SignerInfo;+422 java.base@17.0.10
j  sun.security.pkcs.PKCS7.verify(Lsun/security/pkcs/SignerInfo;[B)Lsun/security/pkcs/SignerInfo;+3 java.base@17.0.10
j  sun.security.pkcs.PKCS7.verify([B)[Lsun/security/pkcs/SignerInfo;+27 java.base@17.0.10
j  sun.security.pkcs.SignerInfo.getTimestamp()Ljava/security/Timestamp;+45 java.base@17.0.10
j  sun.security.pkcs.SignerInfo.verify(Lsun/security/pkcs/PKCS7;[B)Lsun/security/pkcs/SignerInfo;+3 java.base@17.0.10
j  sun.security.pkcs.PKCS7.verify(Lsun/security/pkcs/SignerInfo;[B)Lsun/security/pkcs/SignerInfo;+3 java.base@17.0.10
j  sun.security.pkcs.PKCS7.verify([B)[Lsun/security/pkcs/SignerInfo;+27 java.base@17.0.10
j  sun.security.util.SignatureFileVerifier.processImpl(Ljava/util/Hashtable;Ljava/util/List;Ljava/lang/String;)V+62 java.base@17.0.10
j  sun.security.util.SignatureFileVerifier.process(Ljava/util/Hashtable;Ljava/util/List;Ljava/lang/String;)V+12 java.base@17.0.10
j  java.util.jar.JarVerifier.processEntry(Lsun/security/util/ManifestEntryVerifier;)V+397 java.base@17.0.10
j  java.util.jar.JarVerifier.update(I[BIILsun/security/util/ManifestEntryVerifier;)V+39 java.base@17.0.10
j  java.util.jar.JarFile.initializeVerifier()V+164 java.base@17.0.10
j  java.util.jar.JarFile.ensureInitialization()V+41 java.base@17.0.10
j  java.util.jar.JavaUtilJarAccessImpl.ensureInitialization(Ljava/util/jar/JarFile;)V+1 java.base@17.0.10
j  jdk.internal.loader.URLClassPath$JarLoader$2.getManifest()Ljava/util/jar/Manifest;+10 java.base@17.0.10
j  jdk.internal.loader.BuiltinClassLoader.defineClass(Ljava/lang/String;Ljdk/internal/loader/Resource;)Ljava/lang/Class;+29 java.base@17.0.10
j  jdk.internal.loader.BuiltinClassLoader.findClassOnClassPathOrNull(Ljava/lang/String;)Ljava/lang/Class;+37 java.base@17.0.10
j  jdk.internal.loader.BuiltinClassLoader.loadClassOrNull(Ljava/lang/String;Z)Ljava/lang/Class;+111 java.base@17.0.10
j  jdk.internal.loader.BuiltinClassLoader.loadClass(Ljava/lang/String;Z)Ljava/lang/Class;+3 java.base@17.0.10
j  jdk.internal.loader.ClassLoaders$AppClassLoader.loadClass(Ljava/lang/String;Z)Ljava/lang/Class;+36 java.base@17.0.10
j  java.lang.ClassLoader.loadClass(Ljava/lang/String;)Ljava/lang/Class;+3 java.base@17.0.10
v  ~StubRoutines::call_stub
j  java.lang.ClassLoader.defineClass1(Ljava/lang/ClassLoader;Ljava/lang/String;[BIILjava/security/ProtectionDomain;Ljava/lang/String;)Ljava/lang/Class;+0 java.base@17.0.10
j  java.lang.ClassLoader.defineClass(Ljava/lang/String;[BIILjava/security/ProtectionDomain;)Ljava/lang/Class;+27 java.base@17.0.10
j  java.security.SecureClassLoader.defineClass(Ljava/lang/String;[BIILjava/security/CodeSource;)Ljava/lang/Class;+12 java.base@17.0.10
j  jdk.internal.loader.BuiltinClassLoader.defineClass(Ljava/lang/String;Ljdk/internal/loader/Resource;)Ljava/lang/Class;+117 java.base@17.0.10
j  jdk.internal.loader.BuiltinClassLoader.findClassOnClassPathOrNull(Ljava/lang/String;)Ljava/lang/Class;+37 java.base@17.0.10
j  jdk.internal.loader.BuiltinClassLoader.loadClassOrNull(Ljava/lang/String;Z)Ljava/lang/Class;+111 java.base@17.0.10
j  jdk.internal.loader.BuiltinClassLoader.loadClass(Ljava/lang/String;Z)Ljava/lang/Class;+3 java.base@17.0.10
j  jdk.internal.loader.ClassLoaders$AppClassLoader.loadClass(Ljava/lang/String;Z)Ljava/lang/Class;+36 java.base@17.0.10
j  java.lang.ClassLoader.loadClass(Ljava/lang/String;)Ljava/lang/Class;+3 java.base@17.0.10
v  ~StubRoutines::call_stub
j  java.lang.Class.forName0(Ljava/lang/String;ZLjava/lang/ClassLoader;Ljava/lang/Class;)Ljava/lang/Class;+0 java.base@17.0.10
j  java.lang.Class.forName(Ljava/lang/String;ZLjava/lang/ClassLoader;)Ljava/lang/Class;+43 java.base@17.0.10
j  sun.launcher.LauncherHelper.loadMainClass(ILjava/lang/String;)Ljava/lang/Class;+95 java.base@17.0.10
j  sun.launcher.LauncherHelper.checkAndLoadMain(ZILjava/lang/String;)Ljava/lang/Class;+42 java.base@17.0.10
v  ~StubRoutines::call_stub
invokestatic  184 invokestatic  [0x000001d8d06aa460, 0x000001d8d06aa720]  704 bytes
[MachCode]
  0x000001d8d06aa460: 4883 ec08 | c5fa 1104 | 24eb 1f48 | 83ec 10c5 | fb11 0424 | eb14 4883 | ec10 4889 | 0424 48c7 
  0x000001d8d06aa480: 4424 0800 | 0000 00eb | 0150 4c89 | 6dc0 410f | b755 0148 | 8b4d d0c1 | e202 8b5c | d120 c1eb 
  0x000001d8d06aa4a0: 1081 e3ff | 0000 0081 | fbb8 0000 | 000f 84b6 | 0000 00bb | b800 0000 | e805 0000 | 00e9 9b00 
  0x000001d8d06aa4c0: 0000 488b | d348 8d44 | 2408 4c89 | 6dc0 498b | cfc5 f877 | 4989 afa8 | 0200 0049 | 8987 9802 
  0x000001d8d06aa4e0: 0000 4883 | ec20 f7c4 | 0f00 0000 | 0f84 1a00 | 0000 4883 | ec08 49ba | 9081 a319 | fc7f 0000 
  0x000001d8d06aa500: 41ff d248 | 83c4 08e9 | 0d00 0000 | 49ba 9081 | a319 fc7f | 0000 41ff | d248 83c4 | 2049 c787 
  0x000001d8d06aa520: 9802 0000 | 0000 0000 | 49c7 87a8 | 0200 0000 | 0000 0049 | c787 a002 | 0000 0000 | 0000 c5f8 
  0x000001d8d06aa540: 7749 817f | 0800 0000 | 000f 8405 | 0000 00e9 | ac69 feff | 4c8b 6dc0 | 4c8b 75c8 | c341 0fb7 
  0x000001d8d06aa560: 5501 488b | 4dd0 c1e2 | 0248 8b5c | d128 488b | 5b08 488b | 5b08 488b | 5b18 80bb | 3301 0000 
  0x000001d8d06aa580: 040f 840d | 0000 004c | 3bbb 3801 | 0000 0f85 | 1fff ffff | 488b 5cd1 | 288b 54d1 | 38c1 ea1c 
  0x000001d8d06aa5a0: 49ba 6091 | 251a fc7f | 0000 498b | 14d2 5248 | 8b45 d848 | 85c0 0f84 | 1200 0000 | 4883 4008 
  0x000001d8d06aa5c0: 0148 8358 | 0800 4883 | c010 4889 | 45d8 488b | 45d8 4885 | c00f 8435 | 0100 0080 | 78f0 0a0f 
  0x000001d8d06aa5e0: 852b 0100 | 0048 83c0 | 084c 8b68 | f841 83ed | 0041 83fd | 020f 8c0a | 0100 004c | 8b6b 0845 
  0x000001d8d06aa600: 0fb7 6d2c | 4c2b 2841 | 83ed 014e | 8b6c ec08 | 4d85 ed75 | 0748 8348 | 0801 eb53 | 458b 6d08 
  0x000001d8d06aa620: 49ba 0000 | 00e2 d801 | 0000 4d03 | ea4c 3368 | 0849 f7c5 | fcff ffff | 7435 49f7 | c502 0000 
  0x000001d8d06aa640: 0075 2c48 | 8178 0800 | 0000 0074 | 1e48 8178 | 0801 0000 | 0074 144c | 3368 0849 | f7c5 fcff 
  0x000001d8d06aa660: ffff 740b | 4883 4808 | 02eb 044c | 8968 0848 | 83c0 104c | 8b68 e841 | 83ed 0241 | 83fd 020f 
  0x000001d8d06aa680: 8c80 0000 | 004c 8b6b | 0845 0fb7 | 6d2c 4c2b | 2841 83ed | 014e 8b6c | ec08 4d85 | ed75 0748 
  0x000001d8d06aa6a0: 8348 0801 | eb53 458b | 6d08 49ba | 0000 00e2 | d801 0000 | 4d03 ea4c | 3368 0849 | f7c5 fcff 
  0x000001d8d06aa6c0: ffff 7435 | 49f7 c502 | 0000 0075 | 2c48 8178 | 0800 0000 | 0074 1e48 | 8178 0801 | 0000 0074 
  0x000001d8d06aa6e0: 144c 3368 | 0849 f7c5 | fcff ffff | 740b 4883 | 4808 02eb | 044c 8968 | 0848 83c0 | 104c 8b68 
  0x000001d8d06aa700: d841 83ed | 0441 c1e5 | 0349 03c5 | 4889 45d8 | 4c8d 6c24 | 084c 896d | f0ff 6350 | 0f1f 4000 
[/MachCode]

---------------  P R O C E S S  ---------------

Threads class SMR info:
_java_thread_list=0x000001d8e1858a20, length=12, elements={
0x000001d8c163d6d0, 0x000001d8e169b180, 0x000001d8e169c000, 0x000001d8e16b3240,
0x000001d8e16b3fd0, 0x000001d8e16b7ab0, 0x000001d8e16b8470, 0x000001d8e16b9160,
0x000001d8e1828050, 0x000001d8e1828a60, 0x000001d8e187c4a0, 0x000001d8e1880c30
}

Java Threads: ( => current thread )
=>0x000001d8c163d6d0 JavaThread "main" [_thread_in_vm, id=15224, stack(0x000000335a700000,0x000000335a800000)]
  0x000001d8e169b180 JavaThread "Reference Handler" daemon [_thread_blocked, id=8600, stack(0x000000335af00000,0x000000335b000000)]
  0x000001d8e169c000 JavaThread "Finalizer" daemon [_thread_blocked, id=11988, stack(0x000000335b000000,0x000000335b100000)]
  0x000001d8e16b3240 JavaThread "Signal Dispatcher" daemon [_thread_blocked, id=9152, stack(0x000000335b100000,0x000000335b200000)]
  0x000001d8e16b3fd0 JavaThread "Attach Listener" daemon [_thread_blocked, id=10476, stack(0x000000335b200000,0x000000335b300000)]
  0x000001d8e16b7ab0 JavaThread "Service Thread" daemon [_thread_blocked, id=8620, stack(0x000000335b300000,0x000000335b400000)]
  0x000001d8e16b8470 JavaThread "Monitor Deflation Thread" daemon [_thread_blocked, id=1616, stack(0x000000335b400000,0x000000335b500000)]
  0x000001d8e16b9160 JavaThread "C2 CompilerThread0" daemon [_thread_blocked, id=2780, stack(0x000000335b500000,0x000000335b600000)]
  0x000001d8e1828050 JavaThread "C1 CompilerThread0" daemon [_thread_blocked, id=14800, stack(0x000000335b600000,0x000000335b700000)]
  0x000001d8e1828a60 JavaThread "Sweeper thread" daemon [_thread_blocked, id=11896, stack(0x000000335b700000,0x000000335b800000)]
  0x000001d8e187c4a0 JavaThread "Notification Thread" daemon [_thread_blocked, id=8964, stack(0x000000335b800000,0x000000335b900000)]
  0x000001d8e1880c30 JavaThread "Common-Cleaner" daemon [_thread_blocked, id=13432, stack(0x000000335ba00000,0x000000335bb00000)]

Other Threads:
  0x000001d8e1696ee0 VMThread "VM Thread" [stack: 0x000000335ae00000,0x000000335af00000] [id=10520]
  0x000001d8e187c980 WatcherThread [stack: 0x000000335b900000,0x000000335ba00000] [id=14252]
  0x000001d8c1695860 GCTaskThread "GC Thread#0" [stack: 0x000000335a900000,0x000000335aa00000] [id=14648]
  0x000001d8c16a24c0 ConcurrentGCThread "G1 Main Marker" [stack: 0x000000335aa00000,0x000000335ab00000] [id=14960]
  0x000001d8c16a2ee0 ConcurrentGCThread "G1 Conc#0" [stack: 0x000000335ab00000,0x000000335ac00000] [id=11840]
  0x000001d8c16fe8a0 ConcurrentGCThread "G1 Refine#0" [stack: 0x000000335ac00000,0x000000335ad00000] [id=4856]
  0x000001d8e1552400 ConcurrentGCThread "G1 Service" [stack: 0x000000335ad00000,0x000000335ae00000] [id=2572]

Threads with active compile tasks:

VM state: not at safepoint (normal execution)

VM Mutex/Monitor currently owned by a thread:  ([mutex/lock_event])
[0x000001d8bf5a49a0] Metaspace_lock - owner thread: 0x000001d8c163d6d0

Heap address: 0x0000000742e00000, size: 3026 MB, Compressed Oops mode: Zero based, Oop shift amount: 3

CDS archive(s) mapped at: [0x000001d8e2000000-0x000001d8e2bb0000-0x000001d8e2bb0000), size 12255232, SharedBaseAddress: 0x000001d8e2000000, ArchiveRelocationMode: 1.
Compressed class space mapped at: 0x000001d8e3000000-0x000001d923000000, reserved size: 1073741824
Narrow klass base: 0x000001d8e2000000, Narrow klass shift: 0, Narrow klass range: 0x100000000

GC Precious Log:
 CPUs: 4 total, 4 available
 Memory: 12102M
 Large Page Support: Disabled
 NUMA Support: Disabled
 Compressed Oops: Enabled (Zero based)
 Heap Region Size: 2M
 Heap Min Capacity: 8M
 Heap Initial Capacity: 190M
 Heap Max Capacity: 3026M
 Pre-touch: Disabled
 Parallel Workers: 4
 Concurrent Workers: 1
 Concurrent Refinement Workers: 4
 Periodic GC: Disabled

Heap:
 garbage-first heap   total 194560K, used 4096K [0x0000000742e00000, 0x0000000800000000)
  region size 2048K, 3 young (6144K), 0 survivors (0K)
 Metaspace       used 1913K, committed 2048K, reserved 1114112K
  class space    used 180K, committed 256K, reserved 1048576K

Heap Regions: E=young(eden), S=young(survivor), O=old, HS=humongous(starts), HC=humongous(continues), CS=collection set, F=free, OA=open archive, CA=closed archive, TAMS=top-at-mark-start (previous, next)
|   0|0x0000000742e00000, 0x0000000742e00000, 0x0000000743000000|  0%| F|  |TAMS 0x0000000742e00000, 0x0000000742e00000| Untracked 
|   1|0x0000000743000000, 0x0000000743000000, 0x0000000743200000|  0%| F|  |TAMS 0x0000000743000000, 0x0000000743000000| Untracked 
|   2|0x0000000743200000, 0x0000000743200000, 0x0000000743400000|  0%| F|  |TAMS 0x0000000743200000, 0x0000000743200000| Untracked 
|   3|0x0000000743400000, 0x0000000743400000, 0x0000000743600000|  0%| F|  |TAMS 0x0000000743400000, 0x0000000743400000| Untracked 
|   4|0x0000000743600000, 0x0000000743600000, 0x0000000743800000|  0%| F|  |TAMS 0x0000000743600000, 0x0000000743600000| Untracked 
|   5|0x0000000743800000, 0x0000000743800000, 0x0000000743a00000|  0%| F|  |TAMS 0x0000000743800000, 0x0000000743800000| Untracked 
|   6|0x0000000743a00000, 0x0000000743a00000, 0x0000000743c00000|  0%| F|  |TAMS 0x0000000743a00000, 0x0000000743a00000| Untracked 
|   7|0x0000000743c00000, 0x0000000743c00000, 0x0000000743e00000|  0%| F|  |TAMS 0x0000000743c00000, 0x0000000743c00000| Untracked 
|   8|0x0000000743e00000, 0x0000000743e00000, 0x0000000744000000|  0%| F|  |TAMS 0x0000000743e00000, 0x0000000743e00000| Untracked 
|   9|0x0000000744000000, 0x0000000744000000, 0x0000000744200000|  0%| F|  |TAMS 0x0000000744000000, 0x0000000744000000| Untracked 
|  10|0x0000000744200000, 0x0000000744200000, 0x0000000744400000|  0%| F|  |TAMS 0x0000000744200000, 0x0000000744200000| Untracked 
|  11|0x0000000744400000, 0x0000000744400000, 0x0000000744600000|  0%| F|  |TAMS 0x0000000744400000, 0x0000000744400000| Untracked 
|  12|0x0000000744600000, 0x0000000744600000, 0x0000000744800000|  0%| F|  |TAMS 0x0000000744600000, 0x0000000744600000| Untracked 
|  13|0x0000000744800000, 0x0000000744800000, 0x0000000744a00000|  0%| F|  |TAMS 0x0000000744800000, 0x0000000744800000| Untracked 
|  14|0x0000000744a00000, 0x0000000744a00000, 0x0000000744c00000|  0%| F|  |TAMS 0x0000000744a00000, 0x0000000744a00000| Untracked 
|  15|0x0000000744c00000, 0x0000000744c00000, 0x0000000744e00000|  0%| F|  |TAMS 0x0000000744c00000, 0x0000000744c00000| Untracked 
|  16|0x0000000744e00000, 0x0000000744e00000, 0x0000000745000000|  0%| F|  |TAMS 0x0000000744e00000, 0x0000000744e00000| Untracked 
|  17|0x0000000745000000, 0x0000000745000000, 0x0000000745200000|  0%| F|  |TAMS 0x0000000745000000, 0x0000000745000000| Untracked 
|  18|0x0000000745200000, 0x0000000745200000, 0x0000000745400000|  0%| F|  |TAMS 0x0000000745200000, 0x0000000745200000| Untracked 
|  19|0x0000000745400000, 0x0000000745400000, 0x0000000745600000|  0%| F|  |TAMS 0x0000000745400000, 0x0000000745400000| Untracked 
|  20|0x0000000745600000, 0x0000000745600000, 0x0000000745800000|  0%| F|  |TAMS 0x0000000745600000, 0x0000000745600000| Untracked 
|  21|0x0000000745800000, 0x0000000745800000, 0x0000000745a00000|  0%| F|  |TAMS 0x0000000745800000, 0x0000000745800000| Untracked 
|  22|0x0000000745a00000, 0x0000000745a00000, 0x0000000745c00000|  0%| F|  |TAMS 0x0000000745a00000, 0x0000000745a00000| Untracked 
|  23|0x0000000745c00000, 0x0000000745c00000, 0x0000000745e00000|  0%| F|  |TAMS 0x0000000745c00000, 0x0000000745c00000| Untracked 
|  24|0x0000000745e00000, 0x0000000745e00000, 0x0000000746000000|  0%| F|  |TAMS 0x0000000745e00000, 0x0000000745e00000| Untracked 
|  25|0x0000000746000000, 0x0000000746000000, 0x0000000746200000|  0%| F|  |TAMS 0x0000000746000000, 0x0000000746000000| Untracked 
|  26|0x0000000746200000, 0x0000000746200000, 0x0000000746400000|  0%| F|  |TAMS 0x0000000746200000, 0x0000000746200000| Untracked 
|  27|0x0000000746400000, 0x0000000746400000, 0x0000000746600000|  0%| F|  |TAMS 0x0000000746400000, 0x0000000746400000| Untracked 
|  28|0x0000000746600000, 0x0000000746600000, 0x0000000746800000|  0%| F|  |TAMS 0x0000000746600000, 0x0000000746600000| Untracked 
|  29|0x0000000746800000, 0x0000000746800000, 0x0000000746a00000|  0%| F|  |TAMS 0x0000000746800000, 0x0000000746800000| Untracked 
|  30|0x0000000746a00000, 0x0000000746a00000, 0x0000000746c00000|  0%| F|  |TAMS 0x0000000746a00000, 0x0000000746a00000| Untracked 
|  31|0x0000000746c00000, 0x0000000746c00000, 0x0000000746e00000|  0%| F|  |TAMS 0x0000000746c00000, 0x0000000746c00000| Untracked 
|  32|0x0000000746e00000, 0x0000000746e00000, 0x0000000747000000|  0%| F|  |TAMS 0x0000000746e00000, 0x0000000746e00000| Untracked 
|  33|0x0000000747000000, 0x0000000747000000, 0x0000000747200000|  0%| F|  |TAMS 0x0000000747000000, 0x0000000747000000| Untracked 
|  34|0x0000000747200000, 0x0000000747200000, 0x0000000747400000|  0%| F|  |TAMS 0x0000000747200000, 0x0000000747200000| Untracked 
|  35|0x0000000747400000, 0x0000000747400000, 0x0000000747600000|  0%| F|  |TAMS 0x0000000747400000, 0x0000000747400000| Untracked 
|  36|0x0000000747600000, 0x0000000747600000, 0x0000000747800000|  0%| F|  |TAMS 0x0000000747600000, 0x0000000747600000| Untracked 
|  37|0x0000000747800000, 0x0000000747800000, 0x0000000747a00000|  0%| F|  |TAMS 0x0000000747800000, 0x0000000747800000| Untracked 
|  38|0x0000000747a00000, 0x0000000747a00000, 0x0000000747c00000|  0%| F|  |TAMS 0x0000000747a00000, 0x0000000747a00000| Untracked 
|  39|0x0000000747c00000, 0x0000000747c00000, 0x0000000747e00000|  0%| F|  |TAMS 0x0000000747c00000, 0x0000000747c00000| Untracked 
|  40|0x0000000747e00000, 0x0000000747e00000, 0x0000000748000000|  0%| F|  |TAMS 0x0000000747e00000, 0x0000000747e00000| Untracked 
|  41|0x0000000748000000, 0x0000000748000000, 0x0000000748200000|  0%| F|  |TAMS 0x0000000748000000, 0x0000000748000000| Untracked 
|  42|0x0000000748200000, 0x0000000748200000, 0x0000000748400000|  0%| F|  |TAMS 0x0000000748200000, 0x0000000748200000| Untracked 
|  43|0x0000000748400000, 0x0000000748400000, 0x0000000748600000|  0%| F|  |TAMS 0x0000000748400000, 0x0000000748400000| Untracked 
|  44|0x0000000748600000, 0x0000000748600000, 0x0000000748800000|  0%| F|  |TAMS 0x0000000748600000, 0x0000000748600000| Untracked 
|  45|0x0000000748800000, 0x0000000748800000, 0x0000000748a00000|  0%| F|  |TAMS 0x0000000748800000, 0x0000000748800000| Untracked 
|  46|0x0000000748a00000, 0x0000000748a00000, 0x0000000748c00000|  0%| F|  |TAMS 0x0000000748a00000, 0x0000000748a00000| Untracked 
|  47|0x0000000748c00000, 0x0000000748c00000, 0x0000000748e00000|  0%| F|  |TAMS 0x0000000748c00000, 0x0000000748c00000| Untracked 
|  48|0x0000000748e00000, 0x0000000748e00000, 0x0000000749000000|  0%| F|  |TAMS 0x0000000748e00000, 0x0000000748e00000| Untracked 
|  49|0x0000000749000000, 0x0000000749000000, 0x0000000749200000|  0%| F|  |TAMS 0x0000000749000000, 0x0000000749000000| Untracked 
|  50|0x0000000749200000, 0x0000000749200000, 0x0000000749400000|  0%| F|  |TAMS 0x0000000749200000, 0x0000000749200000| Untracked 
|  51|0x0000000749400000, 0x0000000749400000, 0x0000000749600000|  0%| F|  |TAMS 0x0000000749400000, 0x0000000749400000| Untracked 
|  52|0x0000000749600000, 0x0000000749600000, 0x0000000749800000|  0%| F|  |TAMS 0x0000000749600000, 0x0000000749600000| Untracked 
|  53|0x0000000749800000, 0x0000000749800000, 0x0000000749a00000|  0%| F|  |TAMS 0x0000000749800000, 0x0000000749800000| Untracked 
|  54|0x0000000749a00000, 0x0000000749a00000, 0x0000000749c00000|  0%| F|  |TAMS 0x0000000749a00000, 0x0000000749a00000| Untracked 
|  55|0x0000000749c00000, 0x0000000749c00000, 0x0000000749e00000|  0%| F|  |TAMS 0x0000000749c00000, 0x0000000749c00000| Untracked 
|  56|0x0000000749e00000, 0x0000000749e00000, 0x000000074a000000|  0%| F|  |TAMS 0x0000000749e00000, 0x0000000749e00000| Untracked 
|  57|0x000000074a000000, 0x000000074a000000, 0x000000074a200000|  0%| F|  |TAMS 0x000000074a000000, 0x000000074a000000| Untracked 
|  58|0x000000074a200000, 0x000000074a200000, 0x000000074a400000|  0%| F|  |TAMS 0x000000074a200000, 0x000000074a200000| Untracked 
|  59|0x000000074a400000, 0x000000074a400000, 0x000000074a600000|  0%| F|  |TAMS 0x000000074a400000, 0x000000074a400000| Untracked 
|  60|0x000000074a600000, 0x000000074a600000, 0x000000074a800000|  0%| F|  |TAMS 0x000000074a600000, 0x000000074a600000| Untracked 
|  61|0x000000074a800000, 0x000000074a800000, 0x000000074aa00000|  0%| F|  |TAMS 0x000000074a800000, 0x000000074a800000| Untracked 
|  62|0x000000074aa00000, 0x000000074aa00000, 0x000000074ac00000|  0%| F|  |TAMS 0x000000074aa00000, 0x000000074aa00000| Untracked 
|  63|0x000000074ac00000, 0x000000074ac00000, 0x000000074ae00000|  0%| F|  |TAMS 0x000000074ac00000, 0x000000074ac00000| Untracked 
|  64|0x000000074ae00000, 0x000000074ae00000, 0x000000074b000000|  0%| F|  |TAMS 0x000000074ae00000, 0x000000074ae00000| Untracked 
|  65|0x000000074b000000, 0x000000074b000000, 0x000000074b200000|  0%| F|  |TAMS 0x000000074b000000, 0x000000074b000000| Untracked 
|  66|0x000000074b200000, 0x000000074b200000, 0x000000074b400000|  0%| F|  |TAMS 0x000000074b200000, 0x000000074b200000| Untracked 
|  67|0x000000074b400000, 0x000000074b400000, 0x000000074b600000|  0%| F|  |TAMS 0x000000074b400000, 0x000000074b400000| Untracked 
|  68|0x000000074b600000, 0x000000074b600000, 0x000000074b800000|  0%| F|  |TAMS 0x000000074b600000, 0x000000074b600000| Untracked 
|  69|0x000000074b800000, 0x000000074b800000, 0x000000074ba00000|  0%| F|  |TAMS 0x000000074b800000, 0x000000074b800000| Untracked 
|  70|0x000000074ba00000, 0x000000074ba00000, 0x000000074bc00000|  0%| F|  |TAMS 0x000000074ba00000, 0x000000074ba00000| Untracked 
|  71|0x000000074bc00000, 0x000000074bc00000, 0x000000074be00000|  0%| F|  |TAMS 0x000000074bc00000, 0x000000074bc00000| Untracked 
|  72|0x000000074be00000, 0x000000074be00000, 0x000000074c000000|  0%| F|  |TAMS 0x000000074be00000, 0x000000074be00000| Untracked 
|  73|0x000000074c000000, 0x000000074c000000, 0x000000074c200000|  0%| F|  |TAMS 0x000000074c000000, 0x000000074c000000| Untracked 
|  74|0x000000074c200000, 0x000000074c200000, 0x000000074c400000|  0%| F|  |TAMS 0x000000074c200000, 0x000000074c200000| Untracked 
|  75|0x000000074c400000, 0x000000074c400000, 0x000000074c600000|  0%| F|  |TAMS 0x000000074c400000, 0x000000074c400000| Untracked 
|  76|0x000000074c600000, 0x000000074c600000, 0x000000074c800000|  0%| F|  |TAMS 0x000000074c600000, 0x000000074c600000| Untracked 
|  77|0x000000074c800000, 0x000000074c800000, 0x000000074ca00000|  0%| F|  |TAMS 0x000000074c800000, 0x000000074c800000| Untracked 
|  78|0x000000074ca00000, 0x000000074ca00000, 0x000000074cc00000|  0%| F|  |TAMS 0x000000074ca00000, 0x000000074ca00000| Untracked 
|  79|0x000000074cc00000, 0x000000074cc00000, 0x000000074ce00000|  0%| F|  |TAMS 0x000000074cc00000, 0x000000074cc00000| Untracked 
|  80|0x000000074ce00000, 0x000000074ce00000, 0x000000074d000000|  0%| F|  |TAMS 0x000000074ce00000, 0x000000074ce00000| Untracked 
|  81|0x000000074d000000, 0x000000074d000000, 0x000000074d200000|  0%| F|  |TAMS 0x000000074d000000, 0x000000074d000000| Untracked 
|  82|0x000000074d200000, 0x000000074d200000, 0x000000074d400000|  0%| F|  |TAMS 0x000000074d200000, 0x000000074d200000| Untracked 
|  83|0x000000074d400000, 0x000000074d400000, 0x000000074d600000|  0%| F|  |TAMS 0x000000074d400000, 0x000000074d400000| Untracked 
|  84|0x000000074d600000, 0x000000074d600000, 0x000000074d800000|  0%| F|  |TAMS 0x000000074d600000, 0x000000074d600000| Untracked 
|  85|0x000000074d800000, 0x000000074d800000, 0x000000074da00000|  0%| F|  |TAMS 0x000000074d800000, 0x000000074d800000| Untracked 
|  86|0x000000074da00000, 0x000000074da00000, 0x000000074dc00000|  0%| F|  |TAMS 0x000000074da00000, 0x000000074da00000| Untracked 
|  87|0x000000074dc00000, 0x000000074dc00000, 0x000000074de00000|  0%| F|  |TAMS 0x000000074dc00000, 0x000000074dc00000| Untracked 
|  88|0x000000074de00000, 0x000000074de00000, 0x000000074e000000|  0%| F|  |TAMS 0x000000074de00000, 0x000000074de00000| Untracked 
|  89|0x000000074e000000, 0x000000074e000000, 0x000000074e200000|  0%| F|  |TAMS 0x000000074e000000, 0x000000074e000000| Untracked 
|  90|0x000000074e200000, 0x000000074e200000, 0x000000074e400000|  0%| F|  |TAMS 0x000000074e200000, 0x000000074e200000| Untracked 
|  91|0x000000074e400000, 0x000000074e400000, 0x000000074e600000|  0%| F|  |TAMS 0x000000074e400000, 0x000000074e400000| Untracked 
|  92|0x000000074e600000, 0x000000074e658c70, 0x000000074e800000| 17%| E|  |TAMS 0x000000074e600000, 0x000000074e600000| Complete 
|  93|0x000000074e800000, 0x000000074ea00000, 0x000000074ea00000|100%| E|CS|TAMS 0x000000074e800000, 0x000000074e800000| Complete 
|  94|0x000000074ea00000, 0x000000074ec00000, 0x000000074ec00000|100%| E|CS|TAMS 0x000000074ea00000, 0x000000074ea00000| Complete 

Card table byte_map: [0x000001d8d8750000,0x000001d8d8d40000] _byte_map_base: 0x000001d8d4d39000

Marking Bits (Prev, Next): (CMBitMap*) 0x000001d8c1695e80, (CMBitMap*) 0x000001d8c1695ec0
 Prev Bits: [0x000001d8d9330000, 0x000001d8dc278000)
 Next Bits: [0x000001d8dc280000, 0x000001d8df1c8000)

Polling page: 0x000001d8c0e00000

Metaspace:

Usage:
  Non-class:      1.69 MB used.
      Class:    180.77 KB used.
       Both:      1.87 MB used.

Virtual space:
  Non-class space:       64.00 MB reserved,       1.75 MB (  3%) committed,  1 nodes.
      Class space:        1.00 GB reserved,     256.00 KB ( <1%) committed,  1 nodes.
             Both:        1.06 GB reserved,       2.00 MB ( <1%) committed. 

Chunk freelists:
   Non-Class:  11.99 MB
       Class:  15.75 MB
        Both:  27.74 MB

MaxMetaspaceSize: unlimited
CompressedClassSpaceSize: 1.00 GB
Initial GC threshold: 21.00 MB
Current GC threshold: 21.00 MB
CDS: on
MetaspaceReclaimPolicy: balanced
 - commit_granule_bytes: 65536.
 - commit_granule_words: 8192.
 - virtual_space_node_default_size: 8388608.
 - enlarge_chunks_in_place: 1.
 - new_chunks_are_fully_committed: 0.
 - uncommit_free_chunks: 1.
 - use_allocation_guard: 0.
 - handle_deallocations: 1.


Internal statistics:

num_allocs_failed_limit: 0.
num_arena_births: 6.
num_arena_deaths: 0.
num_vsnodes_births: 2.
num_vsnodes_deaths: 0.
num_space_committed: 32.
num_space_uncommitted: 0.
num_chunks_returned_to_freelist: 0.
num_chunks_taken_from_freelist: 6.
num_chunk_merges: 0.
num_chunk_splits: 4.
num_chunks_enlarged: 2.
num_inconsistent_stats: 0.

CodeHeap 'non-profiled nmethods': size=120000Kb used=81Kb max_used=81Kb free=119919Kb
 bounds [0x000001d8d0c30000, 0x000001d8d0ea0000, 0x000001d8d8160000]
CodeHeap 'profiled nmethods': size=120000Kb used=439Kb max_used=439Kb free=119560Kb
 bounds [0x000001d8c9160000, 0x000001d8c93d0000, 0x000001d8d0690000]
CodeHeap 'non-nmethods': size=5760Kb used=1127Kb max_used=1139Kb free=4632Kb
 bounds [0x000001d8d0690000, 0x000001d8d0900000, 0x000001d8d0c30000]
 total_blobs=688 nmethods=276 adapters=325
 compilation: enabled
              stopped_count=0, restarted_count=0
 full_count=0

Compilation events (20 events):
Event: 0.730 Thread 0x000001d8e1828050  259       3       java.lang.invoke.MemberName::isInvocable (8 bytes)
Event: 0.730 Thread 0x000001d8e1828050 nmethod 259 0x000001d8c91cc010 code [0x000001d8c91cc1c0, 0x000001d8c91cc458]
Event: 0.730 Thread 0x000001d8e1828050  260       3       java.lang.invoke.MemberName::testAnyFlags (15 bytes)
Event: 0.730 Thread 0x000001d8e1828050 nmethod 260 0x000001d8c91cc590 code [0x000001d8c91cc740, 0x000001d8c91cc978]
Event: 0.731 Thread 0x000001d8e1828050  262       1       java.lang.module.ModuleDescriptor::isOpen (5 bytes)
Event: 0.731 Thread 0x000001d8e1828050 nmethod 262 0x000001d8d0c42210 code [0x000001d8d0c423a0, 0x000001d8d0c42478]
Event: 0.733 Thread 0x000001d8e1828050  264       1       java.lang.invoke.MethodType::ptypes (5 bytes)
Event: 0.733 Thread 0x000001d8e1828050 nmethod 264 0x000001d8d0c42990 code [0x000001d8d0c42b20, 0x000001d8d0c42bf8]
Event: 0.734 Thread 0x000001d8e1828050  265       1       java.lang.Class::getModule (5 bytes)
Event: 0.734 Thread 0x000001d8e1828050 nmethod 265 0x000001d8d0c42c90 code [0x000001d8d0c42e20, 0x000001d8d0c42ef8]
Event: 0.738 Thread 0x000001d8e1828050  266       3       java.util.ImmutableCollections$AbstractImmutableCollection::<init> (5 bytes)
Event: 0.738 Thread 0x000001d8e1828050 nmethod 266 0x000001d8c91cca10 code [0x000001d8c91ccbc0, 0x000001d8c91ccd78]
Event: 0.739 Thread 0x000001d8e1828050  267       3       java.lang.String::isEmpty (14 bytes)
Event: 0.739 Thread 0x000001d8e1828050 nmethod 267 0x000001d8c91cce90 code [0x000001d8c91cd020, 0x000001d8c91cd198]
Event: 0.749 Thread 0x000001d8e1828050  270       3       sun.nio.fs.WindowsPathParser::isSlash (18 bytes)
Event: 0.749 Thread 0x000001d8e1828050 nmethod 270 0x000001d8c91cd290 code [0x000001d8c91cd420, 0x000001d8c91cd598]
Event: 0.750 Thread 0x000001d8e1828050  271       3       java.lang.ref.Reference::reachabilityFence (1 bytes)
Event: 0.750 Thread 0x000001d8e1828050 nmethod 271 0x000001d8c91cd610 code [0x000001d8c91cd7a0, 0x000001d8c91cd898]
Event: 0.751 Thread 0x000001d8e1828050  274       3       java.lang.ref.Reference::<init> (25 bytes)
Event: 0.751 Thread 0x000001d8e1828050 nmethod 274 0x000001d8c91cd910 code [0x000001d8c91cdac0, 0x000001d8c91cdd58]

GC Heap History (0 events):
No events

Dll operation events (6 events):
Event: 0.009 Loaded shared library C:\Program Files\Microsoft\jdk-17.0.10.7-hotspot\bin\java.dll
Event: 0.085 Loaded shared library C:\Program Files\Microsoft\jdk-17.0.10.7-hotspot\bin\jsvml.dll
Event: 0.579 Loaded shared library C:\Program Files\Microsoft\jdk-17.0.10.7-hotspot\bin\net.dll
Event: 0.582 Loaded shared library C:\Program Files\Microsoft\jdk-17.0.10.7-hotspot\bin\nio.dll
Event: 0.585 Loaded shared library C:\Program Files\Microsoft\jdk-17.0.10.7-hotspot\bin\zip.dll
Event: 0.750 Loaded shared library C:\Program Files\Microsoft\jdk-17.0.10.7-hotspot\bin\jimage.dll

Deoptimization events (6 events):
Event: 0.613 Thread 0x000001d8c163d6d0 DEOPT PACKING pc=0x000001d8c9160282 sp=0x000000335a7fc900
Event: 0.613 Thread 0x000001d8c163d6d0 DEOPT UNPACKING pc=0x000001d8d06e7143 sp=0x000000335a7fbd78 mode 0
Event: 0.614 Thread 0x000001d8c163d6d0 DEOPT PACKING pc=0x000001d8c9160282 sp=0x000000335a7fc900
Event: 0.614 Thread 0x000001d8c163d6d0 DEOPT UNPACKING pc=0x000001d8d06e7143 sp=0x000000335a7fbd78 mode 0
Event: 0.722 Thread 0x000001d8c163d6d0 DEOPT PACKING pc=0x000001d8c918be24 sp=0x000000335a7fc700
Event: 0.722 Thread 0x000001d8c163d6d0 DEOPT UNPACKING pc=0x000001d8d06e7143 sp=0x000000335a7fbbb0 mode 0

Classes unloaded (0 events):
No events

Classes redefined (0 events):
No events

Internal exceptions (0 events):
No events

VM Operations (4 events):
Event: 0.586 Executing VM operation: HandshakeAllThreads
Event: 0.586 Executing VM operation: HandshakeAllThreads done
Event: 0.663 Executing VM operation: HandshakeAllThreads
Event: 0.663 Executing VM operation: HandshakeAllThreads done

Events (20 events):
Event: 0.746 loading class jdk/internal/icu/impl/Norm2AllModes$NoopNormalizer2 done
Event: 0.746 loading class jdk/internal/icu/impl/Norm2AllModes$NFKCSingleton
Event: 0.747 loading class jdk/internal/icu/impl/Norm2AllModes$NFKCSingleton done
Event: 0.747 loading class jdk/internal/icu/impl/Norm2AllModes$Norm2AllModesSingleton
Event: 0.747 loading class jdk/internal/icu/impl/Norm2AllModes$Norm2AllModesSingleton done
Event: 0.747 loading class jdk/internal/icu/impl/NormalizerImpl
Event: 0.747 loading class jdk/internal/icu/impl/NormalizerImpl done
Event: 0.747 loading class jdk/internal/icu/impl/NormalizerImpl$IsAcceptable
Event: 0.747 loading class jdk/internal/icu/impl/ICUBinary$Authenticate
Event: 0.747 loading class jdk/internal/icu/impl/ICUBinary$Authenticate done
Event: 0.747 loading class jdk/internal/icu/impl/NormalizerImpl$IsAcceptable done
Event: 0.747 loading class jdk/internal/icu/impl/ICUBinary
Event: 0.748 loading class jdk/internal/icu/impl/ICUBinary done
Event: 0.748 loading class jdk/internal/icu/impl/ICUBinary$1
Event: 0.748 loading class jdk/internal/icu/impl/ICUBinary$1 done
Event: 0.751 loading class jdk/internal/icu/util/VersionInfo
Event: 0.751 loading class jdk/internal/icu/util/VersionInfo done
Event: 0.751 loading class jdk/internal/icu/util/CodePointTrie$Fast16
Event: 0.751 loading class jdk/internal/icu/util/CodePointTrie$Fast
Event: 0.751 loading class jdk/internal/icu/util/CodePointTrie


Dynamic libraries:
0x00007ff778460000 - 0x00007ff77846e000 	C:\Program Files\Microsoft\jdk-17.0.10.7-hotspot\bin\java.exe
0x00007ffca11d0000 - 0x00007ffca13c8000 	C:\Windows\SYSTEM32\ntdll.dll
0x00007ffc9fbc0000 - 0x00007ffc9fc7d000 	C:\Windows\System32\KERNEL32.DLL
0x00007ffc9e980000 - 0x00007ffc9ec76000 	C:\Windows\System32\KERNELBASE.dll
0x00007ffc9e880000 - 0x00007ffc9e980000 	C:\Windows\System32\ucrtbase.dll
0x00007ffc7e020000 - 0x00007ffc7e037000 	C:\Program Files\Microsoft\jdk-17.0.10.7-hotspot\bin\jli.dll
0x00007ffca0c60000 - 0x00007ffca0dff000 	C:\Windows\System32\USER32.dll
0x00007ffc9eea0000 - 0x00007ffc9eec2000 	C:\Windows\System32\win32u.dll
0x00007ffc9fb50000 - 0x00007ffc9fb7b000 	C:\Windows\System32\GDI32.dll
0x00007ffc9ecf0000 - 0x00007ffc9ee07000 	C:\Windows\System32\gdi32full.dll
0x00007ffc9f160000 - 0x00007ffc9f1fd000 	C:\Windows\System32\msvcp_win.dll
0x00007ffc7e000000 - 0x00007ffc7e01b000 	C:\Program Files\Microsoft\jdk-17.0.10.7-hotspot\bin\VCRUNTIME140.dll
0x00007ffc7bbb0000 - 0x00007ffc7be4a000 	C:\Windows\WinSxS\amd64_microsoft.windows.common-controls_6595b64144ccf1df_6.0.19041.3636_none_60b6a03d71f818d5\COMCTL32.dll
0x00007ffc9fda0000 - 0x00007ffc9fe3e000 	C:\Windows\System32\msvcrt.dll
0x00007ffc9fb80000 - 0x00007ffc9fbb2000 	C:\Windows\System32\IMM32.DLL
0x00007ffc7dff0000 - 0x00007ffc7dffc000 	C:\Program Files\Microsoft\jdk-17.0.10.7-hotspot\bin\vcruntime140_1.dll
0x00007ffc26890000 - 0x00007ffc2691d000 	C:\Program Files\Microsoft\jdk-17.0.10.7-hotspot\bin\msvcp140.dll
0x00007ffc196b0000 - 0x00007ffc1a315000 	C:\Program Files\Microsoft\jdk-17.0.10.7-hotspot\bin\server\jvm.dll
0x00007ffc9fce0000 - 0x00007ffc9fd90000 	C:\Windows\System32\ADVAPI32.dll
0x00007ffca0a30000 - 0x00007ffca0ad0000 	C:\Windows\System32\sechost.dll
0x00007ffc9f970000 - 0x00007ffc9fa93000 	C:\Windows\System32\RPCRT4.dll
0x00007ffc9eed0000 - 0x00007ffc9eef7000 	C:\Windows\System32\bcrypt.dll
0x00007ffc9e6e0000 - 0x00007ffc9e72b000 	C:\Windows\SYSTEM32\POWRPROF.dll
0x00007ffc40990000 - 0x00007ffc40999000 	C:\Windows\SYSTEM32\WSOCK32.dll
0x00007ffca02b0000 - 0x00007ffca031b000 	C:\Windows\System32\WS2_32.dll
0x00007ffc87690000 - 0x00007ffc876b7000 	C:\Windows\SYSTEM32\WINMM.dll
0x00007ffc99300000 - 0x00007ffc9930a000 	C:\Windows\SYSTEM32\VERSION.dll
0x00007ffc9e6c0000 - 0x00007ffc9e6d2000 	C:\Windows\SYSTEM32\UMPDC.dll
0x00007ffc9c6f0000 - 0x00007ffc9c702000 	C:\Windows\SYSTEM32\kernel.appcore.dll
0x00007ffc7dfe0000 - 0x00007ffc7dfea000 	C:\Program Files\Microsoft\jdk-17.0.10.7-hotspot\bin\jimage.dll
0x00007ffc80590000 - 0x00007ffc80774000 	C:\Windows\SYSTEM32\DBGHELP.DLL
0x00007ffc80550000 - 0x00007ffc80584000 	C:\Windows\SYSTEM32\dbgcore.DLL
0x00007ffc9ee10000 - 0x00007ffc9ee92000 	C:\Windows\System32\bcryptPrimitives.dll
0x00007ffc595d0000 - 0x00007ffc595f5000 	C:\Program Files\Microsoft\jdk-17.0.10.7-hotspot\bin\java.dll
0x00007ffc267b0000 - 0x00007ffc26887000 	C:\Program Files\Microsoft\jdk-17.0.10.7-hotspot\bin\jsvml.dll
0x00007ffc9f200000 - 0x00007ffc9f96b000 	C:\Windows\System32\SHELL32.dll
0x00007ffc9c8f0000 - 0x00007ffc9d08e000 	C:\Windows\SYSTEM32\windows.storage.dll
0x00007ffca06d0000 - 0x00007ffca0a23000 	C:\Windows\System32\combase.dll
0x00007ffc9e100000 - 0x00007ffc9e12e000 	C:\Windows\SYSTEM32\Wldp.dll
0x00007ffca0330000 - 0x00007ffca03fd000 	C:\Windows\System32\OLEAUT32.dll
0x00007ffc9faa0000 - 0x00007ffc9fb4d000 	C:\Windows\System32\SHCORE.dll
0x00007ffca0f00000 - 0x00007ffca0f55000 	C:\Windows\System32\shlwapi.dll
0x00007ffc9e7b0000 - 0x00007ffc9e7d3000 	C:\Windows\SYSTEM32\profapi.dll
0x00007ffc5f2b0000 - 0x00007ffc5f2c9000 	C:\Program Files\Microsoft\jdk-17.0.10.7-hotspot\bin\net.dll
0x00007ffc97fd0000 - 0x00007ffc980da000 	C:\Windows\SYSTEM32\WINHTTP.dll
0x00007ffc9dee0000 - 0x00007ffc9df4a000 	C:\Windows\system32\mswsock.dll
0x00007ffc58b90000 - 0x00007ffc58ba6000 	C:\Program Files\Microsoft\jdk-17.0.10.7-hotspot\bin\nio.dll
0x00007ffc58b70000 - 0x00007ffc58b88000 	C:\Program Files\Microsoft\jdk-17.0.10.7-hotspot\bin\zip.dll

dbghelp: loaded successfully - version: 4.0.5 - missing functions: none
symbol engine: initialized successfully - sym options: 0x614 - pdb path: .;C:\Program Files\Microsoft\jdk-17.0.10.7-hotspot\bin;C:\Windows\SYSTEM32;C:\Windows\WinSxS\amd64_microsoft.windows.common-controls_6595b64144ccf1df_6.0.19041.3636_none_60b6a03d71f818d5;C:\Program Files\Microsoft\jdk-17.0.10.7-hotspot\bin\server

VM Arguments:
jvm_args: -Dfile.encoding=utf8 
java_command: c:\Users\user\.vscode\extensions\vscjava.vscode-gradle-3.13.5\lib\gradle-language-server.jar
java_class_path (initial): c:\Users\user\.vscode\extensions\vscjava.vscode-gradle-3.13.5\lib\gradle-language-server.jar
Launcher Type: SUN_STANDARD

[Global flags]
     intx CICompilerCount                          = 3                                         {product} {ergonomic}
     uint ConcGCThreads                            = 1                                         {product} {ergonomic}
     uint G1ConcRefinementThreads                  = 4                                         {product} {ergonomic}
   size_t G1HeapRegionSize                         = 2097152                                   {product} {ergonomic}
    uintx GCDrainStackTargetSize                   = 64                                        {product} {ergonomic}
   size_t InitialHeapSize                          = 199229440                                 {product} {ergonomic}
   size_t MarkStackSize                            = 4194304                                   {product} {ergonomic}
   size_t MaxHeapSize                              = 3172990976                                {product} {ergonomic}
   size_t MaxNewSize                               = 1902116864                                {product} {ergonomic}
   size_t MinHeapDeltaBytes                        = 2097152                                   {product} {ergonomic}
   size_t MinHeapSize                              = 8388608                                   {product} {ergonomic}
    uintx NonNMethodCodeHeapSize                   = 5832780                                {pd product} {ergonomic}
    uintx NonProfiledCodeHeapSize                  = 122912730                              {pd product} {ergonomic}
    uintx ProfiledCodeHeapSize                     = 122912730                              {pd product} {ergonomic}
    uintx ReservedCodeCacheSize                    = 251658240                              {pd product} {ergonomic}
     bool SegmentedCodeCache                       = true                                      {product} {ergonomic}
   size_t SoftMaxHeapSize                          = 3172990976                             {manageable} {ergonomic}
     bool UseCompressedClassPointers               = true                           {product lp64_product} {ergonomic}
     bool UseCompressedOops                        = true                           {product lp64_product} {ergonomic}
     bool UseG1GC                                  = true                                      {product} {ergonomic}
     bool UseLargePagesIndividualAllocation        = false                                  {pd product} {ergonomic}

Logging:
Log output configuration:
 #0: stdout all=warning uptime,level,tags
 #1: stderr all=off uptime,level,tags

Environment Variables:
JAVA_HOME=C:\Program Files\Microsoft\jdk-17.0.10.7-hotspot
PATH=C:\Program Files\Microsoft\jdk-17.0.10.7-hotspot\bin;C:\Windows\system32;C:\Windows;C:\Windows\System32\Wbem;C:\Windows\System32\WindowsPowerShell\v1.0\;C:\Windows\System32\OpenSSH\;C:\ProgramData\chocolatey\bin;C:\Program Files\nodejs\;C:\Program Files\TortoiseGit\bin;C:\Program Files\Git\cmd;C:\Users\user\AppData\Local\Android\Sdk;C:\Users\user\AppData\Roaming\npm;C:\Users\user\AppData\Local\Android\Sdk\tools;C:\Users\user\AppData\Local\Android\Sdk\platform-tools;C:\Users\user\AppData\Local\Android\Sdk\emulator;C:\Users\user\AppData\Local\Android\Sdk\cmdline-tools\bin;C:\Users\user\AppData\Local\Android\Sdk\cmdline-tools;C:\Users\user\AppData\Local\Android\Sdk\tools;C:\Program Files\nodejs;C:\Users\user\AppData\Roaming\npm;C:\Users\user\AppData\Local\Android\Sdk;C:\Users\user\AppData\Local\Android\Sdk\platform-tools;C:\Users\user\AppData\Local\Android\Sdk\emulator;C:\Users\user\AppData\Local\Android\Sdk\cmdline-tools;C:\Users\user\AppData\Local\Android\Sdk\cmdline-tools\bin;C:\Users\user\AppData\Local\Programs\Microsoft VS Code\bin
USERNAME=user
OS=Windows_NT
PROCESSOR_IDENTIFIER=Intel64 Family 6 Model 158 Stepping 11, GenuineIntel
TMP=C:\Users\user\AppData\Local\Temp
TEMP=C:\Users\user\AppData\Local\Temp



Periodic native trim disabled


---------------  S Y S T E M  ---------------

OS:
 Windows 10 , 64 bit Build 19041 (10.0.19041.3636)
OS uptime: 0 days 3:39 hours
Hyper-V role detected

CPU: total 4 (initial active 4) (4 cores per cpu, 1 threads per core) family 6 model 158 stepping 11 microcode 0xea, cx8, cmov, fxsr, mmx, 3dnowpref, sse, sse2, sse3, ssse3, sse4.1, sse4.2, popcnt, lzcnt, tsc, tscinvbit, avx, avx2, aes, erms, clmul, bmi1, bmi2, adx, fma, vzeroupper, clflush, clflushopt, hv
Processor Information for all 4 processors :
  Max Mhz: 3600, Current Mhz: 3600, Mhz Limit: 3600

Memory: 4k page, system-wide physical 12102M (757M free)
TotalPageFile size 28140M (AvailPageFile size 0M)
current process WorkingSet (physical memory assigned to process): 42M, peak: 42M
current process commit charge ("private bytes"): 269M, peak: 269M

vm_info: OpenJDK 64-Bit Server VM (17.0.10+7-LTS) for windows-amd64 JRE (17.0.10+7-LTS), built on Jan 10 2024 19:47:12 by "MicrosoftCorporation" with MS VC++ 16.10 / 16.11 (VS2019)

END.
