#
# There is insufficient memory for the Java Runtime Environment to continue.
# Native memory allocation (malloc) failed to allocate 188336 bytes for Chunk::new
# Possible reasons:
#   The system is out of physical RAM or swap space
#   The process is running with CompressedOops enabled, and the Java Heap may be blocking the growth of the native heap
# Possible solutions:
#   Reduce memory load on the system
#   Increase physical memory or swap space
#   Check if swap backing store is full
#   Decrease Java heap size (-Xmx/-Xms)
#   Decrease number of Java threads
#   Decrease Java thread stack sizes (-Xss)
#   Set larger code cache with -XX:ReservedCodeCacheSize=
#   JVM is running with Unscaled Compressed Oops mode in which the Java heap is
#     placed in the first 4GB address space. The Java Heap base address is the
#     maximum limit for the native heap growth. Please use -XX:HeapBaseMinAddress
#     to set the Java Heap base and to place the Java Heap above 4GB virtual address.
# This output file may be truncated or incomplete.
#
#  Out of Memory Error (arena.cpp:191), pid=5588, tid=12584
#
# JRE version: OpenJDK Runtime Environment Microsoft-8902769 (17.0.10+7) (build 17.0.10+7-LTS)
# Java VM: OpenJDK 64-Bit Server VM Microsoft-8902769 (17.0.10+7-LTS, mixed mode, sharing, tiered, compressed oops, compressed class ptrs, g1 gc, windows-amd64)
# No core dump will be written. Minidumps are not enabled by default on client versions of Windows
#

---------------  S U M M A R Y ------------

Command Line: -Xmx64m -Xms64m -Dorg.gradle.appname=gradlew org.gradle.wrapper.GradleWrapperMain app:installDebug -PreactNativeDevServerPort=8081

Host: Intel(R) Core(TM) i3-8100 CPU @ 3.60GHz, 4 cores, 11G,  Windows 10 , 64 bit Build 19041 (10.0.19041.3636)
Time: Fri May 10 15:04:35 2024 India Standard Time elapsed time: 36.199172 seconds (0d 0h 0m 36s)

---------------  T H R E A D  ---------------

Current thread (0x0000027e3b249a40):  JavaThread "C2 CompilerThread0" daemon [_thread_in_native, id=12584, stack(0x0000008dc6e00000,0x0000008dc6f00000)]


Current CompileTask:
C2:  36199 1547 % !   4       java.io.BufferedReader::readLine @ 139 (327 bytes)

Stack: [0x0000008dc6e00000,0x0000008dc6f00000]
Native frames: (J=compiled Java code, j=interpreted, Vv=VM code, C=native code)
V  [jvm.dll+0x67f829]
V  [jvm.dll+0x83750a]
V  [jvm.dll+0x838fce]
V  [jvm.dll+0x839633]
V  [jvm.dll+0x247cbf]
V  [jvm.dll+0xac524]
V  [jvm.dll+0xacb6c]
V  [jvm.dll+0x368cf7]
V  [jvm.dll+0x1bd1c2]
V  [jvm.dll+0x21a559]
V  [jvm.dll+0x219821]
V  [jvm.dll+0x1a5176]
V  [jvm.dll+0x22957e]
V  [jvm.dll+0x22774c]
V  [jvm.dll+0x7ec5d7]
V  [jvm.dll+0x7e69da]
V  [jvm.dll+0x67e715]
C  [ucrtbase.dll+0x21bb2]
C  [KERNEL32.DLL+0x17344]
C  [ntdll.dll+0x526b1]


---------------  P R O C E S S  ---------------

Threads class SMR info:
_java_thread_list=0x0000027e9c863ef0, length=15, elements={
0x0000027e3b194e50, 0x0000027e3b229930, 0x0000027e3b22a6c0, 0x0000027e3b241dd0,
0x0000027e3b242b60, 0x0000027e3b247560, 0x0000027e3b247e30, 0x0000027e3b249a40,
0x0000027e3b24a760, 0x0000027e3b24d080, 0x0000027e564f6e40, 0x0000027e564fa5e0,
0x0000027e9c5448e0, 0x0000027e9cb82440, 0x0000027e9cb7b700
}

Java Threads: ( => current thread )
  0x0000027e3b194e50 JavaThread "main" [_thread_in_native, id=5292, stack(0x0000008dc6100000,0x0000008dc6200000)]
  0x0000027e3b229930 JavaThread "Reference Handler" daemon [_thread_blocked, id=11904, stack(0x0000008dc6800000,0x0000008dc6900000)]
  0x0000027e3b22a6c0 JavaThread "Finalizer" daemon [_thread_blocked, id=11880, stack(0x0000008dc6900000,0x0000008dc6a00000)]
  0x0000027e3b241dd0 JavaThread "Signal Dispatcher" daemon [_thread_blocked, id=14868, stack(0x0000008dc6a00000,0x0000008dc6b00000)]
  0x0000027e3b242b60 JavaThread "Attach Listener" daemon [_thread_blocked, id=15244, stack(0x0000008dc6b00000,0x0000008dc6c00000)]
  0x0000027e3b247560 JavaThread "Service Thread" daemon [_thread_blocked, id=13104, stack(0x0000008dc6c00000,0x0000008dc6d00000)]
  0x0000027e3b247e30 JavaThread "Monitor Deflation Thread" daemon [_thread_blocked, id=4248, stack(0x0000008dc6d00000,0x0000008dc6e00000)]
=>0x0000027e3b249a40 JavaThread "C2 CompilerThread0" daemon [_thread_in_native, id=12584, stack(0x0000008dc6e00000,0x0000008dc6f00000)]
  0x0000027e3b24a760 JavaThread "C1 CompilerThread0" daemon [_thread_blocked, id=7736, stack(0x0000008dc6f00000,0x0000008dc7000000)]
  0x0000027e3b24d080 JavaThread "Sweeper thread" daemon [_thread_blocked, id=3324, stack(0x0000008dc7000000,0x0000008dc7100000)]
  0x0000027e564f6e40 JavaThread "Notification Thread" daemon [_thread_blocked, id=4132, stack(0x0000008dc7100000,0x0000008dc7200000)]
  0x0000027e564fa5e0 JavaThread "Common-Cleaner" daemon [_thread_blocked, id=4196, stack(0x0000008dc7300000,0x0000008dc7400000)]
  0x0000027e9c5448e0 JavaThread "pool-1-thread-1" [_thread_blocked, id=15132, stack(0x0000008dc7800000,0x0000008dc7900000)]
  0x0000027e9cb82440 JavaThread "DisconnectableInputStream source reader" daemon [_thread_in_native, id=9692, stack(0x0000008dc7900000,0x0000008dc7a00000)]
  0x0000027e9cb7b700 JavaThread "Forward input" [_thread_blocked, id=14532, stack(0x0000008dc7a00000,0x0000008dc7b00000)]

Other Threads:
  0x0000027e3b2247c0 VMThread "VM Thread" [stack: 0x0000008dc6700000,0x0000008dc6800000] [id=6204]
  0x0000027e564f7320 WatcherThread [stack: 0x0000008dc7200000,0x0000008dc7300000] [id=12792]
  0x0000027e3b1b2ee0 GCTaskThread "GC Thread#0" [stack: 0x0000008dc6200000,0x0000008dc6300000] [id=6808]
  0x0000027e5689de80 GCTaskThread "GC Thread#1" [stack: 0x0000008dc7500000,0x0000008dc7600000] [id=10636]
  0x0000027e56872bf0 GCTaskThread "GC Thread#2" [stack: 0x0000008dc7600000,0x0000008dc7700000] [id=1616]
  0x0000027e567453a0 GCTaskThread "GC Thread#3" [stack: 0x0000008dc7700000,0x0000008dc7800000] [id=1216]
  0x0000027e3b1b4540 ConcurrentGCThread "G1 Main Marker" [stack: 0x0000008dc6300000,0x0000008dc6400000] [id=13140]
  0x0000027e3b1b6e80 ConcurrentGCThread "G1 Conc#0" [stack: 0x0000008dc6400000,0x0000008dc6500000] [id=6860]
  0x0000027e3b205d90 ConcurrentGCThread "G1 Refine#0" [stack: 0x0000008dc6500000,0x0000008dc6600000] [id=1908]
  0x0000027e3b2066d0 ConcurrentGCThread "G1 Service" [stack: 0x0000008dc6600000,0x0000008dc6700000] [id=13620]

Threads with active compile tasks:
C2 CompilerThread0    36218 1547 % !   4       java.io.BufferedReader::readLine @ 139 (327 bytes)

VM state: not at safepoint (normal execution)

VM Mutex/Monitor currently owned by a thread: None

Heap address: 0x00000000fc000000, size: 64 MB, Compressed Oops mode: 32-bit

CDS archive(s) mapped at: [0x0000027e57000000-0x0000027e57bb0000-0x0000027e57bb0000), size 12255232, SharedBaseAddress: 0x0000027e57000000, ArchiveRelocationMode: 1.
Compressed class space mapped at: 0x0000027e58000000-0x0000027e98000000, reserved size: 1073741824
Narrow klass base: 0x0000027e57000000, Narrow klass shift: 0, Narrow klass range: 0x100000000

GC Precious Log:
 CPUs: 4 total, 4 available
 Memory: 12102M
 Large Page Support: Disabled
 NUMA Support: Disabled
 Compressed Oops: Enabled (32-bit)
 Heap Region Size: 1M
 Heap Min Capacity: 64M
 Heap Initial Capacity: 64M
 Heap Max Capacity: 64M
 Pre-touch: Disabled
 Parallel Workers: 4
 Concurrent Workers: 1
 Concurrent Refinement Workers: 4
 Periodic GC: Disabled

Heap:
 garbage-first heap   total 65536K, used 27400K [0x00000000fc000000, 0x0000000100000000)
  region size 1024K, 20 young (20480K), 3 survivors (3072K)
 Metaspace       used 9164K, committed 9344K, reserved 1114112K
  class space    used 1206K, committed 1280K, reserved 1048576K

Heap Regions: E=young(eden), S=young(survivor), O=old, HS=humongous(starts), HC=humongous(continues), CS=collection set, F=free, OA=open archive, CA=closed archive, TAMS=top-at-mark-start (previous, next)
|   0|0x00000000fc000000, 0x00000000fc100000, 0x00000000fc100000|100%| O|  |TAMS 0x00000000fc000000, 0x00000000fc000000| Untracked 
|   1|0x00000000fc100000, 0x00000000fc200000, 0x00000000fc200000|100%|HS|  |TAMS 0x00000000fc100000, 0x00000000fc100000| Complete 
|   2|0x00000000fc200000, 0x00000000fc300000, 0x00000000fc300000|100%|HC|  |TAMS 0x00000000fc200000, 0x00000000fc200000| Complete 
|   3|0x00000000fc300000, 0x00000000fc400000, 0x00000000fc400000|100%|HC|  |TAMS 0x00000000fc300000, 0x00000000fc300000| Complete 
|   4|0x00000000fc400000, 0x00000000fc500000, 0x00000000fc500000|100%|HC|  |TAMS 0x00000000fc400000, 0x00000000fc400000| Complete 
|   5|0x00000000fc500000, 0x00000000fc600000, 0x00000000fc600000|100%| O|  |TAMS 0x00000000fc500000, 0x00000000fc500000| Untracked 
|   6|0x00000000fc600000, 0x00000000fc700000, 0x00000000fc700000|100%| O|  |TAMS 0x00000000fc600000, 0x00000000fc600000| Untracked 
|   7|0x00000000fc700000, 0x00000000fc7c2200, 0x00000000fc800000| 75%| O|  |TAMS 0x00000000fc700000, 0x00000000fc700000| Untracked 
|   8|0x00000000fc800000, 0x00000000fc800000, 0x00000000fc900000|  0%| F|  |TAMS 0x00000000fc800000, 0x00000000fc800000| Untracked 
|   9|0x00000000fc900000, 0x00000000fc900000, 0x00000000fca00000|  0%| F|  |TAMS 0x00000000fc900000, 0x00000000fc900000| Untracked 
|  10|0x00000000fca00000, 0x00000000fca00000, 0x00000000fcb00000|  0%| F|  |TAMS 0x00000000fca00000, 0x00000000fca00000| Untracked 
|  11|0x00000000fcb00000, 0x00000000fcb00000, 0x00000000fcc00000|  0%| F|  |TAMS 0x00000000fcb00000, 0x00000000fcb00000| Untracked 
|  12|0x00000000fcc00000, 0x00000000fcc00000, 0x00000000fcd00000|  0%| F|  |TAMS 0x00000000fcc00000, 0x00000000fcc00000| Untracked 
|  13|0x00000000fcd00000, 0x00000000fcd00000, 0x00000000fce00000|  0%| F|  |TAMS 0x00000000fcd00000, 0x00000000fcd00000| Untracked 
|  14|0x00000000fce00000, 0x00000000fce00000, 0x00000000fcf00000|  0%| F|  |TAMS 0x00000000fce00000, 0x00000000fce00000| Untracked 
|  15|0x00000000fcf00000, 0x00000000fcf00000, 0x00000000fd000000|  0%| F|  |TAMS 0x00000000fcf00000, 0x00000000fcf00000| Untracked 
|  16|0x00000000fd000000, 0x00000000fd000000, 0x00000000fd100000|  0%| F|  |TAMS 0x00000000fd000000, 0x00000000fd000000| Untracked 
|  17|0x00000000fd100000, 0x00000000fd100000, 0x00000000fd200000|  0%| F|  |TAMS 0x00000000fd100000, 0x00000000fd100000| Untracked 
|  18|0x00000000fd200000, 0x00000000fd200000, 0x00000000fd300000|  0%| F|  |TAMS 0x00000000fd200000, 0x00000000fd200000| Untracked 
|  19|0x00000000fd300000, 0x00000000fd300000, 0x00000000fd400000|  0%| F|  |TAMS 0x00000000fd300000, 0x00000000fd300000| Untracked 
|  20|0x00000000fd400000, 0x00000000fd400000, 0x00000000fd500000|  0%| F|  |TAMS 0x00000000fd400000, 0x00000000fd400000| Untracked 
|  21|0x00000000fd500000, 0x00000000fd500000, 0x00000000fd600000|  0%| F|  |TAMS 0x00000000fd500000, 0x00000000fd500000| Untracked 
|  22|0x00000000fd600000, 0x00000000fd600000, 0x00000000fd700000|  0%| F|  |TAMS 0x00000000fd600000, 0x00000000fd600000| Untracked 
|  23|0x00000000fd700000, 0x00000000fd700000, 0x00000000fd800000|  0%| F|  |TAMS 0x00000000fd700000, 0x00000000fd700000| Untracked 
|  24|0x00000000fd800000, 0x00000000fd800000, 0x00000000fd900000|  0%| F|  |TAMS 0x00000000fd800000, 0x00000000fd800000| Untracked 
|  25|0x00000000fd900000, 0x00000000fd900000, 0x00000000fda00000|  0%| F|  |TAMS 0x00000000fd900000, 0x00000000fd900000| Untracked 
|  26|0x00000000fda00000, 0x00000000fda00000, 0x00000000fdb00000|  0%| F|  |TAMS 0x00000000fda00000, 0x00000000fda00000| Untracked 
|  27|0x00000000fdb00000, 0x00000000fdb00000, 0x00000000fdc00000|  0%| F|  |TAMS 0x00000000fdb00000, 0x00000000fdb00000| Untracked 
|  28|0x00000000fdc00000, 0x00000000fdc00000, 0x00000000fdd00000|  0%| F|  |TAMS 0x00000000fdc00000, 0x00000000fdc00000| Untracked 
|  29|0x00000000fdd00000, 0x00000000fdd00000, 0x00000000fde00000|  0%| F|  |TAMS 0x00000000fdd00000, 0x00000000fdd00000| Untracked 
|  30|0x00000000fde00000, 0x00000000fde00000, 0x00000000fdf00000|  0%| F|  |TAMS 0x00000000fde00000, 0x00000000fde00000| Untracked 
|  31|0x00000000fdf00000, 0x00000000fdf00000, 0x00000000fe000000|  0%| F|  |TAMS 0x00000000fdf00000, 0x00000000fdf00000| Untracked 
|  32|0x00000000fe000000, 0x00000000fe000000, 0x00000000fe100000|  0%| F|  |TAMS 0x00000000fe000000, 0x00000000fe000000| Untracked 
|  33|0x00000000fe100000, 0x00000000fe100000, 0x00000000fe200000|  0%| F|  |TAMS 0x00000000fe100000, 0x00000000fe100000| Untracked 
|  34|0x00000000fe200000, 0x00000000fe200000, 0x00000000fe300000|  0%| F|  |TAMS 0x00000000fe200000, 0x00000000fe200000| Untracked 
|  35|0x00000000fe300000, 0x00000000fe300000, 0x00000000fe400000|  0%| F|  |TAMS 0x00000000fe300000, 0x00000000fe300000| Untracked 
|  36|0x00000000fe400000, 0x00000000fe400000, 0x00000000fe500000|  0%| F|  |TAMS 0x00000000fe400000, 0x00000000fe400000| Untracked 
|  37|0x00000000fe500000, 0x00000000fe500000, 0x00000000fe600000|  0%| F|  |TAMS 0x00000000fe500000, 0x00000000fe500000| Untracked 
|  38|0x00000000fe600000, 0x00000000fe600000, 0x00000000fe700000|  0%| F|  |TAMS 0x00000000fe600000, 0x00000000fe600000| Untracked 
|  39|0x00000000fe700000, 0x00000000fe700000, 0x00000000fe800000|  0%| F|  |TAMS 0x00000000fe700000, 0x00000000fe700000| Untracked 
|  40|0x00000000fe800000, 0x00000000fe800000, 0x00000000fe900000|  0%| F|  |TAMS 0x00000000fe800000, 0x00000000fe800000| Untracked 
|  41|0x00000000fe900000, 0x00000000fe900000, 0x00000000fea00000|  0%| F|  |TAMS 0x00000000fe900000, 0x00000000fe900000| Untracked 
|  42|0x00000000fea00000, 0x00000000fea00000, 0x00000000feb00000|  0%| F|  |TAMS 0x00000000fea00000, 0x00000000fea00000| Untracked 
|  43|0x00000000feb00000, 0x00000000fec00000, 0x00000000fec00000|100%| S|CS|TAMS 0x00000000feb00000, 0x00000000feb00000| Complete 
|  44|0x00000000fec00000, 0x00000000fed00000, 0x00000000fed00000|100%| S|CS|TAMS 0x00000000fec00000, 0x00000000fec00000| Complete 
|  45|0x00000000fed00000, 0x00000000fee00000, 0x00000000fee00000|100%| S|CS|TAMS 0x00000000fed00000, 0x00000000fed00000| Complete 
|  46|0x00000000fee00000, 0x00000000fee00000, 0x00000000fef00000|  0%| F|  |TAMS 0x00000000fee00000, 0x00000000fee00000| Untracked 
|  47|0x00000000fef00000, 0x00000000fefca9d0, 0x00000000ff000000| 79%| E|  |TAMS 0x00000000fef00000, 0x00000000fef00000| Complete 
|  48|0x00000000ff000000, 0x00000000ff100000, 0x00000000ff100000|100%| E|CS|TAMS 0x00000000ff000000, 0x00000000ff000000| Complete 
|  49|0x00000000ff100000, 0x00000000ff200000, 0x00000000ff200000|100%| E|CS|TAMS 0x00000000ff100000, 0x00000000ff100000| Complete 
|  50|0x00000000ff200000, 0x00000000ff300000, 0x00000000ff300000|100%| E|CS|TAMS 0x00000000ff200000, 0x00000000ff200000| Complete 
|  51|0x00000000ff300000, 0x00000000ff400000, 0x00000000ff400000|100%| E|CS|TAMS 0x00000000ff300000, 0x00000000ff300000| Complete 
|  52|0x00000000ff400000, 0x00000000ff500000, 0x00000000ff500000|100%| E|CS|TAMS 0x00000000ff400000, 0x00000000ff400000| Complete 
|  53|0x00000000ff500000, 0x00000000ff600000, 0x00000000ff600000|100%| E|CS|TAMS 0x00000000ff500000, 0x00000000ff500000| Complete 
|  54|0x00000000ff600000, 0x00000000ff700000, 0x00000000ff700000|100%| E|CS|TAMS 0x00000000ff600000, 0x00000000ff600000| Complete 
|  55|0x00000000ff700000, 0x00000000ff800000, 0x00000000ff800000|100%| E|CS|TAMS 0x00000000ff700000, 0x00000000ff700000| Complete 
|  56|0x00000000ff800000, 0x00000000ff900000, 0x00000000ff900000|100%| E|CS|TAMS 0x00000000ff800000, 0x00000000ff800000| Complete 
|  57|0x00000000ff900000, 0x00000000ffa00000, 0x00000000ffa00000|100%| E|CS|TAMS 0x00000000ff900000, 0x00000000ff900000| Complete 
|  58|0x00000000ffa00000, 0x00000000ffb00000, 0x00000000ffb00000|100%| E|CS|TAMS 0x00000000ffa00000, 0x00000000ffa00000| Complete 
|  59|0x00000000ffb00000, 0x00000000ffc00000, 0x00000000ffc00000|100%| E|CS|TAMS 0x00000000ffb00000, 0x00000000ffb00000| Complete 
|  60|0x00000000ffc00000, 0x00000000ffd00000, 0x00000000ffd00000|100%| E|CS|TAMS 0x00000000ffc00000, 0x00000000ffc00000| Complete 
|  61|0x00000000ffd00000, 0x00000000ffe00000, 0x00000000ffe00000|100%| E|CS|TAMS 0x00000000ffd00000, 0x00000000ffd00000| Complete 
|  62|0x00000000ffe00000, 0x00000000fff00000, 0x00000000fff00000|100%| E|CS|TAMS 0x00000000ffe00000, 0x00000000ffe00000| Complete 
|  63|0x00000000fff00000, 0x0000000100000000, 0x0000000100000000|100%| E|CS|TAMS 0x00000000fff00000, 0x00000000fff00000| Complete 

Card table byte_map: [0x0000027e53ae0000,0x0000027e53b00000] _byte_map_base: 0x0000027e53300000

Marking Bits (Prev, Next): (CMBitMap*) 0x0000027e3b1b3410, (CMBitMap*) 0x0000027e3b1b3450
 Prev Bits: [0x0000027e53b20000, 0x0000027e53c20000)
 Next Bits: [0x0000027e53c20000, 0x0000027e53d20000)

Polling page: 0x0000027e3b250000

Metaspace:

Usage:
  Non-class:      7.77 MB used.
      Class:      1.18 MB used.
       Both:      8.95 MB used.

Virtual space:
  Non-class space:       64.00 MB reserved,       7.88 MB ( 12%) committed,  1 nodes.
      Class space:        1.00 GB reserved,       1.25 MB ( <1%) committed,  1 nodes.
             Both:        1.06 GB reserved,       9.12 MB ( <1%) committed. 

Chunk freelists:
   Non-Class:  7.91 MB
       Class:  14.63 MB
        Both:  22.54 MB

MaxMetaspaceSize: unlimited
CompressedClassSpaceSize: 1.00 GB
Initial GC threshold: 21.00 MB
Current GC threshold: 21.00 MB
CDS: on
MetaspaceReclaimPolicy: balanced
 - commit_granule_bytes: 65536.
 - commit_granule_words: 8192.
 - virtual_space_node_default_size: 8388608.
 - enlarge_chunks_in_place: 1.
 - new_chunks_are_fully_committed: 0.
 - uncommit_free_chunks: 1.
 - use_allocation_guard: 0.
 - handle_deallocations: 1.


Internal statistics:

num_allocs_failed_limit: 0.
num_arena_births: 82.
num_arena_deaths: 0.
num_vsnodes_births: 2.
num_vsnodes_deaths: 0.
num_space_committed: 146.
num_space_uncommitted: 0.
num_chunks_returned_to_freelist: 0.
num_chunks_taken_from_freelist: 336.
num_chunk_merges: 0.
num_chunk_splits: 218.
num_chunks_enlarged: 178.
num_inconsistent_stats: 0.

CodeHeap 'non-profiled nmethods': size=120000Kb used=586Kb max_used=586Kb free=119413Kb
 bounds [0x0000027e4bf50000, 0x0000027e4c1c0000, 0x0000027e53480000]
CodeHeap 'profiled nmethods': size=120000Kb used=3021Kb max_used=3021Kb free=116978Kb
 bounds [0x0000027e44480000, 0x0000027e44780000, 0x0000027e4b9b0000]
CodeHeap 'non-nmethods': size=5760Kb used=1167Kb max_used=1185Kb free=4592Kb
 bounds [0x0000027e4b9b0000, 0x0000027e4bc20000, 0x0000027e4bf50000]
 total_blobs=2035 nmethods=1572 adapters=376
 compilation: enabled
              stopped_count=0, restarted_count=0
 full_count=0

Compilation events (20 events):
Event: 36.188 Thread 0x0000027e3b24a760 nmethod 1561 0x0000027e44766c90 code [0x0000027e44766e20, 0x0000027e44766f68]
Event: 36.188 Thread 0x0000027e3b24a760 1562   !   3       java.nio.charset.CharsetDecoder::decode (275 bytes)
Event: 36.189 Thread 0x0000027e3b24a760 nmethod 1562 0x0000027e44767010 code [0x0000027e44767340, 0x0000027e44768808]
Event: 36.189 Thread 0x0000027e3b24a760 1563       3       java.lang.System$2::decodeASCII (11 bytes)
Event: 36.189 Thread 0x0000027e3b24a760 nmethod 1563 0x0000027e44768e90 code [0x0000027e44769020, 0x0000027e44769168]
Event: 36.190 Thread 0x0000027e3b24a760 1564       3       java.lang.AbstractStringBuilder::append (33 bytes)
Event: 36.190 Thread 0x0000027e3b24a760 nmethod 1564 0x0000027e44769210 code [0x0000027e447693c0, 0x0000027e447695a8]
Event: 36.190 Thread 0x0000027e3b24a760 1566       3       sun.nio.cs.SingleByte$Decoder::decodeLoop (28 bytes)
Event: 36.190 Thread 0x0000027e3b24a760 nmethod 1566 0x0000027e44769710 code [0x0000027e447698e0, 0x0000027e44769cf8]
Event: 36.190 Thread 0x0000027e3b24a760 1567       3       sun.nio.cs.SingleByte$Decoder::decodeArrayLoop (205 bytes)
Event: 36.192 Thread 0x0000027e3b24a760 nmethod 1567 0x0000027e44769e90 code [0x0000027e4476a2a0, 0x0000027e4476beb8]
Event: 36.194 Thread 0x0000027e3b24a760 1571       3       java.lang.String::decodeASCII (64 bytes)
Event: 36.194 Thread 0x0000027e3b24a760 nmethod 1571 0x0000027e4476ca10 code [0x0000027e4476cbe0, 0x0000027e4476cf38]
Event: 36.196 Thread 0x0000027e3b24a760 1573       3       java.nio.Buffer::discardMark (6 bytes)
Event: 36.196 Thread 0x0000027e3b24a760 nmethod 1573 0x0000027e4476d110 code [0x0000027e4476d2a0, 0x0000027e4476d3b8]
Event: 36.196 Thread 0x0000027e3b24a760 1574       3       java.io.InputStreamReader::read (11 bytes)
Event: 36.197 Thread 0x0000027e3b24a760 nmethod 1574 0x0000027e4476d490 code [0x0000027e4476d640, 0x0000027e4476d7a8]
Event: 36.197 Thread 0x0000027e3b24a760 1575   !   3       sun.nio.cs.StreamDecoder::read (196 bytes)
Event: 36.197 Thread 0x0000027e3b24a760 nmethod 1575 0x0000027e4476d890 code [0x0000027e4476db00, 0x0000027e4476e708]
Event: 36.197 Thread 0x0000027e3b24a760 1576       3       java.io.BufferedReader::fill (170 bytes)

GC Heap History (4 events):
Event: 0.327 GC heap before
{Heap before GC invocations=0 (full 0):
 garbage-first heap   total 65536K, used 12288K [0x00000000fc000000, 0x0000000100000000)
  region size 1024K, 13 young (13312K), 0 survivors (0K)
 Metaspace       used 1815K, committed 1920K, reserved 1114112K
  class space    used 166K, committed 192K, reserved 1048576K
}
Event: 0.330 GC heap after
{Heap after GC invocations=1 (full 0):
 garbage-first heap   total 65536K, used 2851K [0x00000000fc000000, 0x0000000100000000)
  region size 1024K, 2 young (2048K), 2 survivors (2048K)
 Metaspace       used 1815K, committed 1920K, reserved 1114112K
  class space    used 166K, committed 192K, reserved 1048576K
}
Event: 0.697 GC heap before
{Heap before GC invocations=1 (full 0):
 garbage-first heap   total 65536K, used 22307K [0x00000000fc000000, 0x0000000100000000)
  region size 1024K, 18 young (18432K), 2 survivors (2048K)
 Metaspace       used 5234K, committed 5376K, reserved 1114112K
  class space    used 696K, committed 768K, reserved 1048576K
}
Event: 0.700 GC heap after
{Heap after GC invocations=2 (full 0):
 garbage-first heap   total 65536K, used 11016K [0x00000000fc000000, 0x0000000100000000)
  region size 1024K, 3 young (3072K), 3 survivors (3072K)
 Metaspace       used 5234K, committed 5376K, reserved 1114112K
  class space    used 696K, committed 768K, reserved 1048576K
}

Dll operation events (12 events):
Event: 0.009 Loaded shared library C:\Program Files\Microsoft\jdk-17.0.10.7-hotspot\bin\java.dll
Event: 0.024 Loaded shared library C:\Program Files\Microsoft\jdk-17.0.10.7-hotspot\bin\jsvml.dll
Event: 0.049 Loaded shared library C:\Program Files\Microsoft\jdk-17.0.10.7-hotspot\bin\net.dll
Event: 0.050 Loaded shared library C:\Program Files\Microsoft\jdk-17.0.10.7-hotspot\bin\nio.dll
Event: 0.054 Loaded shared library C:\Program Files\Microsoft\jdk-17.0.10.7-hotspot\bin\zip.dll
Event: 0.295 Loaded shared library C:\Program Files\Microsoft\jdk-17.0.10.7-hotspot\bin\jimage.dll
Event: 0.365 Loaded shared library C:\Program Files\Microsoft\jdk-17.0.10.7-hotspot\bin\verify.dll
Event: 0.614 Loaded shared library C:\Users\user\.gradle\native\c067742578af261105cb4f569cf0c3c89f3d7b1fecec35dd04571415982c5e48\windows-amd64\native-platform.dll
Event: 0.732 Loaded shared library C:\Program Files\Microsoft\jdk-17.0.10.7-hotspot\bin\management.dll
Event: 0.735 Loaded shared library C:\Program Files\Microsoft\jdk-17.0.10.7-hotspot\bin\management_ext.dll
Event: 1.088 Loaded shared library C:\Program Files\Microsoft\jdk-17.0.10.7-hotspot\bin\extnet.dll
Event: 1.127 Loaded shared library C:\Program Files\Microsoft\jdk-17.0.10.7-hotspot\bin\sunmscapi.dll

Deoptimization events (20 events):
Event: 0.739 Thread 0x0000027e3b194e50 DEOPT PACKING pc=0x0000027e4bf8ae40 sp=0x0000008dc61fbb70
Event: 0.739 Thread 0x0000027e3b194e50 DEOPT UNPACKING pc=0x0000027e4ba069a3 sp=0x0000008dc61fbb38 mode 2
Event: 0.789 Thread 0x0000027e3b194e50 DEOPT PACKING pc=0x0000027e44579a38 sp=0x0000008dc61f6900
Event: 0.789 Thread 0x0000027e3b194e50 DEOPT UNPACKING pc=0x0000027e4ba07143 sp=0x0000008dc61f5e18 mode 0
Event: 1.109 Thread 0x0000027e3b194e50 Uncommon trap: trap_request=0xffffff45 fr.pc=0x0000027e4bf88724 relative=0x0000000000000664
Event: 1.109 Thread 0x0000027e3b194e50 Uncommon trap: reason=unstable_if action=reinterpret pc=0x0000027e4bf88724 method=java.lang.AbstractStringBuilder.append(Ljava/lang/String;)Ljava/lang/AbstractStringBuilder; @ 1 c2
Event: 1.109 Thread 0x0000027e3b194e50 DEOPT PACKING pc=0x0000027e4bf88724 sp=0x0000008dc61fc3d0
Event: 1.109 Thread 0x0000027e3b194e50 DEOPT UNPACKING pc=0x0000027e4ba069a3 sp=0x0000008dc61fc350 mode 2
Event: 1.110 Thread 0x0000027e3b194e50 Uncommon trap: trap_request=0xffffff45 fr.pc=0x0000027e4bf9fa24 relative=0x0000000000000664
Event: 1.110 Thread 0x0000027e3b194e50 Uncommon trap: reason=unstable_if action=reinterpret pc=0x0000027e4bf9fa24 method=java.lang.AbstractStringBuilder.append(Ljava/lang/String;)Ljava/lang/AbstractStringBuilder; @ 1 c2
Event: 1.110 Thread 0x0000027e3b194e50 DEOPT PACKING pc=0x0000027e4bf9fa24 sp=0x0000008dc61fc370
Event: 1.110 Thread 0x0000027e3b194e50 DEOPT UNPACKING pc=0x0000027e4ba069a3 sp=0x0000008dc61fc358 mode 2
Event: 1.179 Thread 0x0000027e3b194e50 Uncommon trap: trap_request=0xffffff45 fr.pc=0x0000027e4bfa6c98 relative=0x0000000000000438
Event: 1.179 Thread 0x0000027e3b194e50 Uncommon trap: reason=unstable_if action=reinterpret pc=0x0000027e4bfa6c98 method=java.util.regex.Matcher.match(II)Z @ 76 c2
Event: 1.179 Thread 0x0000027e3b194e50 DEOPT PACKING pc=0x0000027e4bfa6c98 sp=0x0000008dc61fb640
Event: 1.179 Thread 0x0000027e3b194e50 DEOPT UNPACKING pc=0x0000027e4ba069a3 sp=0x0000008dc61fb5f8 mode 2
Event: 36.177 Thread 0x0000027e3b194e50 Uncommon trap: trap_request=0xffffff45 fr.pc=0x0000027e4bfdff34 relative=0x0000000000000534
Event: 36.177 Thread 0x0000027e3b194e50 Uncommon trap: reason=unstable_if action=reinterpret pc=0x0000027e4bfdff34 method=com.esotericsoftware.kryo.io.Input.require(I)I @ 180 c2
Event: 36.177 Thread 0x0000027e3b194e50 DEOPT PACKING pc=0x0000027e4bfdff34 sp=0x0000008dc61fc4a0
Event: 36.177 Thread 0x0000027e3b194e50 DEOPT UNPACKING pc=0x0000027e4ba069a3 sp=0x0000008dc61fc308 mode 2

Classes unloaded (0 events):
No events

Classes redefined (0 events):
No events

Internal exceptions (20 events):
Event: 0.559 Thread 0x0000027e3b194e50 Exception <a 'java/lang/NoSuchMethodError'{0x00000000ff6a05b8}: 'void java.lang.invoke.DirectMethodHandle$Holder.invokeStatic(java.lang.Object, java.lang.Object)'> (0x00000000ff6a05b8) 
thrown [s\src\hotspot\share\interpreter\linkResolver.cpp, line 759]
Event: 0.582 Thread 0x0000027e3b194e50 Exception <a 'java/lang/NoClassDefFoundError'{0x00000000ff524b40}: org/slf4j/impl/StaticMarkerBinder> (0x00000000ff524b40) 
thrown [s\src\hotspot\share\classfile\systemDictionary.cpp, line 245]
Event: 0.597 Thread 0x0000027e3b194e50 Exception <a 'java/lang/NoSuchMethodError'{0x00000000ff5c6078}: 'java.lang.Object java.lang.invoke.DirectMethodHandle$Holder.invokeVirtual(java.lang.Object, java.lang.Object, java.lang.Object, java.lang.Object, java.lang.Object, java.lang.Object, java.lang.Object)'> (0x00000000ff5c6078) 
thrown [s\src\hotspot\share\interpreter\linkResolver.cpp, line 759]
Event: 0.599 Thread 0x0000027e3b194e50 Exception <a 'java/lang/NoSuchMethodError'{0x00000000ff5d7608}: 'java.lang.Object java.lang.invoke.Invokers$Holder.invoker(java.lang.Object, java.lang.Object, java.lang.Object)'> (0x00000000ff5d7608) 
thrown [s\src\hotspot\share\interpreter\linkResolver.cpp, line 759]
Event: 0.600 Thread 0x0000027e3b194e50 Exception <a 'java/lang/NoSuchMethodError'{0x00000000ff5e0760}: 'java.lang.Object java.lang.invoke.DirectMethodHandle$Holder.invokeStatic(java.lang.Object, java.lang.Object, int)'> (0x00000000ff5e0760) 
thrown [s\src\hotspot\share\interpreter\linkResolver.cpp, line 759]
Event: 0.602 Thread 0x0000027e3b194e50 Exception <a 'java/lang/NoSuchMethodError'{0x00000000ff5ec450}: 'void java.lang.invoke.DelegatingMethodHandle$Holder.delegate(java.lang.Object, java.lang.Object, int, java.lang.Object)'> (0x00000000ff5ec450) 
thrown [s\src\hotspot\share\interpreter\linkResolver.cpp, line 759]
Event: 0.602 Thread 0x0000027e3b194e50 Exception <a 'java/lang/NoSuchMethodError'{0x00000000ff5f0598}: 'int java.lang.invoke.DirectMethodHandle$Holder.invokeSpecial(java.lang.Object, java.lang.Object, java.lang.Object)'> (0x00000000ff5f0598) 
thrown [s\src\hotspot\share\interpreter\linkResolver.cpp, line 759]
Event: 0.604 Thread 0x0000027e3b194e50 Exception <a 'java/lang/NoSuchMethodError'{0x00000000ff4040d0}: 'java.lang.Object java.lang.invoke.Invokers$Holder.invokeExact_MT(java.lang.Object, java.lang.Object, java.lang.Object, java.lang.Object)'> (0x00000000ff4040d0) 
thrown [s\src\hotspot\share\interpreter\linkResolver.cpp, line 759]
Event: 0.706 Thread 0x0000027e3b194e50 Exception <a 'java/lang/NoSuchMethodError'{0x00000000fff58228}: 'void java.lang.invoke.DirectMethodHandle$Holder.invokeSpecial(java.lang.Object, java.lang.Object, java.lang.Object)'> (0x00000000fff58228) 
thrown [s\src\hotspot\share\interpreter\linkResolver.cpp, line 759]
Event: 0.713 Thread 0x0000027e3b194e50 Implicit null exception at 0x0000027e4bfa540f to 0x0000027e4bfa597c
Event: 0.713 Thread 0x0000027e3b194e50 Implicit null exception at 0x0000027e4bf9508f to 0x0000027e4bf955f8
Event: 0.731 Thread 0x0000027e3b194e50 Exception <a 'java/lang/NoSuchMethodError'{0x00000000ffeb4198}: 'java.lang.Object java.lang.invoke.DirectMethodHandle$Holder.invokeStaticInit(java.lang.Object)'> (0x00000000ffeb4198) 
thrown [s\src\hotspot\share\interpreter\linkResolver.cpp, line 759]
Event: 0.753 Thread 0x0000027e3b194e50 Exception <a 'java/lang/NoSuchMethodError'{0x00000000ffd68660}: 'int java.lang.invoke.DirectMethodHandle$Holder.invokeVirtual(java.lang.Object, java.lang.Object, java.lang.Object)'> (0x00000000ffd68660) 
thrown [s\src\hotspot\share\interpreter\linkResolver.cpp, line 759]
Event: 0.759 Thread 0x0000027e3b194e50 Exception <a 'java/lang/NoSuchMethodError'{0x00000000ffdaacf0}: 'java.lang.Object java.lang.invoke.DirectMethodHandle$Holder.invokeVirtual(java.lang.Object, java.lang.Object, java.lang.Object)'> (0x00000000ffdaacf0) 
thrown [s\src\hotspot\share\interpreter\linkResolver.cpp, line 759]
Event: 0.822 Thread 0x0000027e3b194e50 Exception <a 'java/lang/NoSuchMethodError'{0x00000000ff946a80}: 'java.lang.Object java.lang.invoke.DirectMethodHandle$Holder.invokeStaticInit(java.lang.Object, int, int, int, int)'> (0x00000000ff946a80) 
thrown [s\src\hotspot\share\interpreter\linkResolver.cpp, line 759]
Event: 0.907 Thread 0x0000027e3b194e50 Exception <a 'java/lang/NoSuchMethodError'{0x00000000ff97f778}: 'java.lang.Object java.lang.invoke.DirectMethodHandle$Holder.invokeStaticInit(java.lang.Object, java.lang.Object, int, int, int, int)'> (0x00000000ff97f778) 
thrown [s\src\hotspot\share\interpreter\linkResolver.cpp, line 759]
Event: 1.091 Thread 0x0000027e3b194e50 Exception <a 'java/lang/NoSuchMethodError'{0x00000000ff9aee58}: 'void java.lang.invoke.DirectMethodHandle$Holder.invokeStatic(java.lang.Object, java.lang.Object, java.lang.Object)'> (0x00000000ff9aee58) 
thrown [s\src\hotspot\share\interpreter\linkResolver.cpp, line 759]
Event: 1.109 Thread 0x0000027e3b194e50 Implicit null exception at 0x0000027e4bf880f2 to 0x0000027e4bf8870c
Event: 1.110 Thread 0x0000027e3b194e50 Implicit null exception at 0x0000027e4bf9f3f2 to 0x0000027e4bf9fa0c
Event: 36.177 Thread 0x0000027e3b194e50 Exception <a 'sun/net/ConnectionResetException'{0x00000000ff5986a8}: Connection reset> (0x00000000ff5986a8) 
thrown [s\src\hotspot\share\prims\jni.cpp, line 535]

VM Operations (20 events):
Event: 19.375 Executing VM operation: Cleanup
Event: 19.375 Executing VM operation: Cleanup done
Event: 20.375 Executing VM operation: Cleanup
Event: 20.375 Executing VM operation: Cleanup done
Event: 21.376 Executing VM operation: Cleanup
Event: 21.376 Executing VM operation: Cleanup done
Event: 23.376 Executing VM operation: Cleanup
Event: 23.376 Executing VM operation: Cleanup done
Event: 25.377 Executing VM operation: Cleanup
Event: 25.377 Executing VM operation: Cleanup done
Event: 26.377 Executing VM operation: Cleanup
Event: 26.377 Executing VM operation: Cleanup done
Event: 28.379 Executing VM operation: Cleanup
Event: 28.379 Executing VM operation: Cleanup done
Event: 32.381 Executing VM operation: Cleanup
Event: 32.381 Executing VM operation: Cleanup done
Event: 33.381 Executing VM operation: Cleanup
Event: 33.381 Executing VM operation: Cleanup done
Event: 35.381 Executing VM operation: Cleanup
Event: 35.382 Executing VM operation: Cleanup done

Events (20 events):
Event: 19.370 loading class jdk/internal/logger/LoggerFinderLoader
Event: 19.370 loading class jdk/internal/logger/LoggerFinderLoader done
Event: 19.370 loading class jdk/internal/logger/LoggerFinderLoader$TemporaryLoggerFinder
Event: 19.371 loading class jdk/internal/logger/LoggerFinderLoader$TemporaryLoggerFinder done
Event: 19.371 loading class sun/util/logging/internal/LoggingProviderImpl$JULWrapper
Event: 19.371 loading class sun/util/logging/PlatformLogger$ConfigurableBridge$LoggerConfiguration
Event: 19.372 loading class sun/util/logging/PlatformLogger$ConfigurableBridge$LoggerConfiguration done
Event: 19.372 loading class sun/util/logging/internal/LoggingProviderImpl$JULWrapper done
Event: 19.372 loading class java/io/ObjectInputFilter
Event: 19.373 loading class java/io/ObjectInputFilter done
Event: 19.373 loading class java/io/ObjectInputFilter$Config$BuiltinFilterFactory
Event: 19.373 loading class java/io/ObjectInputFilter$Config$BuiltinFilterFactory done
Event: 19.373 loading class jdk/internal/access/JavaObjectInputFilterAccess
Event: 19.373 loading class jdk/internal/access/JavaObjectInputFilterAccess done
Event: 19.374 loading class java/lang/System$Logger$Level
Event: 19.374 loading class java/lang/System$Logger$Level done
Event: 19.374 loading class java/io/Bits
Event: 19.374 loading class java/io/Bits done
Event: 36.176 loading class sun/net/ConnectionResetException
Event: 36.177 loading class sun/net/ConnectionResetException done


Dynamic libraries:
0x00007ff72ec70000 - 0x00007ff72ec7e000 	C:\Program Files\Microsoft\jdk-17.0.10.7-hotspot\bin\java.exe
0x00007ffd4b570000 - 0x00007ffd4b768000 	C:\Windows\SYSTEM32\ntdll.dll
0x00007ffd4b2f0000 - 0x00007ffd4b3ad000 	C:\Windows\System32\KERNEL32.DLL
0x00007ffd48c90000 - 0x00007ffd48f86000 	C:\Windows\System32\KERNELBASE.dll
0x00007ffd49290000 - 0x00007ffd49390000 	C:\Windows\System32\ucrtbase.dll
0x00007ffce6ae0000 - 0x00007ffce6afb000 	C:\Program Files\Microsoft\jdk-17.0.10.7-hotspot\bin\VCRUNTIME140.dll
0x00007ffce6b00000 - 0x00007ffce6b17000 	C:\Program Files\Microsoft\jdk-17.0.10.7-hotspot\bin\jli.dll
0x00007ffd49d90000 - 0x00007ffd49f2f000 	C:\Windows\System32\USER32.dll
0x00007ffd49450000 - 0x00007ffd49472000 	C:\Windows\System32\win32u.dll
0x00007ffd4b500000 - 0x00007ffd4b52b000 	C:\Windows\System32\GDI32.dll
0x00007ffd2d200000 - 0x00007ffd2d49a000 	C:\Windows\WinSxS\amd64_microsoft.windows.common-controls_6595b64144ccf1df_6.0.19041.3636_none_60b6a03d71f818d5\COMCTL32.dll
0x00007ffd49480000 - 0x00007ffd49597000 	C:\Windows\System32\gdi32full.dll
0x00007ffd4aef0000 - 0x00007ffd4af8e000 	C:\Windows\System32\msvcrt.dll
0x00007ffd49140000 - 0x00007ffd491dd000 	C:\Windows\System32\msvcp_win.dll
0x00007ffd4b190000 - 0x00007ffd4b1c2000 	C:\Windows\System32\IMM32.DLL
0x00007ffd0e9b0000 - 0x00007ffd0e9bc000 	C:\Program Files\Microsoft\jdk-17.0.10.7-hotspot\bin\vcruntime140_1.dll
0x00007ffce6a50000 - 0x00007ffce6add000 	C:\Program Files\Microsoft\jdk-17.0.10.7-hotspot\bin\msvcp140.dll
0x00007ffce1c50000 - 0x00007ffce28b5000 	C:\Program Files\Microsoft\jdk-17.0.10.7-hotspot\bin\server\jvm.dll
0x00007ffd4b1d0000 - 0x00007ffd4b280000 	C:\Windows\System32\ADVAPI32.dll
0x00007ffd4b0f0000 - 0x00007ffd4b190000 	C:\Windows\System32\sechost.dll
0x00007ffd49f30000 - 0x00007ffd4a053000 	C:\Windows\System32\RPCRT4.dll
0x00007ffd49390000 - 0x00007ffd493b7000 	C:\Windows\System32\bcrypt.dll
0x00007ffd48a80000 - 0x00007ffd48acb000 	C:\Windows\SYSTEM32\POWRPROF.dll
0x00007ffd1d000000 - 0x00007ffd1d009000 	C:\Windows\SYSTEM32\WSOCK32.dll
0x00007ffd4b280000 - 0x00007ffd4b2eb000 	C:\Windows\System32\WS2_32.dll
0x00007ffd342b0000 - 0x00007ffd342d7000 	C:\Windows\SYSTEM32\WINMM.dll
0x00007ffd43240000 - 0x00007ffd4324a000 	C:\Windows\SYSTEM32\VERSION.dll
0x00007ffd48a60000 - 0x00007ffd48a72000 	C:\Windows\SYSTEM32\UMPDC.dll
0x00007ffd46a90000 - 0x00007ffd46aa2000 	C:\Windows\SYSTEM32\kernel.appcore.dll
0x00007ffd0e790000 - 0x00007ffd0e79a000 	C:\Program Files\Microsoft\jdk-17.0.10.7-hotspot\bin\jimage.dll
0x00007ffd2e5d0000 - 0x00007ffd2e7b4000 	C:\Windows\SYSTEM32\DBGHELP.DLL
0x00007ffd2e590000 - 0x00007ffd2e5c4000 	C:\Windows\SYSTEM32\dbgcore.DLL
0x00007ffd493c0000 - 0x00007ffd49442000 	C:\Windows\System32\bcryptPrimitives.dll
0x00007ffce6a20000 - 0x00007ffce6a45000 	C:\Program Files\Microsoft\jdk-17.0.10.7-hotspot\bin\java.dll
0x00007ffce6940000 - 0x00007ffce6a17000 	C:\Program Files\Microsoft\jdk-17.0.10.7-hotspot\bin\jsvml.dll
0x00007ffd49620000 - 0x00007ffd49d8b000 	C:\Windows\System32\SHELL32.dll
0x00007ffd46c90000 - 0x00007ffd4742e000 	C:\Windows\SYSTEM32\windows.storage.dll
0x00007ffd4a4d0000 - 0x00007ffd4a823000 	C:\Windows\System32\combase.dll
0x00007ffd484a0000 - 0x00007ffd484ce000 	C:\Windows\SYSTEM32\Wldp.dll
0x00007ffd4ad60000 - 0x00007ffd4ae2d000 	C:\Windows\System32\OLEAUT32.dll
0x00007ffd4ae30000 - 0x00007ffd4aedd000 	C:\Windows\System32\SHCORE.dll
0x00007ffd4b090000 - 0x00007ffd4b0e5000 	C:\Windows\System32\shlwapi.dll
0x00007ffd48b50000 - 0x00007ffd48b73000 	C:\Windows\SYSTEM32\profapi.dll
0x00007ffce66f0000 - 0x00007ffce6709000 	C:\Program Files\Microsoft\jdk-17.0.10.7-hotspot\bin\net.dll
0x00007ffd425d0000 - 0x00007ffd426da000 	C:\Windows\SYSTEM32\WINHTTP.dll
0x00007ffd48280000 - 0x00007ffd482ea000 	C:\Windows\system32\mswsock.dll
0x00007ffce6460000 - 0x00007ffce6476000 	C:\Program Files\Microsoft\jdk-17.0.10.7-hotspot\bin\nio.dll
0x00007ffce6440000 - 0x00007ffce6458000 	C:\Program Files\Microsoft\jdk-17.0.10.7-hotspot\bin\zip.dll
0x00007ffd40810000 - 0x00007ffd40820000 	C:\Program Files\Microsoft\jdk-17.0.10.7-hotspot\bin\verify.dll
0x00007ffd407e0000 - 0x00007ffd40807000 	C:\Users\user\.gradle\native\c067742578af261105cb4f569cf0c3c89f3d7b1fecec35dd04571415982c5e48\windows-amd64\native-platform.dll
0x00007ffceaff0000 - 0x00007ffceaff9000 	C:\Program Files\Microsoft\jdk-17.0.10.7-hotspot\bin\management.dll
0x00007ffceab50000 - 0x00007ffceab5b000 	C:\Program Files\Microsoft\jdk-17.0.10.7-hotspot\bin\management_ext.dll
0x00007ffd4b4f0000 - 0x00007ffd4b4f8000 	C:\Windows\System32\PSAPI.DLL
0x00007ffd484e0000 - 0x00007ffd484f8000 	C:\Windows\SYSTEM32\CRYPTSP.dll
0x00007ffd47bc0000 - 0x00007ffd47bf4000 	C:\Windows\system32\rsaenh.dll
0x00007ffd48b10000 - 0x00007ffd48b3e000 	C:\Windows\SYSTEM32\USERENV.dll
0x00007ffd48410000 - 0x00007ffd4841c000 	C:\Windows\SYSTEM32\CRYPTBASE.dll
0x00007ffd47f80000 - 0x00007ffd47fbb000 	C:\Windows\SYSTEM32\IPHLPAPI.DLL
0x00007ffd4b4e0000 - 0x00007ffd4b4e8000 	C:\Windows\System32\NSI.dll
0x00007ffd43260000 - 0x00007ffd43277000 	C:\Windows\SYSTEM32\dhcpcsvc6.DLL
0x00007ffd430c0000 - 0x00007ffd430dd000 	C:\Windows\SYSTEM32\dhcpcsvc.DLL
0x00007ffd47fc0000 - 0x00007ffd4808b000 	C:\Windows\SYSTEM32\DNSAPI.dll
0x00007ffce61c0000 - 0x00007ffce61c9000 	C:\Program Files\Microsoft\jdk-17.0.10.7-hotspot\bin\extnet.dll
0x00007ffce61d0000 - 0x00007ffce61de000 	C:\Program Files\Microsoft\jdk-17.0.10.7-hotspot\bin\sunmscapi.dll
0x00007ffd48f90000 - 0x00007ffd490ee000 	C:\Windows\System32\CRYPT32.dll
0x00007ffd485f0000 - 0x00007ffd48618000 	C:\Windows\SYSTEM32\ncrypt.dll
0x00007ffd485b0000 - 0x00007ffd485eb000 	C:\Windows\SYSTEM32\NTASN1.dll
0x00007ffd26980000 - 0x00007ffd26987000 	C:\Windows\system32\wshunix.dll

dbghelp: loaded successfully - version: 4.0.5 - missing functions: none
symbol engine: initialized successfully - sym options: 0x614 - pdb path: .;C:\Program Files\Microsoft\jdk-17.0.10.7-hotspot\bin;C:\Windows\SYSTEM32;C:\Windows\WinSxS\amd64_microsoft.windows.common-controls_6595b64144ccf1df_6.0.19041.3636_none_60b6a03d71f818d5;C:\Program Files\Microsoft\jdk-17.0.10.7-hotspot\bin\server;C:\Users\user\.gradle\native\c067742578af261105cb4f569cf0c3c89f3d7b1fecec35dd04571415982c5e48\windows-amd64

VM Arguments:
jvm_args: -Xmx64m -Xms64m -Dorg.gradle.appname=gradlew 
java_command: org.gradle.wrapper.GradleWrapperMain app:installDebug -PreactNativeDevServerPort=8081
java_class_path (initial): D:\Sample\ABC\android\\gradle\wrapper\gradle-wrapper.jar
Launcher Type: SUN_STANDARD

[Global flags]
     intx CICompilerCount                          = 3                                         {product} {ergonomic}
     uint ConcGCThreads                            = 1                                         {product} {ergonomic}
     uint G1ConcRefinementThreads                  = 4                                         {product} {ergonomic}
   size_t G1HeapRegionSize                         = 1048576                                   {product} {ergonomic}
    uintx GCDrainStackTargetSize                   = 64                                        {product} {ergonomic}
   size_t InitialHeapSize                          = 67108864                                  {product} {command line}
   size_t MarkStackSize                            = 4194304                                   {product} {ergonomic}
   size_t MaxHeapSize                              = 67108864                                  {product} {command line}
   size_t MaxNewSize                               = 39845888                                  {product} {ergonomic}
   size_t MinHeapDeltaBytes                        = 1048576                                   {product} {ergonomic}
   size_t MinHeapSize                              = 67108864                                  {product} {command line}
    uintx NonNMethodCodeHeapSize                   = 5832780                                {pd product} {ergonomic}
    uintx NonProfiledCodeHeapSize                  = 122912730                              {pd product} {ergonomic}
    uintx ProfiledCodeHeapSize                     = 122912730                              {pd product} {ergonomic}
    uintx ReservedCodeCacheSize                    = 251658240                              {pd product} {ergonomic}
     bool SegmentedCodeCache                       = true                                      {product} {ergonomic}
   size_t SoftMaxHeapSize                          = 67108864                               {manageable} {ergonomic}
     bool UseCompressedClassPointers               = true                           {product lp64_product} {ergonomic}
     bool UseCompressedOops                        = true                           {product lp64_product} {ergonomic}
     bool UseG1GC                                  = true                                      {product} {ergonomic}
     bool UseLargePagesIndividualAllocation        = false                                  {pd product} {ergonomic}

Logging:
Log output configuration:
 #0: stdout all=warning uptime,level,tags
 #1: stderr all=off uptime,level,tags

Environment Variables:
JAVA_HOME=C:\Program Files\Microsoft\jdk-17.0.10.7-hotspot
CLASSPATH=D:\Sample\ABC\android\\gradle\wrapper\gradle-wrapper.jar
PATH=D:\Sample\ABC\node_modules\.bin;D:\Sample\ABC\node_modules\.bin;D:\Sample\node_modules\.bin;D:\node_modules\.bin;C:\Users\user\AppData\Roaming\npm\node_modules\npm\node_modules\@npmcli\run-script\lib\node-gyp-bin;C:\Users\user\AppData\Local\Temp\xfs-11b069c6;C:\Program Files\Microsoft\jdk-17.0.10.7-hotspot\bin;C:\Windows\system32;C:\Windows;C:\Windows\System32\Wbem;C:\Windows\System32\WindowsPowerShell\v1.0\;C:\Windows\System32\OpenSSH\;C:\ProgramData\chocolatey\bin;C:\Program Files\nodejs\;C:\Program Files\TortoiseGit\bin;C:\Program Files\Git\cmd;C:\Users\user\AppData\Local\Android\Sdk;C:\Users\user\AppData\Roaming\npm;C:\Users\user\AppData\Local\Android\Sdk\tools;C:\Users\user\AppData\Local\Android\Sdk\platform-tools;C:\Users\user\AppData\Local\Android\Sdk\emulator;C:\Users\user\AppData\Local\Android\Sdk\cmdline-tools\bin;C:\Users\user\AppData\Local\Android\Sdk\cmdline-tools;C:\Users\user\AppData\Local\Android\Sdk\tools;C:\Program Files\nodejs;C:\Users\user\AppData\Roaming\npm;C:\Users\user\AppData\Local\Android\Sdk;C:\Users\user\AppData\Local\Android\Sdk\platform-tools;C:\Users\user\AppData\Local\Android\Sdk\emulator;C:\Users\user\AppData\Local\Android\Sdk\cmdline-tools;C:\Users\user\AppData\Local\Android\Sdk\cmdline-tools\bin;C:\Users\user\AppData\Local\Programs\Microsoft VS Code\bin
USERNAME=user
LANG=en_US.UTF-8
OS=Windows_NT
PROCESSOR_IDENTIFIER=Intel64 Family 6 Model 158 Stepping 11, GenuineIntel
TMP=C:\Users\user\AppData\Local\Temp
TEMP=C:\Users\user\AppData\Local\Temp



Periodic native trim disabled


---------------  S Y S T E M  ---------------

OS:
 Windows 10 , 64 bit Build 19041 (10.0.19041.3636)
OS uptime: 0 days 22:18 hours
Hyper-V role detected

CPU: total 4 (initial active 4) (4 cores per cpu, 1 threads per core) family 6 model 158 stepping 11 microcode 0xea, cx8, cmov, fxsr, mmx, 3dnowpref, sse, sse2, sse3, ssse3, sse4.1, sse4.2, popcnt, lzcnt, tsc, tscinvbit, avx, avx2, aes, erms, clmul, bmi1, bmi2, adx, fma, vzeroupper, clflush, clflushopt, hv
Processor Information for all 4 processors :
  Max Mhz: 3600, Current Mhz: 3600, Mhz Limit: 3600

Memory: 4k page, system-wide physical 12102M (255M free)
TotalPageFile size 28140M (AvailPageFile size 5M)
current process WorkingSet (physical memory assigned to process): 86M, peak: 89M
current process commit charge ("private bytes"): 156M, peak: 159M

vm_info: OpenJDK 64-Bit Server VM (17.0.10+7-LTS) for windows-amd64 JRE (17.0.10+7-LTS), built on Jan 10 2024 19:47:12 by "MicrosoftCorporation" with MS VC++ 16.10 / 16.11 (VS2019)

END.
