#
# There is insufficient memory for the Java Runtime Environment to continue.
# Native memory allocation (mmap) failed to map 131072000 bytes for G1 virtual space
# Possible reasons:
#   The system is out of physical RAM or swap space
#   The process is running with CompressedOops enabled, and the Java Heap may be blocking the growth of the native heap
# Possible solutions:
#   Reduce memory load on the system
#   Increase physical memory or swap space
#   Check if swap backing store is full
#   Decrease Java heap size (-Xmx/-Xms)
#   Decrease number of Java threads
#   Decrease Java thread stack sizes (-Xss)
#   Set larger code cache with -XX:ReservedCodeCacheSize=
#   JVM is running with Unscaled Compressed Oops mode in which the Java heap is
#     placed in the first 4GB address space. The Java Heap base address is the
#     maximum limit for the native heap growth. Please use -XX:HeapBaseMinAddress
#     to set the Java Heap base and to place the Java Heap above 4GB virtual address.
# This output file may be truncated or incomplete.
#
#  Out of Memory Error (os_windows.cpp:3613), pid=8220, tid=7612
#
# JRE version: OpenJDK Runtime Environment Microsoft-8902769 (17.0.10+7) (build 17.0.10+7-LTS)
# Java VM: OpenJDK 64-Bit Server VM Microsoft-8902769 (17.0.10+7-LTS, mixed mode, sharing, tiered, compressed oops, compressed class ptrs, g1 gc, windows-amd64)
# No core dump will be written. Minidumps are not enabled by default on client versions of Windows
#

---------------  S U M M A R Y ------------

Command Line: -XX:MaxMetaspaceSize=512m --add-opens=java.base/java.util=ALL-UNNAMED --add-opens=java.base/java.lang=ALL-UNNAMED --add-opens=java.base/java.lang.invoke=ALL-UNNAMED --add-opens=java.prefs/java.util.prefs=ALL-UNNAMED --add-opens=java.base/java.nio.charset=ALL-UNNAMED --add-opens=java.base/java.net=ALL-UNNAMED --add-opens=java.base/java.util.concurrent.atomic=ALL-UNNAMED -Xmx2048m -Dfile.encoding=windows-1252 -Duser.country=IN -Duser.language=en -Duser.variant -javaagent:C:\Users\user\.gradle\wrapper\dists\gradle-8.6-all\3mbtmo166bl6vumsh5k2lkq5h\gradle-8.6\lib\agents\gradle-instrumentation-agent-8.6.jar org.gradle.launcher.daemon.bootstrap.GradleDaemon 8.6

Host: Intel(R) Core(TM) i3-8100 CPU @ 3.60GHz, 4 cores, 11G,  Windows 10 , 64 bit Build 19041 (10.0.19041.3636)
Time: Fri May 10 15:09:25 2024 India Standard Time elapsed time: 39.561133 seconds (0d 0h 0m 39s)

---------------  T H R E A D  ---------------

Current thread (0x0000017a7e7babc0):  VMThread "VM Thread" [stack: 0x000000766e900000,0x000000766ea00000] [id=7612]

Stack: [0x000000766e900000,0x000000766ea00000]
Native frames: (J=compiled Java code, j=interpreted, Vv=VM code, C=native code)
V  [jvm.dll+0x67f829]
V  [jvm.dll+0x83750a]
V  [jvm.dll+0x838fce]
V  [jvm.dll+0x839633]
V  [jvm.dll+0x247cbf]
V  [jvm.dll+0x67c669]
V  [jvm.dll+0x6710da]
V  [jvm.dll+0x309b8b]
V  [jvm.dll+0x311036]
V  [jvm.dll+0x360d5e]
V  [jvm.dll+0x360f8f]
V  [jvm.dll+0x2e0798]
V  [jvm.dll+0x2e3816]
V  [jvm.dll+0x2edf0a]
V  [jvm.dll+0x322220]
V  [jvm.dll+0x83db2b]
V  [jvm.dll+0x83e871]
V  [jvm.dll+0x83ed8d]
V  [jvm.dll+0x83f164]
V  [jvm.dll+0x83f230]
V  [jvm.dll+0x7e69da]
V  [jvm.dll+0x67e715]
C  [ucrtbase.dll+0x21bb2]
C  [KERNEL32.DLL+0x17344]
C  [ntdll.dll+0x526b1]

VM_Operation (0x000000766e5ff720): G1PauseRemark, mode: safepoint, requested by thread 0x0000017a7b79f410


---------------  P R O C E S S  ---------------

Threads class SMR info:
_java_thread_list=0x0000017a474aa020, length=100, elements={
0x0000017a7b733200, 0x0000017a7e7c3be0, 0x0000017a7e7c46b0, 0x0000017a7e7da540,
0x0000017a7e7db010, 0x0000017a7e7dfa00, 0x0000017a7e7e02d0, 0x0000017a7e7f1ce0,
0x0000017a7e812ab0, 0x0000017a7e8157e0, 0x0000017a7e7ab920, 0x0000017a1cd24150,
0x0000017a3caf7860, 0x0000017a3d125d30, 0x0000017a3e2ff440, 0x0000017a3d6cc210,
0x0000017a3df761b0, 0x0000017a3d236030, 0x0000017a3d236510, 0x0000017a3dc965a0,
0x0000017a3c49b0e0, 0x0000017a3c498350, 0x0000017a3c497930, 0x0000017a3c499790,
0x0000017a3c49a6c0, 0x0000017a3c498860, 0x0000017a3c498d70, 0x0000017a3c499280,
0x0000017a3c49a1b0, 0x0000017a3c49abd0, 0x0000017a3c499ca0, 0x0000017a3e77b8e0,
0x0000017a3e777200, 0x0000017a3e778640, 0x0000017a3e779570, 0x0000017a3e77bdf0,
0x0000017a3e779f90, 0x0000017a3e778b50, 0x0000017a3e7767e0, 0x0000017a3e77a4a0,
0x0000017a3e776cf0, 0x0000017a3e778130, 0x0000017a3e779060, 0x0000017a3e77b3d0,
0x0000017a3e774e90, 0x0000017a3e775dc0, 0x0000017a3e77c300, 0x0000017a3e7753a0,
0x0000017a40323d20, 0x0000017a40325b80, 0x0000017a40322df0, 0x0000017a40320f90,
0x0000017a40324230, 0x0000017a403223d0, 0x0000017a40320060, 0x0000017a40325160,
0x0000017a403265a0, 0x0000017a403274d0, 0x0000017a40326ab0, 0x0000017a403279e0,
0x0000017a40325670, 0x0000017a40326090, 0x0000017a40324740, 0x0000017a40324c50,
0x0000017a40320570, 0x0000017a40326fc0, 0x0000017a40323300, 0x0000017a3d5c9b90,
0x0000017a3d5cdd60, 0x0000017a3d5cc410, 0x0000017a3d5c8750, 0x0000017a3d5cb9f0,
0x0000017a3d5cc920, 0x0000017a3d5d00d0, 0x0000017a3d5cce30, 0x0000017a3d5c8c60,
0x0000017a3d5cf1a0, 0x0000017a3d5ca5b0, 0x0000017a3d5caac0, 0x0000017a40f516a0,
0x0000017a40f53f20, 0x0000017a40f55870, 0x0000017a40f55d80, 0x0000017a40f50c80,
0x0000017a40f520c0, 0x0000017a40f50770, 0x0000017a40f54430, 0x0000017a40f56290,
0x0000017a40f54940, 0x0000017a40f55360, 0x0000017a40f54e50, 0x0000017a40f525d0,
0x0000017a40f50260, 0x0000017a40f567a0, 0x0000017a40f4fd50, 0x0000017a3e777c20,
0x0000017a3d5cb4e0, 0x0000017a47b7cfc0, 0x0000017a47b77ec0, 0x0000017a47b783d0
}

Java Threads: ( => current thread )
  0x0000017a7b733200 JavaThread "main" [_thread_blocked, id=9080, stack(0x000000766e300000,0x000000766e400000)]
  0x0000017a7e7c3be0 JavaThread "Reference Handler" daemon [_thread_blocked, id=15000, stack(0x000000766ea00000,0x000000766eb00000)]
  0x0000017a7e7c46b0 JavaThread "Finalizer" daemon [_thread_blocked, id=12112, stack(0x000000766eb00000,0x000000766ec00000)]
  0x0000017a7e7da540 JavaThread "Signal Dispatcher" daemon [_thread_blocked, id=2604, stack(0x000000766ec00000,0x000000766ed00000)]
  0x0000017a7e7db010 JavaThread "Attach Listener" daemon [_thread_blocked, id=3324, stack(0x000000766ed00000,0x000000766ee00000)]
  0x0000017a7e7dfa00 JavaThread "Service Thread" daemon [_thread_blocked, id=7736, stack(0x000000766ee00000,0x000000766ef00000)]
  0x0000017a7e7e02d0 JavaThread "Monitor Deflation Thread" daemon [_thread_blocked, id=4196, stack(0x000000766ef00000,0x000000766f000000)]
  0x0000017a7e7f1ce0 JavaThread "C2 CompilerThread0" daemon [_thread_in_native, id=12792, stack(0x000000766f000000,0x000000766f100000)]
  0x0000017a7e812ab0 JavaThread "C1 CompilerThread0" daemon [_thread_blocked, id=4132, stack(0x000000766f100000,0x000000766f200000)]
  0x0000017a7e8157e0 JavaThread "Sweeper thread" daemon [_thread_blocked, id=13620, stack(0x000000766f200000,0x000000766f300000)]
  0x0000017a7e7ab920 JavaThread "Common-Cleaner" daemon [_thread_blocked, id=1908, stack(0x000000766f300000,0x000000766f400000)]
  0x0000017a1cd24150 JavaThread "Notification Thread" daemon [_thread_blocked, id=15244, stack(0x000000766f400000,0x000000766f500000)]
  0x0000017a3caf7860 JavaThread "Daemon health stats" [_thread_blocked, id=9692, stack(0x000000766fa00000,0x000000766fb00000)]
  0x0000017a3d125d30 JavaThread "Incoming local TCP Connector on port 49676" [_thread_in_native, id=12584, stack(0x000000766fb00000,0x000000766fc00000)]
  0x0000017a3e2ff440 JavaThread "Daemon periodic checks" [_thread_blocked, id=15132, stack(0x000000766fc00000,0x000000766fd00000)]
  0x0000017a3d6cc210 JavaThread "Daemon" [_thread_blocked, id=11428, stack(0x000000766fd00000,0x000000766fe00000)]
  0x0000017a3df761b0 JavaThread "Handler for socket connection from /127.0.0.1:49676 to /127.0.0.1:49677" [_thread_in_native, id=13668, stack(0x000000766fe00000,0x000000766ff00000)]
  0x0000017a3d236030 JavaThread "Cancel handler" [_thread_blocked, id=10624, stack(0x000000766f600000,0x000000766f700000)]
  0x0000017a3d236510 JavaThread "Daemon worker" [_thread_blocked, id=14752, stack(0x000000766ff00000,0x0000007670000000)]
  0x0000017a3dc965a0 JavaThread "Asynchronous log dispatcher for DefaultDaemonConnection: socket connection from /127.0.0.1:49676 to /127.0.0.1:49677" [_thread_blocked, id=11320, stack(0x0000007670000000,0x0000007670100000)]
  0x0000017a3c49b0e0 JavaThread "Stdin handler" [_thread_blocked, id=13028, stack(0x0000007670100000,0x0000007670200000)]
  0x0000017a3c498350 JavaThread "Daemon client event forwarder" [_thread_blocked, id=5688, stack(0x0000007670200000,0x0000007670300000)]
  0x0000017a3c497930 JavaThread "Cache worker for journal cache (C:\Users\user\.gradle\caches\journal-1)" [_thread_blocked, id=1616, stack(0x0000007670300000,0x0000007670400000)]
  0x0000017a3c499790 JavaThread "File lock request listener" [_thread_in_native, id=10636, stack(0x0000007670400000,0x0000007670500000)]
  0x0000017a3c49a6c0 JavaThread "Cache worker for file hash cache (C:\Users\user\.gradle\caches\8.6\fileHashes)" [_thread_blocked, id=14852, stack(0x0000007670500000,0x0000007670600000)]
  0x0000017a3c498860 JavaThread "File watcher server" daemon [_thread_blocked, id=1160, stack(0x0000007670700000,0x0000007670800000)]
  0x0000017a3c498d70 JavaThread "File watcher consumer" daemon [_thread_blocked, id=7408, stack(0x0000007670800000,0x0000007670900000)]
  0x0000017a3c499280 JavaThread "Cache worker for checksums cache (D:\Sample\ABC\android\.gradle\8.6\checksums)" [_thread_blocked, id=4684, stack(0x0000007670900000,0x0000007670a00000)]
  0x0000017a3c49a1b0 JavaThread "Cache worker for file hash cache (D:\Sample\ABC\android\.gradle\8.6\fileHashes)" [_thread_blocked, id=14720, stack(0x0000007670a00000,0x0000007670b00000)]
  0x0000017a3c49abd0 JavaThread "Cache worker for cache directory md-supplier (C:\Users\user\.gradle\caches\8.6\md-supplier)" [_thread_blocked, id=11324, stack(0x0000007670b00000,0x0000007670c00000)]
  0x0000017a3c499ca0 JavaThread "Cache worker for cache directory md-rule (C:\Users\user\.gradle\caches\8.6\md-rule)" [_thread_blocked, id=15260, stack(0x0000007670c00000,0x0000007670d00000)]
  0x0000017a3e77b8e0 JavaThread "Cache worker for file content cache (C:\Users\user\.gradle\caches\8.6\fileContent)" [_thread_blocked, id=14108, stack(0x0000007670d00000,0x0000007670e00000)]
  0x0000017a3e777200 JavaThread "jar transforms" [_thread_blocked, id=15288, stack(0x0000007670e00000,0x0000007670f00000)]
  0x0000017a3e778640 JavaThread "jar transforms Thread 2" [_thread_blocked, id=12400, stack(0x0000007670f00000,0x0000007671000000)]
  0x0000017a3e779570 JavaThread "jar transforms Thread 3" [_thread_blocked, id=7036, stack(0x0000007671000000,0x0000007671100000)]
  0x0000017a3e77bdf0 JavaThread "jar transforms Thread 4" [_thread_blocked, id=10248, stack(0x0000007671100000,0x0000007671200000)]
  0x0000017a3e779f90 JavaThread "Exec process" [_thread_blocked, id=15212, stack(0x0000007671200000,0x0000007671300000)]
  0x0000017a3e778b50 JavaThread "Exec process Thread 2" [_thread_blocked, id=15032, stack(0x0000007671300000,0x0000007671400000)]
  0x0000017a3e7767e0 JavaThread "Exec process Thread 3" [_thread_blocked, id=9176, stack(0x0000007671400000,0x0000007671500000)]
  0x0000017a3e77a4a0 JavaThread "Unconstrained build operations" [_thread_blocked, id=4864, stack(0x0000007671500000,0x0000007671600000)]
  0x0000017a3e776cf0 JavaThread "Unconstrained build operations Thread 2" [_thread_blocked, id=8888, stack(0x0000007671600000,0x0000007671700000)]
  0x0000017a3e778130 JavaThread "Cache worker for Build Output Cleanup Cache (D:\Sample\ABC\node_modules\@react-native\gradle-plugin\.gradle\buildOutputCleanup)" [_thread_blocked, id=13204, stack(0x0000007671700000,0x0000007671800000)]
  0x0000017a3e779060 JavaThread "Unconstrained build operations Thread 3" [_thread_blocked, id=13716, stack(0x0000007671800000,0x0000007671900000)]
  0x0000017a3e77b3d0 JavaThread "Unconstrained build operations Thread 4" [_thread_blocked, id=6076, stack(0x0000007671900000,0x0000007671a00000)]
  0x0000017a3e774e90 JavaThread "Unconstrained build operations Thread 5" [_thread_blocked, id=13540, stack(0x0000007671a00000,0x0000007671b00000)]
  0x0000017a3e775dc0 JavaThread "build event listener" [_thread_blocked, id=13680, stack(0x0000007671b00000,0x0000007671c00000)]
  0x0000017a3e77c300 JavaThread "Memory manager" [_thread_blocked, id=14676, stack(0x0000007671c00000,0x0000007671d00000)]
  0x0000017a3e7753a0 JavaThread "Cache worker for Build Output Cleanup Cache (D:\Sample\ABC\android\.gradle\buildOutputCleanup)" [_thread_blocked, id=3140, stack(0x0000007670600000,0x0000007670700000)]
  0x0000017a40323d20 JavaThread "ForkJoinPool.commonPool-worker-1" daemon [_thread_blocked, id=7460, stack(0x0000007671d00000,0x0000007671e00000)]
  0x0000017a40325b80 JavaThread "ForkJoinPool.commonPool-worker-2" daemon [_thread_blocked, id=8416, stack(0x0000007671e00000,0x0000007671f00000)]
  0x0000017a40322df0 JavaThread "ForkJoinPool.commonPool-worker-3" daemon [_thread_blocked, id=4356, stack(0x0000007671f00000,0x0000007672000000)]
  0x0000017a40320f90 JavaThread "included builds" [_thread_blocked, id=8484, stack(0x0000007672000000,0x0000007672100000)]
  0x0000017a40324230 JavaThread "Execution worker" [_thread_blocked, id=11956, stack(0x0000007672100000,0x0000007672200000)]
  0x0000017a403223d0 JavaThread "Execution worker Thread 2" [_thread_blocked, id=6516, stack(0x0000007672200000,0x0000007672300000)]
  0x0000017a40320060 JavaThread "Execution worker Thread 3" [_thread_blocked, id=14800, stack(0x0000007672300000,0x0000007672400000)]
  0x0000017a40325160 JavaThread "Cache worker for execution history cache (D:\Sample\ABC\node_modules\@react-native\gradle-plugin\.gradle\8.6\executionHistory)" [_thread_blocked, id=5532, stack(0x0000007672400000,0x0000007672500000)]
  0x0000017a403265a0 JavaThread "Unconstrained build operations Thread 6" [_thread_blocked, id=13088, stack(0x0000007672500000,0x0000007672600000)]
  0x0000017a403274d0 JavaThread "Unconstrained build operations Thread 7" [_thread_blocked, id=14276, stack(0x0000007672600000,0x0000007672700000)]
  0x0000017a40326ab0 JavaThread "Unconstrained build operations Thread 8" [_thread_blocked, id=13288, stack(0x0000007672700000,0x0000007672800000)]
  0x0000017a403279e0 JavaThread "Unconstrained build operations Thread 9" [_thread_blocked, id=10196, stack(0x0000007672800000,0x0000007672900000)]
  0x0000017a40325670 JavaThread "Unconstrained build operations Thread 10" [_thread_blocked, id=12188, stack(0x0000007672900000,0x0000007672a00000)]
  0x0000017a40326090 JavaThread "Unconstrained build operations Thread 11" [_thread_blocked, id=3728, stack(0x0000007672a00000,0x0000007672b00000)]
  0x0000017a40324740 JavaThread "Unconstrained build operations Thread 12" [_thread_blocked, id=12952, stack(0x0000007672b00000,0x0000007672c00000)]
  0x0000017a40324c50 JavaThread "Unconstrained build operations Thread 13" [_thread_blocked, id=12672, stack(0x0000007672c00000,0x0000007672d00000)]
  0x0000017a40320570 JavaThread "Unconstrained build operations Thread 14" [_thread_blocked, id=6232, stack(0x0000007672d00000,0x0000007672e00000)]
  0x0000017a40326fc0 JavaThread "Unconstrained build operations Thread 15" [_thread_blocked, id=12020, stack(0x0000007672e00000,0x0000007672f00000)]
  0x0000017a40323300 JavaThread "Unconstrained build operations Thread 16" [_thread_blocked, id=9736, stack(0x0000007672f00000,0x0000007673000000)]
  0x0000017a3d5c9b90 JavaThread "build event listener" [_thread_blocked, id=2212, stack(0x0000007673000000,0x0000007673100000)]
  0x0000017a3d5cdd60 JavaThread "Unconstrained build operations Thread 17" [_thread_blocked, id=14940, stack(0x0000007673200000,0x0000007673300000)]
  0x0000017a3d5cc410 JavaThread "Unconstrained build operations Thread 18" [_thread_blocked, id=1144, stack(0x0000007673300000,0x0000007673400000)]
  0x0000017a3d5c8750 JavaThread "Unconstrained build operations Thread 19" [_thread_blocked, id=10740, stack(0x0000007673400000,0x0000007673500000)]
  0x0000017a3d5cb9f0 JavaThread "Unconstrained build operations Thread 20" [_thread_blocked, id=3608, stack(0x0000007673500000,0x0000007673600000)]
  0x0000017a3d5cc920 JavaThread "Unconstrained build operations Thread 21" [_thread_blocked, id=10696, stack(0x0000007673600000,0x0000007673700000)]
  0x0000017a3d5d00d0 JavaThread "Unconstrained build operations Thread 22" [_thread_blocked, id=480, stack(0x0000007673700000,0x0000007673800000)]
  0x0000017a3d5cce30 JavaThread "Unconstrained build operations Thread 23" [_thread_blocked, id=4752, stack(0x0000007673800000,0x0000007673900000)]
  0x0000017a3d5c8c60 JavaThread "Unconstrained build operations Thread 24" [_thread_blocked, id=9056, stack(0x0000007673900000,0x0000007673a00000)]
  0x0000017a3d5cf1a0 JavaThread "Unconstrained build operations Thread 25" [_thread_blocked, id=12216, stack(0x0000007673a00000,0x0000007673b00000)]
  0x0000017a3d5ca5b0 JavaThread "Unconstrained build operations Thread 26" [_thread_blocked, id=1376, stack(0x0000007673b00000,0x0000007673c00000)]
  0x0000017a3d5caac0 JavaThread "Unconstrained build operations Thread 27" [_thread_blocked, id=9492, stack(0x0000007673c00000,0x0000007673d00000)]
  0x0000017a40f516a0 JavaThread "Unconstrained build operations Thread 28" [_thread_blocked, id=8672, stack(0x0000007673100000,0x0000007673200000)]
  0x0000017a40f53f20 JavaThread "Unconstrained build operations Thread 29" [_thread_blocked, id=11160, stack(0x0000007673d00000,0x0000007673e00000)]
  0x0000017a40f55870 JavaThread "Unconstrained build operations Thread 30" [_thread_blocked, id=6396, stack(0x0000007673e00000,0x0000007673f00000)]
  0x0000017a40f55d80 JavaThread "Unconstrained build operations Thread 31" [_thread_blocked, id=6648, stack(0x0000007674100000,0x0000007674200000)]
  0x0000017a40f50c80 JavaThread "Unconstrained build operations Thread 32" [_thread_blocked, id=10476, stack(0x0000007674200000,0x0000007674300000)]
  0x0000017a40f520c0 JavaThread "Unconstrained build operations Thread 33" [_thread_blocked, id=2908, stack(0x0000007674300000,0x0000007674400000)]
  0x0000017a40f50770 JavaThread "Unconstrained build operations Thread 34" [_thread_blocked, id=2120, stack(0x0000007674400000,0x0000007674500000)]
  0x0000017a40f54430 JavaThread "Unconstrained build operations Thread 35" [_thread_blocked, id=5780, stack(0x0000007674500000,0x0000007674600000)]
  0x0000017a40f56290 JavaThread "Unconstrained build operations Thread 36" [_thread_blocked, id=11368, stack(0x0000007674600000,0x0000007674700000)]
  0x0000017a40f54940 JavaThread "Unconstrained build operations Thread 37" [_thread_blocked, id=3164, stack(0x0000007674700000,0x0000007674800000)]
  0x0000017a40f55360 JavaThread "Unconstrained build operations Thread 38" [_thread_blocked, id=6148, stack(0x0000007674800000,0x0000007674900000)]
  0x0000017a40f54e50 JavaThread "Unconstrained build operations Thread 39" [_thread_blocked, id=2876, stack(0x0000007674900000,0x0000007674a00000)]
  0x0000017a40f525d0 JavaThread "Unconstrained build operations Thread 40" [_thread_blocked, id=14012, stack(0x0000007674a00000,0x0000007674b00000)]
  0x0000017a40f50260 JavaThread "Cache worker for execution history cache (D:\Sample\ABC\android\.gradle\8.6\executionHistory)" [_thread_blocked, id=7440, stack(0x0000007674b00000,0x0000007674c00000)]
  0x0000017a40f567a0 JavaThread "WorkerExecutor Queue" [_thread_blocked, id=2132, stack(0x0000007674c00000,0x0000007674d00000)]
  0x0000017a40f4fd50 JavaThread "pool-3-thread-1" [_thread_blocked, id=6972, stack(0x0000007674d00000,0x0000007674e00000)]
  0x0000017a3e777c20 JavaThread "stderr" [_thread_in_native, id=5276, stack(0x0000007674e00000,0x0000007674f00000)]
  0x0000017a3d5cb4e0 JavaThread "stdout" [_thread_in_native, id=9984, stack(0x0000007674f00000,0x0000007675000000)]
  0x0000017a47b7cfc0 JavaThread "WorkerExecutor Queue Thread 2" [_thread_blocked, id=5148, stack(0x0000007675000000,0x0000007675100000)]
  0x0000017a47b77ec0 JavaThread "WorkerExecutor Queue Thread 3" [_thread_blocked, id=884, stack(0x0000007675100000,0x0000007675200000)]
  0x0000017a47b783d0 JavaThread "WorkerExecutor Queue Thread 4" [_thread_blocked, id=11796, stack(0x0000007675200000,0x0000007675300000)]

Other Threads:
=>0x0000017a7e7babc0 VMThread "VM Thread" [stack: 0x000000766e900000,0x000000766ea00000] [id=7612]
  0x0000017a7b733e70 WatcherThread [stack: 0x000000766f500000,0x000000766f600000] [id=10896]
  0x0000017a7b78e5b0 GCTaskThread "GC Thread#0" [stack: 0x000000766e400000,0x000000766e500000] [id=13916]
  0x0000017a3c402b70 GCTaskThread "GC Thread#1" [stack: 0x000000766f700000,0x000000766f800000] [id=10860]
  0x0000017a3c402e30 GCTaskThread "GC Thread#2" [stack: 0x000000766f800000,0x000000766f900000] [id=12092]
  0x0000017a3c4030f0 GCTaskThread "GC Thread#3" [stack: 0x000000766f900000,0x000000766fa00000] [id=8912]
  0x0000017a7b79f410 ConcurrentGCThread "G1 Main Marker" [stack: 0x000000766e500000,0x000000766e600000] [id=8540]
  0x0000017a7b7a04e0 ConcurrentGCThread "G1 Conc#0" [stack: 0x000000766e600000,0x000000766e700000] [id=1816]
  0x0000017a7b7ee850 ConcurrentGCThread "G1 Refine#0" [stack: 0x000000766e700000,0x000000766e800000] [id=15268]
  0x0000017a7e678210 ConcurrentGCThread "G1 Service" [stack: 0x000000766e800000,0x000000766e900000] [id=9356]

Threads with active compile tasks:
C2 CompilerThread0    39599 16854       4       org.gradle.internal.snapshot.impl.DirectorySnapshotter$PathVisitor::snapshotFile (213 bytes)

VM state: at safepoint (normal execution)

VM Mutex/Monitor currently owned by a thread:  ([mutex/lock_event])
[0x0000017a7b72eb40] Threads_lock - owner thread: 0x0000017a7e7babc0
[0x0000017a7b730760] Heap_lock - owner thread: 0x0000017a7b79f410

Heap address: 0x0000000080000000, size: 2048 MB, Compressed Oops mode: 32-bit

CDS archive(s) mapped at: [0x0000017a1d000000-0x0000017a1dbb0000-0x0000017a1dbb0000), size 12255232, SharedBaseAddress: 0x0000017a1d000000, ArchiveRelocationMode: 1.
Compressed class space mapped at: 0x0000017a1e000000-0x0000017a38000000, reserved size: 436207616
Narrow klass base: 0x0000017a1d000000, Narrow klass shift: 0, Narrow klass range: 0x100000000

GC Precious Log:
 CPUs: 4 total, 4 available
 Memory: 12102M
 Large Page Support: Disabled
 NUMA Support: Disabled
 Compressed Oops: Enabled (32-bit)
 Heap Region Size: 1M
 Heap Min Capacity: 8M
 Heap Initial Capacity: 190M
 Heap Max Capacity: 2G
 Pre-touch: Disabled
 Parallel Workers: 4
 Concurrent Workers: 1
 Concurrent Refinement Workers: 4
 Periodic GC: Disabled

Heap:
 garbage-first heap   total 261120K, used 230794K [0x0000000080000000, 0x0000000100000000)
  region size 1024K, 16 young (16384K), 2 survivors (2048K)
 Metaspace       used 108746K, committed 110016K, reserved 557056K
  class space    used 15071K, committed 15680K, reserved 425984K

Heap Regions: E=young(eden), S=young(survivor), O=old, HS=humongous(starts), HC=humongous(continues), CS=collection set, F=free, OA=open archive, CA=closed archive, TAMS=top-at-mark-start (previous, next)
|   0|0x0000000080000000, 0x0000000080100000, 0x0000000080100000|100%| O|  |TAMS 0x0000000080100000, 0x0000000080000000| Untracked 
|   1|0x0000000080100000, 0x0000000080200000, 0x0000000080200000|100%| O|  |TAMS 0x0000000080200000, 0x0000000080100000| Updating 
|   2|0x0000000080200000, 0x0000000080300000, 0x0000000080300000|100%|HS|  |TAMS 0x0000000080300000, 0x0000000080200000| Complete 
|   3|0x0000000080300000, 0x0000000080400000, 0x0000000080400000|100%|HC|  |TAMS 0x0000000080400000, 0x0000000080300000| Complete 
|   4|0x0000000080400000, 0x0000000080500000, 0x0000000080500000|100%|HC|  |TAMS 0x0000000080500000, 0x0000000080400000| Complete 
|   5|0x0000000080500000, 0x0000000080600000, 0x0000000080600000|100%|HC|  |TAMS 0x0000000080600000, 0x0000000080500000| Complete 
|   6|0x0000000080600000, 0x0000000080700000, 0x0000000080700000|100%| O|  |TAMS 0x0000000080700000, 0x0000000080600000| Untracked 
|   7|0x0000000080700000, 0x0000000080800000, 0x0000000080800000|100%| O|  |TAMS 0x0000000080800000, 0x0000000080700000| Untracked 
|   8|0x0000000080800000, 0x0000000080900000, 0x0000000080900000|100%| O|  |TAMS 0x0000000080900000, 0x0000000080800000| Untracked 
|   9|0x0000000080900000, 0x0000000080a00000, 0x0000000080a00000|100%| O|  |TAMS 0x0000000080a00000, 0x0000000080900000| Untracked 
|  10|0x0000000080a00000, 0x0000000080b00000, 0x0000000080b00000|100%| O|  |TAMS 0x0000000080b00000, 0x0000000080a00000| Untracked 
|  11|0x0000000080b00000, 0x0000000080c00000, 0x0000000080c00000|100%| O|  |TAMS 0x0000000080c00000, 0x0000000080b00000| Untracked 
|  12|0x0000000080c00000, 0x0000000080d00000, 0x0000000080d00000|100%| O|  |TAMS 0x0000000080d00000, 0x0000000080c00000| Untracked 
|  13|0x0000000080d00000, 0x0000000080e00000, 0x0000000080e00000|100%| O|  |TAMS 0x0000000080e00000, 0x0000000080d00000| Updating 
|  14|0x0000000080e00000, 0x0000000080f00000, 0x0000000080f00000|100%| O|  |TAMS 0x0000000080f00000, 0x0000000080e00000| Untracked 
|  15|0x0000000080f00000, 0x0000000081000000, 0x0000000081000000|100%| O|  |TAMS 0x0000000081000000, 0x0000000080f00000| Untracked 
|  16|0x0000000081000000, 0x0000000081100000, 0x0000000081100000|100%| O|  |TAMS 0x0000000081100000, 0x0000000081000000| Untracked 
|  17|0x0000000081100000, 0x0000000081200000, 0x0000000081200000|100%| O|  |TAMS 0x0000000081200000, 0x0000000081100000| Untracked 
|  18|0x0000000081200000, 0x0000000081300000, 0x0000000081300000|100%| O|  |TAMS 0x0000000081300000, 0x0000000081200000| Untracked 
|  19|0x0000000081300000, 0x0000000081400000, 0x0000000081400000|100%| O|  |TAMS 0x0000000081400000, 0x0000000081300000| Untracked 
|  20|0x0000000081400000, 0x0000000081500000, 0x0000000081500000|100%| O|  |TAMS 0x0000000081500000, 0x0000000081400000| Untracked 
|  21|0x0000000081500000, 0x0000000081600000, 0x0000000081600000|100%| O|  |TAMS 0x0000000081600000, 0x0000000081500000| Untracked 
|  22|0x0000000081600000, 0x0000000081700000, 0x0000000081700000|100%| O|  |TAMS 0x0000000081700000, 0x0000000081600000| Updating 
|  23|0x0000000081700000, 0x0000000081800000, 0x0000000081800000|100%| O|  |TAMS 0x0000000081800000, 0x0000000081700000| Untracked 
|  24|0x0000000081800000, 0x0000000081900000, 0x0000000081900000|100%| O|  |TAMS 0x0000000081900000, 0x0000000081800000| Untracked 
|  25|0x0000000081900000, 0x0000000081a00000, 0x0000000081a00000|100%|HS|  |TAMS 0x0000000081a00000, 0x0000000081900000| Complete 
|  26|0x0000000081a00000, 0x0000000081b00000, 0x0000000081b00000|100%|HS|  |TAMS 0x0000000081b00000, 0x0000000081a00000| Complete 
|  27|0x0000000081b00000, 0x0000000081c00000, 0x0000000081c00000|100%| O|  |TAMS 0x0000000081c00000, 0x0000000081b00000| Untracked 
|  28|0x0000000081c00000, 0x0000000081d00000, 0x0000000081d00000|100%| O|  |TAMS 0x0000000081d00000, 0x0000000081c00000| Untracked 
|  29|0x0000000081d00000, 0x0000000081e00000, 0x0000000081e00000|100%| O|  |TAMS 0x0000000081e00000, 0x0000000081d00000| Untracked 
|  30|0x0000000081e00000, 0x0000000081f00000, 0x0000000081f00000|100%| O|  |TAMS 0x0000000081f00000, 0x0000000081e00000| Untracked 
|  31|0x0000000081f00000, 0x0000000082000000, 0x0000000082000000|100%| O|  |TAMS 0x0000000082000000, 0x0000000081f00000| Updating 
|  32|0x0000000082000000, 0x0000000082100000, 0x0000000082100000|100%| O|  |TAMS 0x0000000082100000, 0x0000000082000000| Untracked 
|  33|0x0000000082100000, 0x0000000082200000, 0x0000000082200000|100%| O|  |TAMS 0x0000000082200000, 0x0000000082100000| Untracked 
|  34|0x0000000082200000, 0x0000000082300000, 0x0000000082300000|100%| O|  |TAMS 0x0000000082300000, 0x0000000082200000| Untracked 
|  35|0x0000000082300000, 0x0000000082400000, 0x0000000082400000|100%| O|  |TAMS 0x0000000082400000, 0x0000000082300000| Untracked 
|  36|0x0000000082400000, 0x0000000082500000, 0x0000000082500000|100%| O|  |TAMS 0x0000000082500000, 0x0000000082400000| Updating 
|  37|0x0000000082500000, 0x0000000082600000, 0x0000000082600000|100%| O|  |TAMS 0x0000000082600000, 0x0000000082500000| Updating 
|  38|0x0000000082600000, 0x0000000082700000, 0x0000000082700000|100%|HS|  |TAMS 0x0000000082700000, 0x0000000082600000| Complete 
|  39|0x0000000082700000, 0x0000000082800000, 0x0000000082800000|100%|HC|  |TAMS 0x0000000082800000, 0x0000000082700000| Complete 
|  40|0x0000000082800000, 0x0000000082900000, 0x0000000082900000|100%| O|  |TAMS 0x0000000082900000, 0x0000000082800000| Updating 
|  41|0x0000000082900000, 0x0000000082a00000, 0x0000000082a00000|100%|HS|  |TAMS 0x0000000082a00000, 0x0000000082900000| Complete 
|  42|0x0000000082a00000, 0x0000000082b00000, 0x0000000082b00000|100%|HC|  |TAMS 0x0000000082b00000, 0x0000000082a00000| Complete 
|  43|0x0000000082b00000, 0x0000000082c00000, 0x0000000082c00000|100%| O|  |TAMS 0x0000000082c00000, 0x0000000082b00000| Untracked 
|  44|0x0000000082c00000, 0x0000000082d00000, 0x0000000082d00000|100%| O|  |TAMS 0x0000000082d00000, 0x0000000082c00000| Untracked 
|  45|0x0000000082d00000, 0x0000000082e00000, 0x0000000082e00000|100%| O|  |TAMS 0x0000000082e00000, 0x0000000082d00000| Updating 
|  46|0x0000000082e00000, 0x0000000082f00000, 0x0000000082f00000|100%|HS|  |TAMS 0x0000000082f00000, 0x0000000082e00000| Complete 
|  47|0x0000000082f00000, 0x0000000083000000, 0x0000000083000000|100%|HC|  |TAMS 0x0000000083000000, 0x0000000082f00000| Complete 
|  48|0x0000000083000000, 0x0000000083100000, 0x0000000083100000|100%|HC|  |TAMS 0x0000000083100000, 0x0000000083000000| Complete 
|  49|0x0000000083100000, 0x0000000083200000, 0x0000000083200000|100%|HC|  |TAMS 0x0000000083200000, 0x0000000083100000| Complete 
|  50|0x0000000083200000, 0x0000000083300000, 0x0000000083300000|100%|HS|  |TAMS 0x0000000083300000, 0x0000000083200000| Complete 
|  51|0x0000000083300000, 0x0000000083400000, 0x0000000083400000|100%|HC|  |TAMS 0x0000000083400000, 0x0000000083300000| Complete 
|  52|0x0000000083400000, 0x0000000083500000, 0x0000000083500000|100%|HC|  |TAMS 0x0000000083500000, 0x0000000083400000| Complete 
|  53|0x0000000083500000, 0x0000000083600000, 0x0000000083600000|100%|HC|  |TAMS 0x0000000083600000, 0x0000000083500000| Complete 
|  54|0x0000000083600000, 0x0000000083700000, 0x0000000083700000|100%| O|  |TAMS 0x0000000083700000, 0x0000000083600000| Untracked 
|  55|0x0000000083700000, 0x0000000083800000, 0x0000000083800000|100%| O|  |TAMS 0x0000000083800000, 0x0000000083700000| Untracked 
|  56|0x0000000083800000, 0x0000000083900000, 0x0000000083900000|100%| O|  |TAMS 0x0000000083900000, 0x0000000083800000| Updating 
|  57|0x0000000083900000, 0x0000000083a00000, 0x0000000083a00000|100%| O|  |TAMS 0x0000000083a00000, 0x0000000083900000| Untracked 
|  58|0x0000000083a00000, 0x0000000083b00000, 0x0000000083b00000|100%| O|  |TAMS 0x0000000083b00000, 0x0000000083a00000| Untracked 
|  59|0x0000000083b00000, 0x0000000083c00000, 0x0000000083c00000|100%| O|  |TAMS 0x0000000083c00000, 0x0000000083b00000| Untracked 
|  60|0x0000000083c00000, 0x0000000083d00000, 0x0000000083d00000|100%| O|  |TAMS 0x0000000083d00000, 0x0000000083c00000| Untracked 
|  61|0x0000000083d00000, 0x0000000083e00000, 0x0000000083e00000|100%| O|  |TAMS 0x0000000083e00000, 0x0000000083d00000| Updating 
|  62|0x0000000083e00000, 0x0000000083f00000, 0x0000000083f00000|100%| O|  |TAMS 0x0000000083f00000, 0x0000000083e00000| Untracked 
|  63|0x0000000083f00000, 0x0000000084000000, 0x0000000084000000|100%| O|  |TAMS 0x0000000084000000, 0x0000000083f00000| Updating 
|  64|0x0000000084000000, 0x0000000084100000, 0x0000000084100000|100%| O|  |TAMS 0x0000000084100000, 0x0000000084000000| Updating 
|  65|0x0000000084100000, 0x0000000084200000, 0x0000000084200000|100%| O|  |TAMS 0x0000000084200000, 0x0000000084100000| Updating 
|  66|0x0000000084200000, 0x0000000084300000, 0x0000000084300000|100%| O|  |TAMS 0x0000000084300000, 0x0000000084200000| Untracked 
|  67|0x0000000084300000, 0x0000000084400000, 0x0000000084400000|100%| O|  |TAMS 0x0000000084400000, 0x0000000084300000| Updating 
|  68|0x0000000084400000, 0x0000000084500000, 0x0000000084500000|100%| O|  |TAMS 0x0000000084500000, 0x0000000084400000| Untracked 
|  69|0x0000000084500000, 0x0000000084600000, 0x0000000084600000|100%|HS|  |TAMS 0x0000000084600000, 0x0000000084500000| Complete 
|  70|0x0000000084600000, 0x0000000084700000, 0x0000000084700000|100%| O|  |TAMS 0x0000000084700000, 0x0000000084600000| Updating 
|  71|0x0000000084700000, 0x0000000084800000, 0x0000000084800000|100%| O|  |TAMS 0x0000000084800000, 0x0000000084700000| Updating 
|  72|0x0000000084800000, 0x0000000084900000, 0x0000000084900000|100%| O|  |TAMS 0x0000000084900000, 0x0000000084800000| Untracked 
|  73|0x0000000084900000, 0x0000000084a00000, 0x0000000084a00000|100%|HS|  |TAMS 0x0000000084a00000, 0x0000000084900000| Complete 
|  74|0x0000000084a00000, 0x0000000084b00000, 0x0000000084b00000|100%|HS|  |TAMS 0x0000000084b00000, 0x0000000084a00000| Complete 
|  75|0x0000000084b00000, 0x0000000084c00000, 0x0000000084c00000|100%|HS|  |TAMS 0x0000000084c00000, 0x0000000084b00000| Complete 
|  76|0x0000000084c00000, 0x0000000084d00000, 0x0000000084d00000|100%|HS|  |TAMS 0x0000000084d00000, 0x0000000084c00000| Complete 
|  77|0x0000000084d00000, 0x0000000084e00000, 0x0000000084e00000|100%| O|  |TAMS 0x0000000084e00000, 0x0000000084d00000| Updating 
|  78|0x0000000084e00000, 0x0000000084f00000, 0x0000000084f00000|100%| O|  |TAMS 0x0000000084f00000, 0x0000000084e00000| Untracked 
|  79|0x0000000084f00000, 0x0000000085000000, 0x0000000085000000|100%| O|  |TAMS 0x0000000085000000, 0x0000000084f00000| Updating 
|  80|0x0000000085000000, 0x0000000085100000, 0x0000000085100000|100%| O|  |TAMS 0x0000000085100000, 0x0000000085000000| Updating 
|  81|0x0000000085100000, 0x0000000085200000, 0x0000000085200000|100%| O|  |TAMS 0x0000000085200000, 0x0000000085100000| Updating 
|  82|0x0000000085200000, 0x0000000085300000, 0x0000000085300000|100%| O|  |TAMS 0x0000000085300000, 0x0000000085200000| Untracked 
|  83|0x0000000085300000, 0x0000000085400000, 0x0000000085400000|100%| O|  |TAMS 0x0000000085400000, 0x0000000085300000| Updating 
|  84|0x0000000085400000, 0x0000000085500000, 0x0000000085500000|100%| O|  |TAMS 0x0000000085500000, 0x0000000085400000| Untracked 
|  85|0x0000000085500000, 0x0000000085600000, 0x0000000085600000|100%| O|  |TAMS 0x0000000085600000, 0x0000000085500000| Untracked 
|  86|0x0000000085600000, 0x0000000085700000, 0x0000000085700000|100%| O|  |TAMS 0x0000000085700000, 0x0000000085600000| Untracked 
|  87|0x0000000085700000, 0x0000000085800000, 0x0000000085800000|100%| O|  |TAMS 0x0000000085800000, 0x0000000085700000| Untracked 
|  88|0x0000000085800000, 0x0000000085900000, 0x0000000085900000|100%| O|  |TAMS 0x0000000085900000, 0x0000000085800000| Untracked 
|  89|0x0000000085900000, 0x0000000085a00000, 0x0000000085a00000|100%| O|  |TAMS 0x0000000085a00000, 0x0000000085900000| Untracked 
|  90|0x0000000085a00000, 0x0000000085b00000, 0x0000000085b00000|100%| O|  |TAMS 0x0000000085b00000, 0x0000000085a00000| Untracked 
|  91|0x0000000085b00000, 0x0000000085c00000, 0x0000000085c00000|100%| O|  |TAMS 0x0000000085c00000, 0x0000000085b00000| Untracked 
|  92|0x0000000085c00000, 0x0000000085d00000, 0x0000000085d00000|100%| O|  |TAMS 0x0000000085d00000, 0x0000000085c00000| Untracked 
|  93|0x0000000085d00000, 0x0000000085e00000, 0x0000000085e00000|100%| O|  |TAMS 0x0000000085e00000, 0x0000000085d00000| Untracked 
|  94|0x0000000085e00000, 0x0000000085f00000, 0x0000000085f00000|100%| O|  |TAMS 0x0000000085f00000, 0x0000000085e00000| Updating 
|  95|0x0000000085f00000, 0x0000000086000000, 0x0000000086000000|100%| O|  |TAMS 0x0000000086000000, 0x0000000085f00000| Untracked 
|  96|0x0000000086000000, 0x0000000086100000, 0x0000000086100000|100%| O|  |TAMS 0x0000000086100000, 0x0000000086000000| Untracked 
|  97|0x0000000086100000, 0x0000000086200000, 0x0000000086200000|100%| O|  |TAMS 0x0000000086200000, 0x0000000086100000| Untracked 
|  98|0x0000000086200000, 0x0000000086300000, 0x0000000086300000|100%| O|  |TAMS 0x0000000086300000, 0x0000000086200000| Untracked 
|  99|0x0000000086300000, 0x0000000086400000, 0x0000000086400000|100%| O|  |TAMS 0x0000000086400000, 0x0000000086300000| Updating 
| 100|0x0000000086400000, 0x0000000086500000, 0x0000000086500000|100%| O|  |TAMS 0x0000000086500000, 0x0000000086400000| Untracked 
| 101|0x0000000086500000, 0x0000000086600000, 0x0000000086600000|100%| O|  |TAMS 0x0000000086600000, 0x0000000086500000| Untracked 
| 102|0x0000000086600000, 0x0000000086700000, 0x0000000086700000|100%| O|  |TAMS 0x0000000086700000, 0x0000000086600000| Untracked 
| 103|0x0000000086700000, 0x0000000086800000, 0x0000000086800000|100%| O|  |TAMS 0x0000000086800000, 0x0000000086700000| Untracked 
| 104|0x0000000086800000, 0x0000000086900000, 0x0000000086900000|100%| O|  |TAMS 0x0000000086900000, 0x0000000086800000| Untracked 
| 105|0x0000000086900000, 0x0000000086a00000, 0x0000000086a00000|100%| O|  |TAMS 0x0000000086a00000, 0x0000000086900000| Untracked 
| 106|0x0000000086a00000, 0x0000000086b00000, 0x0000000086b00000|100%| O|  |TAMS 0x0000000086b00000, 0x0000000086a00000| Untracked 
| 107|0x0000000086b00000, 0x0000000086c00000, 0x0000000086c00000|100%| O|  |TAMS 0x0000000086c00000, 0x0000000086b00000| Untracked 
| 108|0x0000000086c00000, 0x0000000086d00000, 0x0000000086d00000|100%| O|  |TAMS 0x0000000086d00000, 0x0000000086c00000| Updating 
| 109|0x0000000086d00000, 0x0000000086e00000, 0x0000000086e00000|100%| O|  |TAMS 0x0000000086e00000, 0x0000000086d00000| Untracked 
| 110|0x0000000086e00000, 0x0000000086f00000, 0x0000000086f00000|100%| O|  |TAMS 0x0000000086f00000, 0x0000000086e00000| Untracked 
| 111|0x0000000086f00000, 0x0000000087000000, 0x0000000087000000|100%| O|  |TAMS 0x0000000087000000, 0x0000000086f00000| Untracked 
| 112|0x0000000087000000, 0x0000000087100000, 0x0000000087100000|100%| O|  |TAMS 0x0000000087100000, 0x0000000087000000| Untracked 
| 113|0x0000000087100000, 0x0000000087200000, 0x0000000087200000|100%| O|  |TAMS 0x0000000087200000, 0x0000000087100000| Untracked 
| 114|0x0000000087200000, 0x0000000087300000, 0x0000000087300000|100%| O|  |TAMS 0x0000000087300000, 0x0000000087200000| Updating 
| 115|0x0000000087300000, 0x0000000087400000, 0x0000000087400000|100%| O|  |TAMS 0x0000000087400000, 0x0000000087300000| Updating 
| 116|0x0000000087400000, 0x0000000087500000, 0x0000000087500000|100%| O|  |TAMS 0x0000000087500000, 0x0000000087400000| Untracked 
| 117|0x0000000087500000, 0x0000000087600000, 0x0000000087600000|100%| O|  |TAMS 0x0000000087600000, 0x0000000087500000| Untracked 
| 118|0x0000000087600000, 0x0000000087700000, 0x0000000087700000|100%| O|  |TAMS 0x0000000087700000, 0x0000000087600000| Untracked 
| 119|0x0000000087700000, 0x0000000087800000, 0x0000000087800000|100%| O|  |TAMS 0x0000000087800000, 0x0000000087700000| Updating 
| 120|0x0000000087800000, 0x0000000087900000, 0x0000000087900000|100%|HS|  |TAMS 0x0000000087900000, 0x0000000087800000| Complete 
| 121|0x0000000087900000, 0x0000000087a00000, 0x0000000087a00000|100%|HS|  |TAMS 0x0000000087a00000, 0x0000000087900000| Complete 
| 122|0x0000000087a00000, 0x0000000087b00000, 0x0000000087b00000|100%|HC|  |TAMS 0x0000000087b00000, 0x0000000087a00000| Complete 
| 123|0x0000000087b00000, 0x0000000087c00000, 0x0000000087c00000|100%| O|  |TAMS 0x0000000087c00000, 0x0000000087b00000| Untracked 
| 124|0x0000000087c00000, 0x0000000087d00000, 0x0000000087d00000|100%| O|  |TAMS 0x0000000087d00000, 0x0000000087c00000| Updating 
| 125|0x0000000087d00000, 0x0000000087e00000, 0x0000000087e00000|100%| O|  |TAMS 0x0000000087e00000, 0x0000000087d00000| Untracked 
| 126|0x0000000087e00000, 0x0000000087f00000, 0x0000000087f00000|100%| O|  |TAMS 0x0000000087f00000, 0x0000000087e00000| Updating 
| 127|0x0000000087f00000, 0x0000000088000000, 0x0000000088000000|100%| O|  |TAMS 0x0000000088000000, 0x0000000087f00000| Untracked 
| 128|0x0000000088000000, 0x0000000088100000, 0x0000000088100000|100%| O|  |TAMS 0x0000000088100000, 0x0000000088000000| Untracked 
| 129|0x0000000088100000, 0x0000000088200000, 0x0000000088200000|100%| O|  |TAMS 0x0000000088200000, 0x0000000088100000| Updating 
| 130|0x0000000088200000, 0x0000000088300000, 0x0000000088300000|100%| O|  |TAMS 0x0000000088300000, 0x0000000088200000| Untracked 
| 131|0x0000000088300000, 0x0000000088400000, 0x0000000088400000|100%| O|  |TAMS 0x0000000088400000, 0x0000000088300000| Untracked 
| 132|0x0000000088400000, 0x0000000088500000, 0x0000000088500000|100%| O|  |TAMS 0x0000000088500000, 0x0000000088400000| Untracked 
| 133|0x0000000088500000, 0x0000000088600000, 0x0000000088600000|100%| O|  |TAMS 0x0000000088600000, 0x0000000088500000| Untracked 
| 134|0x0000000088600000, 0x0000000088700000, 0x0000000088700000|100%| O|  |TAMS 0x0000000088700000, 0x0000000088600000| Updating 
| 135|0x0000000088700000, 0x0000000088800000, 0x0000000088800000|100%| O|  |TAMS 0x0000000088800000, 0x0000000088700000| Updating 
| 136|0x0000000088800000, 0x0000000088900000, 0x0000000088900000|100%| O|  |TAMS 0x0000000088900000, 0x0000000088800000| Untracked 
| 137|0x0000000088900000, 0x0000000088a00000, 0x0000000088a00000|100%| O|  |TAMS 0x0000000088a00000, 0x0000000088900000| Updating 
| 138|0x0000000088a00000, 0x0000000088b00000, 0x0000000088b00000|100%| O|  |TAMS 0x0000000088b00000, 0x0000000088a00000| Untracked 
| 139|0x0000000088b00000, 0x0000000088c00000, 0x0000000088c00000|100%| O|  |TAMS 0x0000000088c00000, 0x0000000088b00000| Untracked 
| 140|0x0000000088c00000, 0x0000000088d00000, 0x0000000088d00000|100%| O|  |TAMS 0x0000000088d00000, 0x0000000088c00000| Untracked 
| 141|0x0000000088d00000, 0x0000000088e00000, 0x0000000088e00000|100%| O|  |TAMS 0x0000000088e00000, 0x0000000088d00000| Updating 
| 142|0x0000000088e00000, 0x0000000088f00000, 0x0000000088f00000|100%|HS|  |TAMS 0x0000000088f00000, 0x0000000088e00000| Complete 
| 143|0x0000000088f00000, 0x0000000089000000, 0x0000000089000000|100%|HS|  |TAMS 0x0000000089000000, 0x0000000088f00000| Complete 
| 144|0x0000000089000000, 0x0000000089100000, 0x0000000089100000|100%| O|  |TAMS 0x0000000089100000, 0x0000000089000000| Updating 
| 145|0x0000000089100000, 0x0000000089200000, 0x0000000089200000|100%| O|  |TAMS 0x0000000089200000, 0x0000000089100000| Updating 
| 146|0x0000000089200000, 0x0000000089300000, 0x0000000089300000|100%| O|  |TAMS 0x0000000089300000, 0x0000000089200000| Updating 
| 147|0x0000000089300000, 0x0000000089400000, 0x0000000089400000|100%| O|  |TAMS 0x0000000089400000, 0x0000000089300000| Untracked 
| 148|0x0000000089400000, 0x0000000089500000, 0x0000000089500000|100%| O|  |TAMS 0x0000000089500000, 0x0000000089400000| Updating 
| 149|0x0000000089500000, 0x0000000089600000, 0x0000000089600000|100%| O|  |TAMS 0x0000000089600000, 0x0000000089500000| Untracked 
| 150|0x0000000089600000, 0x0000000089700000, 0x0000000089700000|100%| O|  |TAMS 0x0000000089700000, 0x0000000089600000| Untracked 
| 151|0x0000000089700000, 0x0000000089800000, 0x0000000089800000|100%| O|  |TAMS 0x0000000089800000, 0x0000000089700000| Untracked 
| 152|0x0000000089800000, 0x0000000089900000, 0x0000000089900000|100%| O|  |TAMS 0x0000000089900000, 0x0000000089800000| Updating 
| 153|0x0000000089900000, 0x0000000089a00000, 0x0000000089a00000|100%| O|  |TAMS 0x0000000089a00000, 0x0000000089900000| Updating 
| 154|0x0000000089a00000, 0x0000000089b00000, 0x0000000089b00000|100%| O|  |TAMS 0x0000000089b00000, 0x0000000089a00000| Updating 
| 155|0x0000000089b00000, 0x0000000089c00000, 0x0000000089c00000|100%| O|  |TAMS 0x0000000089c00000, 0x0000000089b00000| Untracked 
| 156|0x0000000089c00000, 0x0000000089d00000, 0x0000000089d00000|100%| O|  |TAMS 0x0000000089d00000, 0x0000000089c00000| Untracked 
| 157|0x0000000089d00000, 0x0000000089e00000, 0x0000000089e00000|100%| O|  |TAMS 0x0000000089e00000, 0x0000000089d00000| Untracked 
| 158|0x0000000089e00000, 0x0000000089f00000, 0x0000000089f00000|100%| O|  |TAMS 0x0000000089f00000, 0x0000000089e00000| Untracked 
| 159|0x0000000089f00000, 0x000000008a000000, 0x000000008a000000|100%| O|  |TAMS 0x000000008a000000, 0x0000000089f00000| Untracked 
| 160|0x000000008a000000, 0x000000008a100000, 0x000000008a100000|100%| O|  |TAMS 0x000000008a100000, 0x000000008a000000| Updating 
| 161|0x000000008a100000, 0x000000008a200000, 0x000000008a200000|100%| O|  |TAMS 0x000000008a200000, 0x000000008a100000| Untracked 
| 162|0x000000008a200000, 0x000000008a300000, 0x000000008a300000|100%| O|  |TAMS 0x000000008a300000, 0x000000008a200000| Updating 
| 163|0x000000008a300000, 0x000000008a400000, 0x000000008a400000|100%| O|  |TAMS 0x000000008a400000, 0x000000008a300000| Updating 
| 164|0x000000008a400000, 0x000000008a500000, 0x000000008a500000|100%| O|  |TAMS 0x000000008a500000, 0x000000008a400000| Updating 
| 165|0x000000008a500000, 0x000000008a600000, 0x000000008a600000|100%| O|  |TAMS 0x000000008a600000, 0x000000008a500000| Updating 
| 166|0x000000008a600000, 0x000000008a700000, 0x000000008a700000|100%| O|  |TAMS 0x000000008a700000, 0x000000008a600000| Untracked 
| 167|0x000000008a700000, 0x000000008a800000, 0x000000008a800000|100%| O|  |TAMS 0x000000008a800000, 0x000000008a700000| Updating 
| 168|0x000000008a800000, 0x000000008a900000, 0x000000008a900000|100%| O|  |TAMS 0x000000008a900000, 0x000000008a800000| Updating 
| 169|0x000000008a900000, 0x000000008aa00000, 0x000000008aa00000|100%| O|  |TAMS 0x000000008aa00000, 0x000000008a900000| Updating 
| 170|0x000000008aa00000, 0x000000008ab00000, 0x000000008ab00000|100%| O|  |TAMS 0x000000008ab00000, 0x000000008aa00000| Updating 
| 171|0x000000008ab00000, 0x000000008ac00000, 0x000000008ac00000|100%| O|  |TAMS 0x000000008ac00000, 0x000000008ab00000| Untracked 
| 172|0x000000008ac00000, 0x000000008ad00000, 0x000000008ad00000|100%| O|  |TAMS 0x000000008ad00000, 0x000000008ac00000| Untracked 
| 173|0x000000008ad00000, 0x000000008ae00000, 0x000000008ae00000|100%| O|  |TAMS 0x000000008ae00000, 0x000000008ad00000| Untracked 
| 174|0x000000008ae00000, 0x000000008af00000, 0x000000008af00000|100%| O|  |TAMS 0x000000008af00000, 0x000000008ae00000| Updating 
| 175|0x000000008af00000, 0x000000008b000000, 0x000000008b000000|100%| O|  |TAMS 0x000000008b000000, 0x000000008af00000| Updating 
| 176|0x000000008b000000, 0x000000008b100000, 0x000000008b100000|100%| O|  |TAMS 0x000000008b100000, 0x000000008b000000| Updating 
| 177|0x000000008b100000, 0x000000008b200000, 0x000000008b200000|100%| O|  |TAMS 0x000000008b200000, 0x000000008b100000| Updating 
| 178|0x000000008b200000, 0x000000008b300000, 0x000000008b300000|100%| O|  |TAMS 0x000000008b300000, 0x000000008b200000| Updating 
| 179|0x000000008b300000, 0x000000008b400000, 0x000000008b400000|100%| O|  |TAMS 0x000000008b400000, 0x000000008b300000| Updating 
| 180|0x000000008b400000, 0x000000008b500000, 0x000000008b500000|100%| O|  |TAMS 0x000000008b500000, 0x000000008b400000| Untracked 
| 181|0x000000008b500000, 0x000000008b600000, 0x000000008b600000|100%| O|  |TAMS 0x000000008b600000, 0x000000008b500000| Untracked 
| 182|0x000000008b600000, 0x000000008b700000, 0x000000008b700000|100%| O|  |TAMS 0x000000008b700000, 0x000000008b600000| Updating 
| 183|0x000000008b700000, 0x000000008b800000, 0x000000008b800000|100%| O|  |TAMS 0x000000008b800000, 0x000000008b700000| Updating 
| 184|0x000000008b800000, 0x000000008b900000, 0x000000008b900000|100%| O|  |TAMS 0x000000008b900000, 0x000000008b800000| Updating 
| 185|0x000000008b900000, 0x000000008ba00000, 0x000000008ba00000|100%| O|  |TAMS 0x000000008ba00000, 0x000000008b900000| Updating 
| 186|0x000000008ba00000, 0x000000008bb00000, 0x000000008bb00000|100%| O|  |TAMS 0x000000008bb00000, 0x000000008ba00000| Updating 
| 187|0x000000008bb00000, 0x000000008bc00000, 0x000000008bc00000|100%| O|  |TAMS 0x000000008bc00000, 0x000000008bb00000| Updating 
| 188|0x000000008bc00000, 0x000000008bd00000, 0x000000008bd00000|100%| O|  |TAMS 0x000000008bd00000, 0x000000008bc00000| Updating 
| 189|0x000000008bd00000, 0x000000008be00000, 0x000000008be00000|100%| O|  |TAMS 0x000000008be00000, 0x000000008bd00000| Updating 
| 190|0x000000008be00000, 0x000000008bf00000, 0x000000008bf00000|100%| O|  |TAMS 0x000000008bf00000, 0x000000008be00000| Updating 
| 191|0x000000008bf00000, 0x000000008c000000, 0x000000008c000000|100%| O|  |TAMS 0x000000008c000000, 0x000000008bf00000| Updating 
| 192|0x000000008c000000, 0x000000008c100000, 0x000000008c100000|100%| O|  |TAMS 0x000000008c100000, 0x000000008c000000| Untracked 
| 193|0x000000008c100000, 0x000000008c200000, 0x000000008c200000|100%| O|  |TAMS 0x000000008c200000, 0x000000008c100000| Untracked 
| 194|0x000000008c200000, 0x000000008c300000, 0x000000008c300000|100%| O|  |TAMS 0x000000008c300000, 0x000000008c200000| Untracked 
| 195|0x000000008c300000, 0x000000008c400000, 0x000000008c400000|100%| O|  |TAMS 0x000000008c367e00, 0x000000008c300000| Untracked 
| 196|0x000000008c400000, 0x000000008c500000, 0x000000008c500000|100%|HS|  |TAMS 0x000000008c500000, 0x000000008c400000| Complete 
| 197|0x000000008c500000, 0x000000008c600000, 0x000000008c600000|100%|HC|  |TAMS 0x000000008c600000, 0x000000008c500000| Complete 
| 198|0x000000008c600000, 0x000000008c700000, 0x000000008c700000|100%|HS|  |TAMS 0x000000008c700000, 0x000000008c600000| Complete 
| 199|0x000000008c700000, 0x000000008c800000, 0x000000008c800000|100%|HC|  |TAMS 0x000000008c800000, 0x000000008c700000| Complete 
| 200|0x000000008c800000, 0x000000008c900000, 0x000000008c900000|100%|HS|  |TAMS 0x000000008c900000, 0x000000008c800000| Complete 
| 201|0x000000008c900000, 0x000000008ca00000, 0x000000008ca00000|100%| O|  |TAMS 0x000000008c900000, 0x000000008c900000| Untracked 
| 202|0x000000008ca00000, 0x000000008cabf800, 0x000000008cb00000| 74%| O|  |TAMS 0x000000008ca00000, 0x000000008ca00000| Updating 
| 203|0x000000008cb00000, 0x000000008cc00000, 0x000000008cc00000|100%|HS|  |TAMS 0x000000008cb00000, 0x000000008cb00000| Complete 
| 204|0x000000008cc00000, 0x000000008cd00000, 0x000000008cd00000|100%|HS|  |TAMS 0x000000008cc00000, 0x000000008cc00000| Complete 
| 205|0x000000008cd00000, 0x000000008ce00000, 0x000000008ce00000|100%|HS|  |TAMS 0x000000008cd00000, 0x000000008cd00000| Complete 
| 206|0x000000008ce00000, 0x000000008cf00000, 0x000000008cf00000|100%|HC|  |TAMS 0x000000008ce00000, 0x000000008ce00000| Complete 
| 207|0x000000008cf00000, 0x000000008d000000, 0x000000008d000000|100%|HS|  |TAMS 0x000000008cf00000, 0x000000008cf00000| Complete 
| 208|0x000000008d000000, 0x000000008d100000, 0x000000008d100000|100%|HC|  |TAMS 0x000000008d000000, 0x000000008d000000| Complete 
| 209|0x000000008d100000, 0x000000008d200000, 0x000000008d200000|100%|HS|  |TAMS 0x000000008d100000, 0x000000008d100000| Complete 
| 210|0x000000008d200000, 0x000000008d300000, 0x000000008d300000|100%|HC|  |TAMS 0x000000008d200000, 0x000000008d200000| Complete 
| 211|0x000000008d300000, 0x000000008d400000, 0x000000008d400000|100%|HC|  |TAMS 0x000000008d300000, 0x000000008d300000| Complete 
| 212|0x000000008d400000, 0x000000008d400000, 0x000000008d500000|  0%| F|  |TAMS 0x000000008d400000, 0x000000008d400000| Untracked 
| 213|0x000000008d500000, 0x000000008d500000, 0x000000008d600000|  0%| F|  |TAMS 0x000000008d500000, 0x000000008d500000| Untracked 
| 214|0x000000008d600000, 0x000000008d600000, 0x000000008d700000|  0%| F|  |TAMS 0x000000008d600000, 0x000000008d600000| Untracked 
| 215|0x000000008d700000, 0x000000008d700000, 0x000000008d800000|  0%| F|  |TAMS 0x000000008d700000, 0x000000008d700000| Untracked 
| 216|0x000000008d800000, 0x000000008d800000, 0x000000008d900000|  0%| F|  |TAMS 0x000000008d800000, 0x000000008d800000| Untracked 
| 217|0x000000008d900000, 0x000000008d900000, 0x000000008da00000|  0%| F|  |TAMS 0x000000008d900000, 0x000000008d900000| Untracked 
| 218|0x000000008da00000, 0x000000008da00000, 0x000000008db00000|  0%| F|  |TAMS 0x000000008da00000, 0x000000008da00000| Untracked 
| 219|0x000000008db00000, 0x000000008db00000, 0x000000008dc00000|  0%| F|  |TAMS 0x000000008db00000, 0x000000008db00000| Untracked 
| 220|0x000000008dc00000, 0x000000008dc00000, 0x000000008dd00000|  0%| F|  |TAMS 0x000000008dc00000, 0x000000008dc00000| Untracked 
| 221|0x000000008dd00000, 0x000000008dd00000, 0x000000008de00000|  0%| F|  |TAMS 0x000000008dd00000, 0x000000008dd00000| Untracked 
| 222|0x000000008de00000, 0x000000008de00000, 0x000000008df00000|  0%| F|  |TAMS 0x000000008de00000, 0x000000008de00000| Untracked 
| 223|0x000000008df00000, 0x000000008df00000, 0x000000008e000000|  0%| F|  |TAMS 0x000000008df00000, 0x000000008df00000| Untracked 
| 224|0x000000008e000000, 0x000000008e000000, 0x000000008e100000|  0%| F|  |TAMS 0x000000008e000000, 0x000000008e000000| Untracked 
| 225|0x000000008e100000, 0x000000008e100000, 0x000000008e200000|  0%| F|  |TAMS 0x000000008e100000, 0x000000008e100000| Untracked 
| 226|0x000000008e200000, 0x000000008e200000, 0x000000008e300000|  0%| F|  |TAMS 0x000000008e200000, 0x000000008e200000| Untracked 
| 227|0x000000008e300000, 0x000000008e300000, 0x000000008e400000|  0%| F|  |TAMS 0x000000008e300000, 0x000000008e300000| Untracked 
| 228|0x000000008e400000, 0x000000008e400000, 0x000000008e500000|  0%| F|  |TAMS 0x000000008e400000, 0x000000008e400000| Untracked 
| 229|0x000000008e500000, 0x000000008e500000, 0x000000008e600000|  0%| F|  |TAMS 0x000000008e500000, 0x000000008e500000| Untracked 
| 230|0x000000008e600000, 0x000000008e600000, 0x000000008e700000|  0%| F|  |TAMS 0x000000008e600000, 0x000000008e600000| Untracked 
| 231|0x000000008e700000, 0x000000008e700000, 0x000000008e800000|  0%| F|  |TAMS 0x000000008e700000, 0x000000008e700000| Untracked 
| 232|0x000000008e800000, 0x000000008e800000, 0x000000008e900000|  0%| F|  |TAMS 0x000000008e800000, 0x000000008e800000| Untracked 
| 233|0x000000008e900000, 0x000000008e900000, 0x000000008ea00000|  0%| F|  |TAMS 0x000000008e900000, 0x000000008e900000| Untracked 
| 234|0x000000008ea00000, 0x000000008ea00000, 0x000000008eb00000|  0%| F|  |TAMS 0x000000008ea00000, 0x000000008ea00000| Untracked 
| 235|0x000000008eb00000, 0x000000008eb00000, 0x000000008ec00000|  0%| F|  |TAMS 0x000000008eb00000, 0x000000008eb00000| Untracked 
| 236|0x000000008ec00000, 0x000000008ec00000, 0x000000008ed00000|  0%| F|  |TAMS 0x000000008ec00000, 0x000000008ec00000| Untracked 
| 237|0x000000008ed00000, 0x000000008ed00000, 0x000000008ee00000|  0%| F|  |TAMS 0x000000008ed00000, 0x000000008ed00000| Untracked 
| 238|0x000000008ee00000, 0x000000008ee00000, 0x000000008ef00000|  0%| F|  |TAMS 0x000000008ee00000, 0x000000008ee00000| Untracked 
| 239|0x000000008ef00000, 0x000000008efa3340, 0x000000008f000000| 63%| S|CS|TAMS 0x000000008ef00000, 0x000000008ef00000| Complete 
| 240|0x000000008f000000, 0x000000008f100000, 0x000000008f100000|100%| S|CS|TAMS 0x000000008f000000, 0x000000008f000000| Complete 
| 241|0x000000008f100000, 0x000000008f1e70f0, 0x000000008f200000| 90%| E|  |TAMS 0x000000008f100000, 0x000000008f100000| Complete 
| 242|0x000000008f200000, 0x000000008f300000, 0x000000008f300000|100%| E|CS|TAMS 0x000000008f200000, 0x000000008f200000| Complete 
| 243|0x000000008f300000, 0x000000008f400000, 0x000000008f400000|100%| E|CS|TAMS 0x000000008f300000, 0x000000008f300000| Complete 
| 244|0x000000008f400000, 0x000000008f500000, 0x000000008f500000|100%| E|CS|TAMS 0x000000008f400000, 0x000000008f400000| Complete 
| 245|0x000000008f500000, 0x000000008f600000, 0x000000008f600000|100%| E|CS|TAMS 0x000000008f500000, 0x000000008f500000| Complete 
| 246|0x000000008f600000, 0x000000008f700000, 0x000000008f700000|100%| E|  |TAMS 0x000000008f600000, 0x000000008f600000| Complete 
| 247|0x000000008f700000, 0x000000008f800000, 0x000000008f800000|100%| E|CS|TAMS 0x000000008f700000, 0x000000008f700000| Complete 
| 248|0x000000008f800000, 0x000000008f900000, 0x000000008f900000|100%| E|CS|TAMS 0x000000008f800000, 0x000000008f800000| Complete 
| 249|0x000000008f900000, 0x000000008fa00000, 0x000000008fa00000|100%| E|CS|TAMS 0x000000008f900000, 0x000000008f900000| Complete 
| 250|0x000000008fa00000, 0x000000008fb00000, 0x000000008fb00000|100%| E|CS|TAMS 0x000000008fa00000, 0x000000008fa00000| Complete 
| 251|0x000000008fb00000, 0x000000008fc00000, 0x000000008fc00000|100%| E|CS|TAMS 0x000000008fb00000, 0x000000008fb00000| Complete 
| 252|0x000000008fc00000, 0x000000008fd00000, 0x000000008fd00000|100%| E|CS|TAMS 0x000000008fc00000, 0x000000008fc00000| Complete 
| 253|0x000000008fd00000, 0x000000008fe00000, 0x000000008fe00000|100%| E|CS|TAMS 0x000000008fd00000, 0x000000008fd00000| Complete 
| 254|0x000000008fe00000, 0x000000008ff00000, 0x000000008ff00000|100%| E|CS|TAMS 0x000000008fe00000, 0x000000008fe00000| Complete 

Card table byte_map: [0x0000017a7d9d0000,0x0000017a7ddd0000] _byte_map_base: 0x0000017a7d5d0000

Marking Bits (Prev, Next): (CMBitMap*) 0x0000017a7b78eb20, (CMBitMap*) 0x0000017a7b78eae0
 Prev Bits: [0x0000017a18a60000, 0x0000017a1aa60000)
 Next Bits: [0x0000017a16a60000, 0x0000017a18a60000)

Polling page: 0x0000017a7b560000

Metaspace:

Usage:
  Non-class:     91.48 MB used.
      Class:     14.72 MB used.
       Both:    106.20 MB used.

Virtual space:
  Non-class space:      128.00 MB reserved,      92.12 MB ( 72%) committed,  2 nodes.
      Class space:      416.00 MB reserved,      15.31 MB (  4%) committed,  1 nodes.
             Both:      544.00 MB reserved,     107.44 MB ( 20%) committed. 

Chunk freelists:
   Non-Class:  3.73 MB
       Class:  734.00 KB
        Both:  4.45 MB

MaxMetaspaceSize: 512.00 MB
CompressedClassSpaceSize: 416.00 MB
Initial GC threshold: 21.00 MB
Current GC threshold: 158.25 MB
CDS: on
MetaspaceReclaimPolicy: balanced
 - commit_granule_bytes: 65536.
 - commit_granule_words: 8192.
 - virtual_space_node_default_size: 8388608.
 - enlarge_chunks_in_place: 1.
 - new_chunks_are_fully_committed: 0.
 - uncommit_free_chunks: 1.
 - use_allocation_guard: 0.
 - handle_deallocations: 1.


Internal statistics:

num_allocs_failed_limit: 6.
num_arena_births: 1578.
num_arena_deaths: 0.
num_vsnodes_births: 3.
num_vsnodes_deaths: 0.
num_space_committed: 1718.
num_space_uncommitted: 0.
num_chunks_returned_to_freelist: 6.
num_chunks_taken_from_freelist: 6575.
num_chunk_merges: 6.
num_chunk_splits: 4155.
num_chunks_enlarged: 2538.
num_inconsistent_stats: 0.

CodeHeap 'non-profiled nmethods': size=120000Kb used=9540Kb max_used=9540Kb free=110459Kb
 bounds [0x0000017a0f530000, 0x0000017a0fe90000, 0x0000017a16a60000]
CodeHeap 'profiled nmethods': size=120000Kb used=28692Kb max_used=28692Kb free=91307Kb
 bounds [0x0000017a07a60000, 0x0000017a09670000, 0x0000017a0ef90000]
CodeHeap 'non-nmethods': size=5760Kb used=2436Kb max_used=2513Kb free=3324Kb
 bounds [0x0000017a0ef90000, 0x0000017a0f220000, 0x0000017a0f530000]
 total_blobs=15656 nmethods=14686 adapters=880
 compilation: enabled
              stopped_count=0, restarted_count=0
 full_count=0

Compilation events (20 events):
Event: 39.539 Thread 0x0000017a7e812ab0 16982       2       com.sun.xml.bind.v2.model.nav.ReflectionNavigator::ref (2 bytes)
Event: 39.539 Thread 0x0000017a7e812ab0 nmethod 16982 0x0000017a0965f410 code [0x0000017a0965f5a0, 0x0000017a0965f6b8]
Event: 39.539 Thread 0x0000017a7e812ab0 16979       2       com.sun.xml.bind.v2.model.annotation.RuntimeInlineAnnotationReader::getAllFieldAnnotations (10 bytes)
Event: 39.539 Thread 0x0000017a7e812ab0 nmethod 16979 0x0000017a0965f790 code [0x0000017a0965f920, 0x0000017a0965fa88]
Event: 39.540 Thread 0x0000017a7e812ab0 16983       2       com.sun.xml.bind.v2.model.impl.ModelBuilder::getClassInfo (448 bytes)
Event: 39.541 Thread 0x0000017a7e812ab0 nmethod 16983 0x0000017a0965fb90 code [0x0000017a0965ff80, 0x0000017a096610d8]
Event: 39.541 Thread 0x0000017a7e812ab0 16984       2       java.util.TreeSet::addAll (82 bytes)
Event: 39.542 Thread 0x0000017a7e812ab0 nmethod 16984 0x0000017a09661d10 code [0x0000017a09661f00, 0x0000017a09662318]
Event: 39.542 Thread 0x0000017a7e812ab0 16985       2       com.sun.xml.bind.v2.model.annotation.XmlElementQuick::<init> (11 bytes)
Event: 39.542 Thread 0x0000017a7e812ab0 nmethod 16985 0x0000017a09662510 code [0x0000017a096626a0, 0x0000017a09662858]
Event: 39.542 Thread 0x0000017a7e812ab0 16986       2       com.sun.xml.bind.v2.model.annotation.XmlElementQuick::newInstance (13 bytes)
Event: 39.542 Thread 0x0000017a7e812ab0 nmethod 16986 0x0000017a09662910 code [0x0000017a09662ac0, 0x0000017a09662d38]
Event: 39.546 Thread 0x0000017a7e812ab0 16988       2       com.sun.xml.bind.v2.model.nav.ReflectionNavigator::isArrayButNotByteArray (9 bytes)
Event: 39.546 Thread 0x0000017a7e812ab0 nmethod 16988 0x0000017a09662e10 code [0x0000017a09662fc0, 0x0000017a09663148]
Event: 39.546 Thread 0x0000017a7e812ab0 16989       2       com.sun.xml.bind.v2.model.nav.ReflectionNavigator::isArrayButNotByteArray (64 bytes)
Event: 39.547 Thread 0x0000017a7e812ab0 nmethod 16989 0x0000017a09663210 code [0x0000017a096633e0, 0x0000017a09663748]
Event: 39.548 Thread 0x0000017a7e812ab0 16991       2       com.sun.xml.bind.v2.model.nav.ReflectionNavigator$1::onParameterizdType (116 bytes)
Event: 39.549 Thread 0x0000017a7e812ab0 nmethod 16991 0x0000017a09663890 code [0x0000017a09663b20, 0x0000017a09664398]
Event: 39.549 Thread 0x0000017a7e812ab0 16992       2       java.util.AbstractSet::removeAll (101 bytes)
Event: 39.549 Thread 0x0000017a7e812ab0 nmethod 16992 0x0000017a09664810 code [0x0000017a09664a60, 0x0000017a09664f78]

GC Heap History (20 events):
Event: 36.109 GC heap before
{Heap before GC invocations=59 (full 0):
 garbage-first heap   total 261120K, used 221880K [0x0000000080000000, 0x0000000100000000)
  region size 1024K, 41 young (41984K), 4 survivors (4096K)
 Metaspace       used 104950K, committed 106112K, reserved 557056K
  class space    used 14656K, committed 15232K, reserved 425984K
}
Event: 36.114 GC heap after
{Heap after GC invocations=60 (full 0):
 garbage-first heap   total 261120K, used 186777K [0x0000000080000000, 0x0000000100000000)
  region size 1024K, 4 young (4096K), 4 survivors (4096K)
 Metaspace       used 104950K, committed 106112K, reserved 557056K
  class space    used 14656K, committed 15232K, reserved 425984K
}
Event: 36.452 GC heap before
{Heap before GC invocations=60 (full 0):
 garbage-first heap   total 261120K, used 221593K [0x0000000080000000, 0x0000000100000000)
  region size 1024K, 39 young (39936K), 4 survivors (4096K)
 Metaspace       used 105038K, committed 106240K, reserved 557056K
  class space    used 14664K, committed 15232K, reserved 425984K
}
Event: 36.457 GC heap after
{Heap after GC invocations=61 (full 0):
 garbage-first heap   total 261120K, used 189018K [0x0000000080000000, 0x0000000100000000)
  region size 1024K, 4 young (4096K), 4 survivors (4096K)
 Metaspace       used 105038K, committed 106240K, reserved 557056K
  class space    used 14664K, committed 15232K, reserved 425984K
}
Event: 36.688 GC heap before
{Heap before GC invocations=61 (full 0):
 garbage-first heap   total 261120K, used 221786K [0x0000000080000000, 0x0000000100000000)
  region size 1024K, 37 young (37888K), 4 survivors (4096K)
 Metaspace       used 105118K, committed 106368K, reserved 557056K
  class space    used 14676K, committed 15296K, reserved 425984K
}
Event: 36.693 GC heap after
{Heap after GC invocations=62 (full 0):
 garbage-first heap   total 261120K, used 191573K [0x0000000080000000, 0x0000000100000000)
  region size 1024K, 4 young (4096K), 4 survivors (4096K)
 Metaspace       used 105118K, committed 106368K, reserved 557056K
  class space    used 14676K, committed 15296K, reserved 425984K
}
Event: 36.967 GC heap before
{Heap before GC invocations=62 (full 0):
 garbage-first heap   total 261120K, used 227413K [0x0000000080000000, 0x0000000100000000)
  region size 1024K, 35 young (35840K), 4 survivors (4096K)
 Metaspace       used 106546K, committed 107776K, reserved 557056K
  class space    used 14802K, committed 15424K, reserved 425984K
}
Event: 36.972 GC heap after
{Heap after GC invocations=63 (full 0):
 garbage-first heap   total 261120K, used 194121K [0x0000000080000000, 0x0000000100000000)
  region size 1024K, 4 young (4096K), 4 survivors (4096K)
 Metaspace       used 106546K, committed 107776K, reserved 557056K
  class space    used 14802K, committed 15424K, reserved 425984K
}
Event: 37.431 GC heap before
{Heap before GC invocations=63 (full 0):
 garbage-first heap   total 261120K, used 223817K [0x0000000080000000, 0x0000000100000000)
  region size 1024K, 34 young (34816K), 4 survivors (4096K)
 Metaspace       used 107183K, committed 108480K, reserved 557056K
  class space    used 14870K, committed 15488K, reserved 425984K
}
Event: 37.437 GC heap after
{Heap after GC invocations=64 (full 0):
 garbage-first heap   total 261120K, used 197011K [0x0000000080000000, 0x0000000100000000)
  region size 1024K, 4 young (4096K), 4 survivors (4096K)
 Metaspace       used 107183K, committed 108480K, reserved 557056K
  class space    used 14870K, committed 15488K, reserved 425984K
}
Event: 37.850 GC heap before
{Heap before GC invocations=64 (full 0):
 garbage-first heap   total 261120K, used 223635K [0x0000000080000000, 0x0000000100000000)
  region size 1024K, 31 young (31744K), 4 survivors (4096K)
 Metaspace       used 107283K, committed 108544K, reserved 557056K
  class space    used 14874K, committed 15488K, reserved 425984K
}
Event: 37.856 GC heap after
{Heap after GC invocations=65 (full 0):
 garbage-first heap   total 261120K, used 198614K [0x0000000080000000, 0x0000000100000000)
  region size 1024K, 3 young (3072K), 3 survivors (3072K)
 Metaspace       used 107283K, committed 108544K, reserved 557056K
  class space    used 14874K, committed 15488K, reserved 425984K
}
Event: 38.196 GC heap before
{Heap before GC invocations=65 (full 0):
 garbage-first heap   total 261120K, used 224214K [0x0000000080000000, 0x0000000100000000)
  region size 1024K, 29 young (29696K), 3 survivors (3072K)
 Metaspace       used 107367K, committed 108608K, reserved 557056K
  class space    used 14886K, committed 15488K, reserved 425984K
}
Event: 38.200 GC heap after
{Heap after GC invocations=66 (full 0):
 garbage-first heap   total 261120K, used 200284K [0x0000000080000000, 0x0000000100000000)
  region size 1024K, 4 young (4096K), 4 survivors (4096K)
 Metaspace       used 107367K, committed 108608K, reserved 557056K
  class space    used 14886K, committed 15488K, reserved 425984K
}
Event: 38.627 GC heap before
{Heap before GC invocations=66 (full 0):
 garbage-first heap   total 261120K, used 225884K [0x0000000080000000, 0x0000000100000000)
  region size 1024K, 30 young (30720K), 4 survivors (4096K)
 Metaspace       used 107390K, committed 108672K, reserved 557056K
  class space    used 14886K, committed 15488K, reserved 425984K
}
Event: 38.631 GC heap after
{Heap after GC invocations=67 (full 0):
 garbage-first heap   total 261120K, used 201564K [0x0000000080000000, 0x0000000100000000)
  region size 1024K, 4 young (4096K), 4 survivors (4096K)
 Metaspace       used 107390K, committed 108672K, reserved 557056K
  class space    used 14886K, committed 15488K, reserved 425984K
}
Event: 39.101 GC heap before
{Heap before GC invocations=67 (full 0):
 garbage-first heap   total 261120K, used 225116K [0x0000000080000000, 0x0000000100000000)
  region size 1024K, 28 young (28672K), 4 survivors (4096K)
 Metaspace       used 107395K, committed 108672K, reserved 557056K
  class space    used 14886K, committed 15488K, reserved 425984K
}
Event: 39.105 GC heap after
{Heap after GC invocations=68 (full 0):
 garbage-first heap   total 261120K, used 202667K [0x0000000080000000, 0x0000000100000000)
  region size 1024K, 3 young (3072K), 3 survivors (3072K)
 Metaspace       used 107395K, committed 108672K, reserved 557056K
  class space    used 14886K, committed 15488K, reserved 425984K
}
Event: 39.283 GC heap before
{Heap before GC invocations=68 (full 0):
 garbage-first heap   total 261120K, used 220075K [0x0000000080000000, 0x0000000100000000)
  region size 1024K, 17 young (17408K), 3 survivors (3072K)
 Metaspace       used 107920K, committed 109184K, reserved 557056K
  class space    used 14957K, committed 15552K, reserved 425984K
}
Event: 39.286 GC heap after
{Heap after GC invocations=69 (full 0):
 garbage-first heap   total 261120K, used 209290K [0x0000000080000000, 0x0000000100000000)
  region size 1024K, 2 young (2048K), 2 survivors (2048K)
 Metaspace       used 107920K, committed 109184K, reserved 557056K
  class space    used 14957K, committed 15552K, reserved 425984K
}

Dll operation events (15 events):
Event: 0.011 Loaded shared library C:\Program Files\Microsoft\jdk-17.0.10.7-hotspot\bin\java.dll
Event: 0.027 Loaded shared library C:\Program Files\Microsoft\jdk-17.0.10.7-hotspot\bin\jsvml.dll
Event: 0.065 Loaded shared library C:\Program Files\Microsoft\jdk-17.0.10.7-hotspot\bin\zip.dll
Event: 0.071 Loaded shared library C:\Program Files\Microsoft\jdk-17.0.10.7-hotspot\bin\instrument.dll
Event: 0.074 Loaded shared library C:\Program Files\Microsoft\jdk-17.0.10.7-hotspot\bin\net.dll
Event: 0.075 Loaded shared library C:\Program Files\Microsoft\jdk-17.0.10.7-hotspot\bin\nio.dll
Event: 0.078 Loaded shared library C:\Program Files\Microsoft\jdk-17.0.10.7-hotspot\bin\zip.dll
Event: 0.249 Loaded shared library C:\Program Files\Microsoft\jdk-17.0.10.7-hotspot\bin\jimage.dll
Event: 0.310 Loaded shared library C:\Program Files\Microsoft\jdk-17.0.10.7-hotspot\bin\verify.dll
Event: 0.515 Loaded shared library C:\Users\user\.gradle\native\c067742578af261105cb4f569cf0c3c89f3d7b1fecec35dd04571415982c5e48\windows-amd64\native-platform.dll
Event: 0.533 Loaded shared library C:\Users\user\.gradle\native\38dada09dfb8b06ba9b0570ebf7e218e3eb74d4ef43ca46872605cf95ebc2f47\windows-amd64\native-platform-file-events.dll
Event: 1.732 Loaded shared library C:\Program Files\Microsoft\jdk-17.0.10.7-hotspot\bin\management.dll
Event: 1.734 Loaded shared library C:\Program Files\Microsoft\jdk-17.0.10.7-hotspot\bin\management_ext.dll
Event: 1.981 Loaded shared library C:\Program Files\Microsoft\jdk-17.0.10.7-hotspot\bin\extnet.dll
Event: 2.310 Loaded shared library C:\Program Files\Microsoft\jdk-17.0.10.7-hotspot\bin\sunmscapi.dll

Deoptimization events (20 events):
Event: 39.185 Thread 0x0000017a40324230 Uncommon trap: trap_request=0xffffffde fr.pc=0x0000017a0fe4b9e8 relative=0x00000000000056c8
Event: 39.185 Thread 0x0000017a40324230 Uncommon trap: reason=class_check action=maybe_recompile pc=0x0000017a0fe4b9e8 method=org.gradle.internal.snapshot.AbstractIncompleteFileSystemNode.store(Lorg/gradle/internal/snapshot/VfsRelativePath;Lorg/gradle/internal/snapshot/CaseSensitivity;Lorg/grad
Event: 39.185 Thread 0x0000017a40324230 DEOPT PACKING pc=0x0000017a0fe4b9e8 sp=0x00000076721fb130
Event: 39.185 Thread 0x0000017a40324230 DEOPT UNPACKING pc=0x0000017a0efe69a3 sp=0x00000076721fb128 mode 2
Event: 39.235 Thread 0x0000017a47b77ec0 Uncommon trap: trap_request=0xffffff54 fr.pc=0x0000017a0fe715b0 relative=0x0000000000000070
Event: 39.235 Thread 0x0000017a47b77ec0 Uncommon trap: reason=speculate_null_assert action=make_not_entrant pc=0x0000017a0fe715b0 method=org.gradle.internal.operations.DefaultBuildOperationRunner.execute(Lorg/gradle/internal/operations/BuildOperationDescriptor$Builder;Lorg/gradle/internal/opera
Event: 39.235 Thread 0x0000017a47b77ec0 DEOPT PACKING pc=0x0000017a0fe715b0 sp=0x00000076751feb20
Event: 39.235 Thread 0x0000017a47b77ec0 DEOPT UNPACKING pc=0x0000017a0efe69a3 sp=0x00000076751feb38 mode 2
Event: 39.244 Thread 0x0000017a47b77ec0 Uncommon trap: trap_request=0xffffff45 fr.pc=0x0000017a0fc92758 relative=0x0000000000005fb8
Event: 39.244 Thread 0x0000017a47b77ec0 Uncommon trap: reason=unstable_if action=reinterpret pc=0x0000017a0fc92758 method=sun.reflect.annotation.AnnotationParser.parseAnnotations2([BLjdk/internal/reflect/ConstantPool;Ljava/lang/Class;[Ljava/lang/Class;)Ljava/util/Map; @ 71 c2
Event: 39.244 Thread 0x0000017a47b77ec0 DEOPT PACKING pc=0x0000017a0fc92758 sp=0x00000076751fdd90
Event: 39.244 Thread 0x0000017a47b77ec0 DEOPT UNPACKING pc=0x0000017a0efe69a3 sp=0x00000076751fdc48 mode 2
Event: 39.259 Thread 0x0000017a47b77ec0 Uncommon trap: trap_request=0x00000440 fr.pc=0x0000017a0f6516c8 relative=0x0000000000000908
Event: 39.259 Thread 0x0000017a47b77ec0 Uncommon trap: reason=unloaded action=reinterpret pc=0x0000017a0f6516c8 method=java.util.regex.Pattern.newSlice([IIZ)Ljava/util/regex/Pattern$Node; @ 68 c2
Event: 39.260 Thread 0x0000017a47b77ec0 DEOPT PACKING pc=0x0000017a0f6516c8 sp=0x00000076751fd310
Event: 39.260 Thread 0x0000017a47b77ec0 DEOPT UNPACKING pc=0x0000017a0efe69a3 sp=0x00000076751fd258 mode 2
Event: 39.489 Thread 0x0000017a47b77ec0 Uncommon trap: trap_request=0xffffff45 fr.pc=0x0000017a0f577c4c relative=0x00000000000007ec
Event: 39.489 Thread 0x0000017a47b77ec0 Uncommon trap: reason=unstable_if action=reinterpret pc=0x0000017a0f577c4c method=java.util.zip.ZipFile$Source.getEntryPos(Ljava/lang/String;Z)I @ 113 c2
Event: 39.489 Thread 0x0000017a47b77ec0 DEOPT PACKING pc=0x0000017a0f577c4c sp=0x00000076751f9d10
Event: 39.489 Thread 0x0000017a47b77ec0 DEOPT UNPACKING pc=0x0000017a0efe69a3 sp=0x00000076751f9c98 mode 2

Classes unloaded (0 events):
No events

Classes redefined (0 events):
No events

Internal exceptions (20 events):
Event: 39.506 Thread 0x0000017a40324230 Exception <a 'sun/nio/fs/WindowsException'{0x000000008f3079d8}> (0x000000008f3079d8) 
thrown [s\src\hotspot\share\prims\jni.cpp, line 516]
Event: 39.506 Thread 0x0000017a40324230 Exception <a 'sun/nio/fs/WindowsException'{0x000000008f307d58}> (0x000000008f307d58) 
thrown [s\src\hotspot\share\prims\jni.cpp, line 516]
Event: 39.506 Thread 0x0000017a40324230 Exception <a 'sun/nio/fs/WindowsException'{0x000000008f30a740}> (0x000000008f30a740) 
thrown [s\src\hotspot\share\prims\jni.cpp, line 516]
Event: 39.506 Thread 0x0000017a40324230 Exception <a 'sun/nio/fs/WindowsException'{0x000000008f30aae8}> (0x000000008f30aae8) 
thrown [s\src\hotspot\share\prims\jni.cpp, line 516]
Event: 39.507 Thread 0x0000017a40324230 Exception <a 'sun/nio/fs/WindowsException'{0x000000008f35faf8}> (0x000000008f35faf8) 
thrown [s\src\hotspot\share\prims\jni.cpp, line 516]
Event: 39.507 Thread 0x0000017a40324230 Exception <a 'sun/nio/fs/WindowsException'{0x000000008f35fdf8}> (0x000000008f35fdf8) 
thrown [s\src\hotspot\share\prims\jni.cpp, line 516]
Event: 39.507 Thread 0x0000017a40324230 Exception <a 'sun/nio/fs/WindowsException'{0x000000008f362218}> (0x000000008f362218) 
thrown [s\src\hotspot\share\prims\jni.cpp, line 516]
Event: 39.507 Thread 0x0000017a40324230 Exception <a 'sun/nio/fs/WindowsException'{0x000000008f362538}> (0x000000008f362538) 
thrown [s\src\hotspot\share\prims\jni.cpp, line 516]
Event: 39.508 Thread 0x0000017a40324230 Exception <a 'sun/nio/fs/WindowsException'{0x000000008f365cd0}> (0x000000008f365cd0) 
thrown [s\src\hotspot\share\prims\jni.cpp, line 516]
Event: 39.508 Thread 0x0000017a40324230 Exception <a 'sun/nio/fs/WindowsException'{0x000000008f366000}> (0x000000008f366000) 
thrown [s\src\hotspot\share\prims\jni.cpp, line 516]
Event: 39.509 Thread 0x0000017a40324230 Exception <a 'sun/nio/fs/WindowsException'{0x000000008f36a9a0}> (0x000000008f36a9a0) 
thrown [s\src\hotspot\share\prims\jni.cpp, line 516]
Event: 39.510 Thread 0x0000017a40324230 Exception <a 'sun/nio/fs/WindowsException'{0x000000008f36acf0}> (0x000000008f36acf0) 
thrown [s\src\hotspot\share\prims\jni.cpp, line 516]
Event: 39.511 Thread 0x0000017a40324230 Exception <a 'sun/nio/fs/WindowsException'{0x000000008f36f5d0}> (0x000000008f36f5d0) 
thrown [s\src\hotspot\share\prims\jni.cpp, line 516]
Event: 39.511 Thread 0x0000017a40324230 Exception <a 'sun/nio/fs/WindowsException'{0x000000008f36f918}> (0x000000008f36f918) 
thrown [s\src\hotspot\share\prims\jni.cpp, line 516]
Event: 39.512 Thread 0x0000017a40324230 Exception <a 'sun/nio/fs/WindowsException'{0x000000008f3722d0}> (0x000000008f3722d0) 
thrown [s\src\hotspot\share\prims\jni.cpp, line 516]
Event: 39.512 Thread 0x0000017a40324230 Exception <a 'sun/nio/fs/WindowsException'{0x000000008f372630}> (0x000000008f372630) 
thrown [s\src\hotspot\share\prims\jni.cpp, line 516]
Event: 39.513 Thread 0x0000017a40324230 Exception <a 'sun/nio/fs/WindowsException'{0x000000008f38f918}> (0x000000008f38f918) 
thrown [s\src\hotspot\share\prims\jni.cpp, line 516]
Event: 39.513 Thread 0x0000017a40324230 Exception <a 'sun/nio/fs/WindowsException'{0x000000008f38fc98}> (0x000000008f38fc98) 
thrown [s\src\hotspot\share\prims\jni.cpp, line 516]
Event: 39.513 Thread 0x0000017a40324230 Exception <a 'sun/nio/fs/WindowsException'{0x000000008f392680}> (0x000000008f392680) 
thrown [s\src\hotspot\share\prims\jni.cpp, line 516]
Event: 39.513 Thread 0x0000017a40324230 Exception <a 'sun/nio/fs/WindowsException'{0x000000008f392a28}> (0x000000008f392a28) 
thrown [s\src\hotspot\share\prims\jni.cpp, line 516]

VM Operations (20 events):
Event: 36.956 Executing VM operation: ICBufferFull done
Event: 36.967 Executing VM operation: G1CollectForAllocation
Event: 36.972 Executing VM operation: G1CollectForAllocation done
Event: 37.122 Executing VM operation: HandshakeAllThreads
Event: 37.123 Executing VM operation: HandshakeAllThreads done
Event: 37.431 Executing VM operation: G1CollectForAllocation
Event: 37.439 Executing VM operation: G1CollectForAllocation done
Event: 37.850 Executing VM operation: G1CollectForAllocation
Event: 37.856 Executing VM operation: G1CollectForAllocation done
Event: 37.937 Executing VM operation: HandshakeAllThreads
Event: 37.937 Executing VM operation: HandshakeAllThreads done
Event: 38.196 Executing VM operation: G1CollectForAllocation
Event: 38.201 Executing VM operation: G1CollectForAllocation done
Event: 38.627 Executing VM operation: G1CollectForAllocation
Event: 38.631 Executing VM operation: G1CollectForAllocation done
Event: 39.101 Executing VM operation: G1CollectForAllocation
Event: 39.105 Executing VM operation: G1CollectForAllocation done
Event: 39.283 Executing VM operation: G1TryInitiateConcMark
Event: 39.288 Executing VM operation: G1TryInitiateConcMark done
Event: 39.550 Executing VM operation: G1PauseRemark

Events (20 events):
Event: 39.183 loading class java/nio/file/FileTreeIterator
Event: 39.184 loading class java/nio/file/FileTreeIterator done
Event: 39.234 Thread 0x0000017a47b77ec0 Thread added: 0x0000017a47b77ec0
Event: 39.235 Thread 0x0000017a47b783d0 Thread added: 0x0000017a47b783d0
Event: 39.259 loading class sun/nio/fs/Globs
Event: 39.259 loading class sun/nio/fs/Globs done
Event: 39.259 loading class java/util/regex/Pattern$SliceU
Event: 39.260 loading class java/util/regex/Pattern$SliceU done
Event: 39.260 loading class sun/nio/fs/WindowsFileSystem$2
Event: 39.261 loading class java/nio/file/PathMatcher
Event: 39.261 loading class java/nio/file/PathMatcher done
Event: 39.261 loading class sun/nio/fs/WindowsFileSystem$2 done
Event: 39.373 loading class java/util/Collections$UnmodifiableSortedSet
Event: 39.374 loading class java/util/Collections$UnmodifiableSortedSet done
Event: 39.376 loading class java/util/concurrent/Semaphore$NonfairSync
Event: 39.377 loading class java/util/concurrent/Semaphore$Sync
Event: 39.377 loading class java/util/concurrent/Semaphore$Sync done
Event: 39.377 loading class java/util/concurrent/Semaphore$NonfairSync done
Event: 39.380 loading class java/nio/file/Files$2
Event: 39.384 loading class java/nio/file/Files$2 done


Dynamic libraries:
0x00007ff72ec70000 - 0x00007ff72ec7e000 	C:\Program Files\Microsoft\jdk-17.0.10.7-hotspot\bin\java.exe
0x00007ffd4b570000 - 0x00007ffd4b768000 	C:\Windows\SYSTEM32\ntdll.dll
0x00007ffd4b2f0000 - 0x00007ffd4b3ad000 	C:\Windows\System32\KERNEL32.DLL
0x00007ffd48c90000 - 0x00007ffd48f86000 	C:\Windows\System32\KERNELBASE.dll
0x00007ffd49290000 - 0x00007ffd49390000 	C:\Windows\System32\ucrtbase.dll
0x00007ffce6b00000 - 0x00007ffce6b17000 	C:\Program Files\Microsoft\jdk-17.0.10.7-hotspot\bin\jli.dll
0x00007ffce6ae0000 - 0x00007ffce6afb000 	C:\Program Files\Microsoft\jdk-17.0.10.7-hotspot\bin\VCRUNTIME140.dll
0x00007ffd49d90000 - 0x00007ffd49f2f000 	C:\Windows\System32\USER32.dll
0x00007ffd2d200000 - 0x00007ffd2d49a000 	C:\Windows\WinSxS\amd64_microsoft.windows.common-controls_6595b64144ccf1df_6.0.19041.3636_none_60b6a03d71f818d5\COMCTL32.dll
0x00007ffd49450000 - 0x00007ffd49472000 	C:\Windows\System32\win32u.dll
0x00007ffd4aef0000 - 0x00007ffd4af8e000 	C:\Windows\System32\msvcrt.dll
0x00007ffd4b500000 - 0x00007ffd4b52b000 	C:\Windows\System32\GDI32.dll
0x00007ffd49480000 - 0x00007ffd49597000 	C:\Windows\System32\gdi32full.dll
0x00007ffd49140000 - 0x00007ffd491dd000 	C:\Windows\System32\msvcp_win.dll
0x00007ffd4b190000 - 0x00007ffd4b1c2000 	C:\Windows\System32\IMM32.DLL
0x00007ffd0e9b0000 - 0x00007ffd0e9bc000 	C:\Program Files\Microsoft\jdk-17.0.10.7-hotspot\bin\vcruntime140_1.dll
0x00007ffce6a50000 - 0x00007ffce6add000 	C:\Program Files\Microsoft\jdk-17.0.10.7-hotspot\bin\msvcp140.dll
0x00007ffce1c50000 - 0x00007ffce28b5000 	C:\Program Files\Microsoft\jdk-17.0.10.7-hotspot\bin\server\jvm.dll
0x00007ffd4b1d0000 - 0x00007ffd4b280000 	C:\Windows\System32\ADVAPI32.dll
0x00007ffd4b0f0000 - 0x00007ffd4b190000 	C:\Windows\System32\sechost.dll
0x00007ffd49f30000 - 0x00007ffd4a053000 	C:\Windows\System32\RPCRT4.dll
0x00007ffd49390000 - 0x00007ffd493b7000 	C:\Windows\System32\bcrypt.dll
0x00007ffd48a80000 - 0x00007ffd48acb000 	C:\Windows\SYSTEM32\POWRPROF.dll
0x00007ffd1d000000 - 0x00007ffd1d009000 	C:\Windows\SYSTEM32\WSOCK32.dll
0x00007ffd342b0000 - 0x00007ffd342d7000 	C:\Windows\SYSTEM32\WINMM.dll
0x00007ffd43240000 - 0x00007ffd4324a000 	C:\Windows\SYSTEM32\VERSION.dll
0x00007ffd4b280000 - 0x00007ffd4b2eb000 	C:\Windows\System32\WS2_32.dll
0x00007ffd48a60000 - 0x00007ffd48a72000 	C:\Windows\SYSTEM32\UMPDC.dll
0x00007ffd46a90000 - 0x00007ffd46aa2000 	C:\Windows\SYSTEM32\kernel.appcore.dll
0x00007ffd0e790000 - 0x00007ffd0e79a000 	C:\Program Files\Microsoft\jdk-17.0.10.7-hotspot\bin\jimage.dll
0x00007ffd2e5d0000 - 0x00007ffd2e7b4000 	C:\Windows\SYSTEM32\DBGHELP.DLL
0x00007ffd2e590000 - 0x00007ffd2e5c4000 	C:\Windows\SYSTEM32\dbgcore.DLL
0x00007ffd493c0000 - 0x00007ffd49442000 	C:\Windows\System32\bcryptPrimitives.dll
0x00007ffd407f0000 - 0x00007ffd407fe000 	C:\Program Files\Microsoft\jdk-17.0.10.7-hotspot\bin\instrument.dll
0x00007ffce6a20000 - 0x00007ffce6a45000 	C:\Program Files\Microsoft\jdk-17.0.10.7-hotspot\bin\java.dll
0x00007ffce6940000 - 0x00007ffce6a17000 	C:\Program Files\Microsoft\jdk-17.0.10.7-hotspot\bin\jsvml.dll
0x00007ffd49620000 - 0x00007ffd49d8b000 	C:\Windows\System32\SHELL32.dll
0x00007ffd46c90000 - 0x00007ffd4742e000 	C:\Windows\SYSTEM32\windows.storage.dll
0x00007ffd4a4d0000 - 0x00007ffd4a823000 	C:\Windows\System32\combase.dll
0x00007ffd484a0000 - 0x00007ffd484ce000 	C:\Windows\SYSTEM32\Wldp.dll
0x00007ffd4ad60000 - 0x00007ffd4ae2d000 	C:\Windows\System32\OLEAUT32.dll
0x00007ffd4ae30000 - 0x00007ffd4aedd000 	C:\Windows\System32\SHCORE.dll
0x00007ffd4b090000 - 0x00007ffd4b0e5000 	C:\Windows\System32\shlwapi.dll
0x00007ffd48b50000 - 0x00007ffd48b73000 	C:\Windows\SYSTEM32\profapi.dll
0x00007ffce6440000 - 0x00007ffce6458000 	C:\Program Files\Microsoft\jdk-17.0.10.7-hotspot\bin\zip.dll
0x00007ffce66f0000 - 0x00007ffce6709000 	C:\Program Files\Microsoft\jdk-17.0.10.7-hotspot\bin\net.dll
0x00007ffd425d0000 - 0x00007ffd426da000 	C:\Windows\SYSTEM32\WINHTTP.dll
0x00007ffd48280000 - 0x00007ffd482ea000 	C:\Windows\system32\mswsock.dll
0x00007ffce6460000 - 0x00007ffce6476000 	C:\Program Files\Microsoft\jdk-17.0.10.7-hotspot\bin\nio.dll
0x00007ffd463c0000 - 0x00007ffd463d0000 	C:\Program Files\Microsoft\jdk-17.0.10.7-hotspot\bin\verify.dll
0x00007ffd2d050000 - 0x00007ffd2d077000 	C:\Users\user\.gradle\native\c067742578af261105cb4f569cf0c3c89f3d7b1fecec35dd04571415982c5e48\windows-amd64\native-platform.dll
0x00007ffd1bf70000 - 0x00007ffd1c0b4000 	C:\Users\user\.gradle\native\38dada09dfb8b06ba9b0570ebf7e218e3eb74d4ef43ca46872605cf95ebc2f47\windows-amd64\native-platform-file-events.dll
0x00007ffceaff0000 - 0x00007ffceaff9000 	C:\Program Files\Microsoft\jdk-17.0.10.7-hotspot\bin\management.dll
0x00007ffceab50000 - 0x00007ffceab5b000 	C:\Program Files\Microsoft\jdk-17.0.10.7-hotspot\bin\management_ext.dll
0x00007ffd4b4f0000 - 0x00007ffd4b4f8000 	C:\Windows\System32\PSAPI.DLL
0x00007ffd484e0000 - 0x00007ffd484f8000 	C:\Windows\SYSTEM32\CRYPTSP.dll
0x00007ffd47bc0000 - 0x00007ffd47bf4000 	C:\Windows\system32\rsaenh.dll
0x00007ffd48b10000 - 0x00007ffd48b3e000 	C:\Windows\SYSTEM32\USERENV.dll
0x00007ffd48410000 - 0x00007ffd4841c000 	C:\Windows\SYSTEM32\CRYPTBASE.dll
0x00007ffd47f80000 - 0x00007ffd47fbb000 	C:\Windows\SYSTEM32\IPHLPAPI.DLL
0x00007ffd4b4e0000 - 0x00007ffd4b4e8000 	C:\Windows\System32\NSI.dll
0x00007ffd43260000 - 0x00007ffd43277000 	C:\Windows\SYSTEM32\dhcpcsvc6.DLL
0x00007ffd430c0000 - 0x00007ffd430dd000 	C:\Windows\SYSTEM32\dhcpcsvc.DLL
0x00007ffd47fc0000 - 0x00007ffd4808b000 	C:\Windows\SYSTEM32\DNSAPI.dll
0x00007ffce61c0000 - 0x00007ffce61c9000 	C:\Program Files\Microsoft\jdk-17.0.10.7-hotspot\bin\extnet.dll
0x00007ffce61d0000 - 0x00007ffce61de000 	C:\Program Files\Microsoft\jdk-17.0.10.7-hotspot\bin\sunmscapi.dll
0x00007ffd48f90000 - 0x00007ffd490ee000 	C:\Windows\System32\CRYPT32.dll
0x00007ffd485f0000 - 0x00007ffd48618000 	C:\Windows\SYSTEM32\ncrypt.dll
0x00007ffd485b0000 - 0x00007ffd485eb000 	C:\Windows\SYSTEM32\NTASN1.dll
0x00007ffd26980000 - 0x00007ffd26987000 	C:\Windows\system32\wshunix.dll
0x00007ffd06110000 - 0x00007ffd06127000 	C:\Windows\system32\napinsp.dll
0x00007ffd060f0000 - 0x00007ffd0610b000 	C:\Windows\system32\pnrpnsp.dll
0x00007ffd44580000 - 0x00007ffd4459d000 	C:\Windows\system32\NLAapi.dll
0x00007ffcff9d0000 - 0x00007ffcff9e2000 	C:\Windows\System32\winrnr.dll
0x00007ffd2a170000 - 0x00007ffd2a185000 	C:\Windows\system32\wshbth.dll
0x00007ffd3f360000 - 0x00007ffd3f36a000 	C:\Windows\System32\rasadhlp.dll
0x00007ffd421d0000 - 0x00007ffd42250000 	C:\Windows\System32\fwpuclnt.dll

dbghelp: loaded successfully - version: 4.0.5 - missing functions: none
symbol engine: initialized successfully - sym options: 0x614 - pdb path: .;C:\Program Files\Microsoft\jdk-17.0.10.7-hotspot\bin;C:\Windows\SYSTEM32;C:\Windows\WinSxS\amd64_microsoft.windows.common-controls_6595b64144ccf1df_6.0.19041.3636_none_60b6a03d71f818d5;C:\Program Files\Microsoft\jdk-17.0.10.7-hotspot\bin\server;C:\Users\user\.gradle\native\c067742578af261105cb4f569cf0c3c89f3d7b1fecec35dd04571415982c5e48\windows-amd64;C:\Users\user\.gradle\native\38dada09dfb8b06ba9b0570ebf7e218e3eb74d4ef43ca46872605cf95ebc2f47\windows-amd64

VM Arguments:
jvm_args: -XX:MaxMetaspaceSize=512m --add-opens=java.base/java.util=ALL-UNNAMED --add-opens=java.base/java.lang=ALL-UNNAMED --add-opens=java.base/java.lang.invoke=ALL-UNNAMED --add-opens=java.prefs/java.util.prefs=ALL-UNNAMED --add-opens=java.base/java.nio.charset=ALL-UNNAMED --add-opens=java.base/java.net=ALL-UNNAMED --add-opens=java.base/java.util.concurrent.atomic=ALL-UNNAMED -Xmx2048m -Dfile.encoding=windows-1252 -Duser.country=IN -Duser.language=en -Duser.variant -javaagent:C:\Users\user\.gradle\wrapper\dists\gradle-8.6-all\3mbtmo166bl6vumsh5k2lkq5h\gradle-8.6\lib\agents\gradle-instrumentation-agent-8.6.jar 
java_command: org.gradle.launcher.daemon.bootstrap.GradleDaemon 8.6
java_class_path (initial): C:\Users\user\.gradle\wrapper\dists\gradle-8.6-all\3mbtmo166bl6vumsh5k2lkq5h\gradle-8.6\lib\gradle-launcher-8.6.jar
Launcher Type: SUN_STANDARD

[Global flags]
     intx CICompilerCount                          = 3                                         {product} {ergonomic}
   size_t CompressedClassSpaceSize                 = 436207616                                 {product} {ergonomic}
     uint ConcGCThreads                            = 1                                         {product} {ergonomic}
     uint G1ConcRefinementThreads                  = 4                                         {product} {ergonomic}
   size_t G1HeapRegionSize                         = 1048576                                   {product} {ergonomic}
    uintx GCDrainStackTargetSize                   = 64                                        {product} {ergonomic}
   size_t InitialHeapSize                          = 199229440                                 {product} {ergonomic}
   size_t MarkStackSize                            = 4194304                                   {product} {ergonomic}
   size_t MaxHeapSize                              = 2147483648                                {product} {command line}
   size_t MaxMetaspaceSize                         = 536870912                                 {product} {command line}
   size_t MaxNewSize                               = 1287651328                                {product} {ergonomic}
   size_t MinHeapDeltaBytes                        = 1048576                                   {product} {ergonomic}
   size_t MinHeapSize                              = 8388608                                   {product} {ergonomic}
    uintx NonNMethodCodeHeapSize                   = 5832780                                {pd product} {ergonomic}
    uintx NonProfiledCodeHeapSize                  = 122912730                              {pd product} {ergonomic}
    uintx ProfiledCodeHeapSize                     = 122912730                              {pd product} {ergonomic}
    uintx ReservedCodeCacheSize                    = 251658240                              {pd product} {ergonomic}
     bool SegmentedCodeCache                       = true                                      {product} {ergonomic}
   size_t SoftMaxHeapSize                          = 2147483648                             {manageable} {ergonomic}
     bool UseCompressedClassPointers               = true                           {product lp64_product} {ergonomic}
     bool UseCompressedOops                        = true                           {product lp64_product} {ergonomic}
     bool UseG1GC                                  = true                                      {product} {ergonomic}
     bool UseLargePagesIndividualAllocation        = false                                  {pd product} {ergonomic}

Logging:
Log output configuration:
 #0: stdout all=warning uptime,level,tags
 #1: stderr all=off uptime,level,tags

Environment Variables:
JAVA_HOME=C:\Program Files\Microsoft\jdk-17.0.10.7-hotspot
CLASSPATH=D:\Sample\ABC\android\\gradle\wrapper\gradle-wrapper.jar
PATH=D:\Sample\ABC\node_modules\.bin;D:\Sample\ABC\node_modules\.bin;D:\Sample\node_modules\.bin;D:\node_modules\.bin;C:\Users\user\AppData\Roaming\npm\node_modules\npm\node_modules\@npmcli\run-script\lib\node-gyp-bin;C:\Users\user\AppData\Local\Temp\xfs-11b069c6;C:\Program Files\Microsoft\jdk-17.0.10.7-hotspot\bin;C:\Windows\system32;C:\Windows;C:\Windows\System32\Wbem;C:\Windows\System32\WindowsPowerShell\v1.0\;C:\Windows\System32\OpenSSH\;C:\ProgramData\chocolatey\bin;C:\Program Files\nodejs\;C:\Program Files\TortoiseGit\bin;C:\Program Files\Git\cmd;C:\Users\user\AppData\Local\Android\Sdk;C:\Users\user\AppData\Roaming\npm;C:\Users\user\AppData\Local\Android\Sdk\tools;C:\Users\user\AppData\Local\Android\Sdk\platform-tools;C:\Users\user\AppData\Local\Android\Sdk\emulator;C:\Users\user\AppData\Local\Android\Sdk\cmdline-tools\bin;C:\Users\user\AppData\Local\Android\Sdk\cmdline-tools;C:\Users\user\AppData\Local\Android\Sdk\tools;C:\Program Files\nodejs;C:\Users\user\AppData\Roaming\npm;C:\Users\user\AppData\Local\Android\Sdk;C:\Users\user\AppData\Local\Android\Sdk\platform-tools;C:\Users\user\AppData\Local\Android\Sdk\emulator;C:\Users\user\AppData\Local\Android\Sdk\cmdline-tools;C:\Users\user\AppData\Local\Android\Sdk\cmdline-tools\bin;C:\Users\user\AppData\Local\Programs\Microsoft VS Code\bin
USERNAME=user
LANG=en_US.UTF-8
OS=Windows_NT
PROCESSOR_IDENTIFIER=Intel64 Family 6 Model 158 Stepping 11, GenuineIntel
TMP=C:\Users\user\AppData\Local\Temp
TEMP=C:\Users\user\AppData\Local\Temp



Periodic native trim disabled


---------------  S Y S T E M  ---------------

OS:
 Windows 10 , 64 bit Build 19041 (10.0.19041.3636)
OS uptime: 0 days 22:23 hours
Hyper-V role detected

CPU: total 4 (initial active 4) (4 cores per cpu, 1 threads per core) family 6 model 158 stepping 11 microcode 0xea, cx8, cmov, fxsr, mmx, 3dnowpref, sse, sse2, sse3, ssse3, sse4.1, sse4.2, popcnt, lzcnt, tsc, tscinvbit, avx, avx2, aes, erms, clmul, bmi1, bmi2, adx, fma, vzeroupper, clflush, clflushopt, hv
Processor Information for all 4 processors :
  Max Mhz: 3600, Current Mhz: 3600, Mhz Limit: 3600

Memory: 4k page, system-wide physical 12102M (282M free)
TotalPageFile size 28140M (AvailPageFile size 20M)
current process WorkingSet (physical memory assigned to process): 565M, peak: 565M
current process commit charge ("private bytes"): 603M, peak: 727M

vm_info: OpenJDK 64-Bit Server VM (17.0.10+7-LTS) for windows-amd64 JRE (17.0.10+7-LTS), built on Jan 10 2024 19:47:12 by "MicrosoftCorporation" with MS VC++ 16.10 / 16.11 (VS2019)

END.
